<?xml version="1.0" encoding="UTF-8" ?>
<testsuite errors="1" failures="0" hostname="Bélial" name="aka.jmetadata.test.JMetaDataAudio_Test" skipped="0" tests="1" time="0.0" timestamp="2017-07-07T19:39:43">
  <properties>
[...]
</properties>
  <error message="aka.jmetadata.test.JMetaDataAudio_Test" type="java.lang.ClassNotFoundException">java.lang.ClassNotFoundException: aka.jmetadata.test.JMetaDataAudio_Test
	at java.net.URLClassLoader.findClass(Unknown Source)
	at java.lang.ClassLoader.loadClass(Unknown Source)
	at sun.misc.Launcher$AppClassLoader.loadClass(Unknown Source)
	at java.lang.ClassLoader.loadClass(Unknown Source)
	at java.lang.Class.forName0(Native Method)
	at java.lang.Class.forName(Unknown Source)
</error>
  <system-out><![CDATA[]]></system-out>
  <system-err><![CDATA[]]></system-err>
</testsuite>
