<?xml version="1.0" encoding="UTF-8" ?>
<testsuite errors="0" failures="274" hostname="ABSI-Charlottew" name="aka.jmetadata.test.JMetaDataVideo_Test" skipped="0" tests="2520" time="10.45" timestamp="2017-07-24T05:44:08">
  <properties>
[...]
</properties>
  <testcase classname="aka.jmetadata.test.JMetaDataVideo_Test" name="subTestGetAlternateGroupAsURL" time="0.0" />
  <testcase classname="aka.jmetadata.test.JMetaDataVideo_Test" name="subTestGetActiveFormatDescriptionAsInteger" time="0.001" />
  <testcase classname="aka.jmetadata.test.JMetaDataVideo_Test" name="subTestGetDelaySourceStringAsBoolean" time="0.0" />
  <testcase classname="aka.jmetadata.test.JMetaDataVideo_Test" name="subTestGetDelayDropFrameAsLocalTime" time="0.0" />
  <testcase classname="aka.jmetadata.test.JMetaDataVideo_Test" name="subTestGetFrameRateOriginalAsLocalDateTime" time="0.001" />
  <testcase classname="aka.jmetadata.test.JMetaDataVideo_Test" name="subTestGetBitRateMaximumStringAsBigInteger" time="0.0" />
  <testcase classname="aka.jmetadata.test.JMetaDataVideo_Test" name="subTestGetDelayOriginalAsBoolean" time="0.0" />
  <testcase classname="aka.jmetadata.test.JMetaDataVideo_Test" name="subTestGetLanguageStringAsLong" time="0.0" />
  <testcase classname="aka.jmetadata.test.JMetaDataVideo_Test" name="subTestGettransfercharacteristicsAsBoolean" time="0.0" />
  <testcase classname="aka.jmetadata.test.JMetaDataVideo_Test" name="subTestGetHeightAsString" time="0.0" />
  <testcase classname="aka.jmetadata.test.JMetaDataVideo_Test" name="subTestGetDurationString2AsInteger" time="0.001" />
  <testcase classname="aka.jmetadata.test.JMetaDataVideo_Test" name="subTestGetDisplayAspectRatioOriginalStringAsLocalTime" time="0.0" />
  <testcase classname="aka.jmetadata.test.JMetaDataVideo_Test" name="subTestGetDisplayAspectRatioAsURL" time="0.0" />
  <testcase classname="aka.jmetadata.test.JMetaDataVideo_Test" name="subTestGetDurationLastFrameString3AsBoolean" time="0.0" />
  <testcase classname="aka.jmetadata.test.JMetaDataVideo_Test" name="subTestGetSourceDurationFirstFrameString1AsString" time="0.0" />
  <testcase classname="aka.jmetadata.test.JMetaDataVideo_Test" name="subTestGetEncodedLibraryNameAsBoolean" time="0.0" />
  <testcase classname="aka.jmetadata.test.JMetaDataVideo_Test" name="subTestGetFormatVersionAsLocalTime" time="0.001" />
  <testcase classname="aka.jmetadata.test.JMetaDataVideo_Test" name="subTestGetFormatSettingsWrappingAsInteger" time="0.0" />
  <testcase classname="aka.jmetadata.test.JMetaDataVideo_Test" name="subTestGetHeightAsInteger" time="0.0" />
  <testcase classname="aka.jmetadata.test.JMetaDataVideo_Test" name="subTestGetMenuIDAsInteger" time="0.001" />
  <testcase classname="aka.jmetadata.test.JMetaDataVideo_Test" name="subTestGetAlternateGroupAsLong" time="0.0" />
  <testcase classname="aka.jmetadata.test.JMetaDataVideo_Test" name="subTestGetTaggedDateAsInteger" time="0.0" />
  <testcase classname="aka.jmetadata.test.JMetaDataVideo_Test" name="subTestGetSourceStreamSizeString3AsString" time="0.0" />
  <testcase classname="aka.jmetadata.test.JMetaDataVideo_Test" name="subTestGetFormatCommercialIfAnyAsURL" time="0.0" />
  <testcase classname="aka.jmetadata.test.JMetaDataVideo_Test" name="subTestGetEncodedApplicationAsLocalDateTime" time="0.0" />
  <testcase classname="aka.jmetadata.test.JMetaDataVideo_Test" name="subTestGetScanOrderStoredDisplayedInvertedAsLong" time="0.0" />
  <testcase classname="aka.jmetadata.test.JMetaDataVideo_Test" name="subTestGetmatrixcoefficientsAsURL" time="0.0" />
  <testcase classname="aka.jmetadata.test.JMetaDataVideo_Test" name="subTestGetStreamKindStringAsBigInteger" time="0.0" />
  <testcase classname="aka.jmetadata.test.JMetaDataVideo_Test" name="subTestGetFrameCountAsBigInteger" time="0.0" />
  <testcase classname="aka.jmetadata.test.JMetaDataVideo_Test" name="subTestGetScanTypeStoreMethodStringAsBigInteger" time="0.001" />
  <testcase classname="aka.jmetadata.test.JMetaDataVideo_Test" name="subTestGetStreamSizeProportionAsLocalDateTime" time="0.0" />
  <testcase classname="aka.jmetadata.test.JMetaDataVideo_Test" name="subTestGetBitRateNominalAsBoolean" time="0.0" />
  <testcase classname="aka.jmetadata.test.JMetaDataVideo_Test" name="subTestGetDisabledAsInteger" time="0.0" />
  <testcase classname="aka.jmetadata.test.JMetaDataVideo_Test" name="subTestGetStreamSizeString5AsLocalDateTime" time="0.0" />
  <testcase classname="aka.jmetadata.test.JMetaDataVideo_Test" name="subTestGetFormatLevelAsBigInteger" time="0.0" />
  <testcase classname="aka.jmetadata.test.JMetaDataVideo_Test" name="subTestGetEncodedApplicationCompanyNameAsLong" time="0.0" />
  <testcase classname="aka.jmetadata.test.JMetaDataVideo_Test" name="subTestGetTimeStampFirstFrameString2AsString" time="0.0" />
  <testcase classname="aka.jmetadata.test.JMetaDataVideo_Test" name="subTestGetSourceDurationLastFrameString1AsBigInteger" time="0.0" />
  <testcase classname="aka.jmetadata.test.JMetaDataVideo_Test" name="subTestGetScanOrderStoredStringAsLocalTime" time="0.0" />
  <testcase classname="aka.jmetadata.test.JMetaDataVideo_Test" name="subTestGetWidthOffsetAsURL" time="0.0" />
  <testcase classname="aka.jmetadata.test.JMetaDataVideo_Test" name="subTestGetSourceStreamSizeString2AsBigInteger" time="0.0" />
  <testcase classname="aka.jmetadata.test.JMetaDataVideo_Test" name="subTestGetStreamSizeProportionAsInteger" time="0.0" />
  <testcase classname="aka.jmetadata.test.JMetaDataVideo_Test" name="subTestGetFormatSettingsBVOPStringAsInteger" time="0.0" />
  <testcase classname="aka.jmetadata.test.JMetaDataVideo_Test" name="subTestGetScanTypeStoreMethodAsLocalDateTime" time="0.0" />
  <testcase classname="aka.jmetadata.test.JMetaDataVideo_Test" name="subTestGetSourceDurationString4AsBigInteger" time="0.0" />
  <testcase classname="aka.jmetadata.test.JMetaDataVideo_Test" name="subTestGetGopOpenClosedFirstFrameStringAsURL" time="0.0" />
  <testcase classname="aka.jmetadata.test.JMetaDataVideo_Test" name="subTestGetHeightOffsetAsString" time="0.0" />
  <testcase classname="aka.jmetadata.test.JMetaDataVideo_Test" name="subTestGetBitsPixelFrameAsLocalTime" time="0.0" />
  <testcase classname="aka.jmetadata.test.JMetaDataVideo_Test" name="subTestGetDelayOriginalDropFrameAsLocalTime" time="0.0" />
  <testcase classname="aka.jmetadata.test.JMetaDataVideo_Test" name="subTestGetFrameRateOriginalAsBigInteger" time="0.0" />
  <testcase classname="aka.jmetadata.test.JMetaDataVideo_Test" name="subTestGetFormatSettingsGOPAsLocalTime" time="0.0" />
  <testcase classname="aka.jmetadata.test.JMetaDataVideo_Test" name="subTestGetCodecIDUrlAsInteger" time="0.001" />
  <testcase classname="aka.jmetadata.test.JMetaDataVideo_Test" name="subTestGetBitRateNominalAsLocalDateTime" time="0.0" />
  <testcase classname="aka.jmetadata.test.JMetaDataVideo_Test" name="subTestGetBitRateMaximumAsURL" time="0.0" />
  <testcase classname="aka.jmetadata.test.JMetaDataVideo_Test" name="subTestGetSourceStreamSizeEncodedProportionAsString" time="0.0" />
  <testcase classname="aka.jmetadata.test.JMetaDataVideo_Test" name="subTestGetStreamSizeEncodedString3AsLocalTime" time="0.0" />
  <testcase classname="aka.jmetadata.test.JMetaDataVideo_Test" name="subTestGetEncryptionAsURL" time="0.0" />
  <testcase classname="aka.jmetadata.test.JMetaDataVideo_Test" name="subTestGetScanOrderStringAsBigInteger" time="0.0" />
  <testcase classname="aka.jmetadata.test.JMetaDataVideo_Test" name="subTestGetSourceStreamSizeEncodedString4AsString" time="0.0" />
  <testcase classname="aka.jmetadata.test.JMetaDataVideo_Test" name="subTestGetStreamSizeEncodedString5AsBoolean" time="0.0" />
  <testcase classname="aka.jmetadata.test.JMetaDataVideo_Test" name="subTestGetActiveFormatDescriptionMuxingModeAsString" time="0.0" />
  <testcase classname="aka.jmetadata.test.JMetaDataVideo_Test" name="subTestGetDelayOriginalSourceAsBoolean" time="0.0" />
  <testcase classname="aka.jmetadata.test.JMetaDataVideo_Test" name="subTestGetDurationStringAsLocalDateTime" time="0.0" />
  <testcase classname="aka.jmetadata.test.JMetaDataVideo_Test" name="subTestGetDurationString4AsString" time="0.0">
    <failure message="expected:&lt;00:14:58[.]04&gt; but was:&lt;00:14:58[:]04&gt;" type="junit.framework.AssertionFailedError">junit.framework.AssertionFailedError: expected:&lt;00:14:58[.]04&gt; but was:&lt;00:14:58[:]04&gt;
	at aka.jmetadata.test.JMetaDataVideo_Test.subTestGetDurationString4AsString(JMetaDataVideo_Test.java:5102)
</failure>
  </testcase>
  <testcase classname="aka.jmetadata.test.JMetaDataVideo_Test" name="subTestGetTimeStampFirstFrameString1AsLocalDateTime" time="0.0" />
  <testcase classname="aka.jmetadata.test.JMetaDataVideo_Test" name="subTestGetAlternateGroupAsInteger" time="0.0" />
  <testcase classname="aka.jmetadata.test.JMetaDataVideo_Test" name="subTestGetSampledWidthAsLocalTime" time="0.0" />
  <testcase classname="aka.jmetadata.test.JMetaDataVideo_Test" name="subTestGetSourceDurationLastFrameString5AsLong" time="0.0" />
  <testcase classname="aka.jmetadata.test.JMetaDataVideo_Test" name="subTestGetInternetMediaTypeAsBigInteger" time="0.0" />
  <testcase classname="aka.jmetadata.test.JMetaDataVideo_Test" name="subTestGetSourceStreamSizeEncodedAsBigInteger" time="0.0" />
  <testcase classname="aka.jmetadata.test.JMetaDataVideo_Test" name="subTestGetStreamOrderAsLong" time="0.0" />
  <testcase classname="aka.jmetadata.test.JMetaDataVideo_Test" name="subTestGetFrameRateModeOriginalStringAsLong" time="0.0" />
  <testcase classname="aka.jmetadata.test.JMetaDataVideo_Test" name="subTestGetStreamSizeEncodedStringAsBigInteger" time="0.0" />
  <testcase classname="aka.jmetadata.test.JMetaDataVideo_Test" name="subTestGetFormatCommercialAsLocalDateTime" time="0.0" />
  <testcase classname="aka.jmetadata.test.JMetaDataVideo_Test" name="subTestGetGopOpenClosedFirstFrameStringAsBoolean" time="0.001" />
  <testcase classname="aka.jmetadata.test.JMetaDataVideo_Test" name="subTestGetBitRateAsString" time="0.0">
    <failure message="expected:&lt;null&gt; but was:&lt;&gt;" type="junit.framework.AssertionFailedError">junit.framework.AssertionFailedError: expected:&lt;null&gt; but was:&lt;&gt;
	at aka.jmetadata.test.JMetaDataVideo_Test.subTestGetBitRateAsString(JMetaDataVideo_Test.java:686)
</failure>
  </testcase>
  <testcase classname="aka.jmetadata.test.JMetaDataVideo_Test" name="subTestGetSourceDurationFirstFrameString3AsInteger" time="0.0" />
  <testcase classname="aka.jmetadata.test.JMetaDataVideo_Test" name="subTestGetEncodedLibraryVersionAsLocalTime" time="0.0" />
  <testcase classname="aka.jmetadata.test.JMetaDataVideo_Test" name="subTestGetMultiViewLayoutAsLong" time="0.0" />
  <testcase classname="aka.jmetadata.test.JMetaDataVideo_Test" name="subTestGetStreamSizeDemuxedAsInteger" time="0.0" />
  <testcase classname="aka.jmetadata.test.JMetaDataVideo_Test" name="subTestGetOriginalSourceMediumIDAsLocalDateTime" time="0.0" />
  <testcase classname="aka.jmetadata.test.JMetaDataVideo_Test" name="subTestGetFrameRateModeOriginalAsLocalDateTime" time="0.0" />
  <testcase classname="aka.jmetadata.test.JMetaDataVideo_Test" name="subTestGetInternetMediaTypeAsInteger" time="0.001">
    <failure message="expected:&lt;null&gt; but was:&lt;264&gt;" type="junit.framework.AssertionFailedError">junit.framework.AssertionFailedError: expected:&lt;null&gt; but was:&lt;264&gt;
	at aka.jmetadata.test.JMetaDataVideo_Test.subTestGetInternetMediaTypeAsInteger(JMetaDataVideo_Test.java:11347)
</failure>
  </testcase>
  <testcase classname="aka.jmetadata.test.JMetaDataVideo_Test" name="subTestGetScanTypeOriginalStringAsLocalTime" time="0.001" />
  <testcase classname="aka.jmetadata.test.JMetaDataVideo_Test" name="subTestGetDefaultStringAsLong" time="0.0" />
  <testcase classname="aka.jmetadata.test.JMetaDataVideo_Test" name="subTestGetFormatSettingsGMCStringAsLocalDateTime" time="0.0" />
  <testcase classname="aka.jmetadata.test.JMetaDataVideo_Test" name="subTestGetDisabledAsLong" time="0.0" />
  <testcase classname="aka.jmetadata.test.JMetaDataVideo_Test" name="subTestGetcolourdescriptionpresentAsLocalDateTime" time="0.0" />
  <testcase classname="aka.jmetadata.test.JMetaDataVideo_Test" name="subTestGetSampledHeightAsLocalDateTime" time="0.001" />
  <testcase classname="aka.jmetadata.test.JMetaDataVideo_Test" name="subTestGetPixelAspectRatioOriginalAsLong" time="0.0" />
  <testcase classname="aka.jmetadata.test.JMetaDataVideo_Test" name="subTestGetFrameRateNumAsLong" time="0.001" />
  <testcase classname="aka.jmetadata.test.JMetaDataVideo_Test" name="subTestGetStreamSizeDemuxedString2AsBigInteger" time="0.0" />
  <testcase classname="aka.jmetadata.test.JMetaDataVideo_Test" name="subTestGettransfercharacteristicsOriginalAsInteger" time="0.0" />
  <testcase classname="aka.jmetadata.test.JMetaDataVideo_Test" name="subTestGetScanOrderOriginalAsBoolean" time="0.001" />
  <testcase classname="aka.jmetadata.test.JMetaDataVideo_Test" name="subTestGetCountAsInteger" time="0.0">
    <failure message="expected:&lt;null&gt; but was:&lt;338&gt;" type="junit.framework.AssertionFailedError">junit.framework.AssertionFailedError: expected:&lt;null&gt; but was:&lt;338&gt;
	at aka.jmetadata.test.JMetaDataVideo_Test.subTestGetCountAsInteger(JMetaDataVideo_Test.java:2702)
</failure>
  </testcase>
  <testcase classname="aka.jmetadata.test.JMetaDataVideo_Test" name="subTestGetStreamKindStringAsBoolean" time="0.0" />
  <testcase classname="aka.jmetadata.test.JMetaDataVideo_Test" name="subTestGetGopOpenClosedStringAsLong" time="0.0" />
  <testcase classname="aka.jmetadata.test.JMetaDataVideo_Test" name="subTestGetTimeStampFirstFrameString1AsBoolean" time="0.001" />
  <testcase classname="aka.jmetadata.test.JMetaDataVideo_Test" name="subTestGetScanOrderStoredAsBoolean" time="0.0" />
  <testcase classname="aka.jmetadata.test.JMetaDataVideo_Test" name="subTestGetStreamKindIDAsURL" time="0.0" />
  <testcase classname="aka.jmetadata.test.JMetaDataVideo_Test" name="subTestGetStreamSizeDemuxedString4AsBoolean" time="0.0" />
  <testcase classname="aka.jmetadata.test.JMetaDataVideo_Test" name="subTestGetEncodedOperatingSystemAsLocalDateTime" time="0.0" />
  <testcase classname="aka.jmetadata.test.JMetaDataVideo_Test" name="subTestGetDelayOriginalSettingsAsLocalTime" time="0.0" />
  <testcase classname="aka.jmetadata.test.JMetaDataVideo_Test" name="subTestGetWidthOffsetStringAsLocalTime" time="0.0" />
  <testcase classname="aka.jmetadata.test.JMetaDataVideo_Test" name="subTestGetFrameRateMinimumStringAsBigInteger" time="0.001" />
  <testcase classname="aka.jmetadata.test.JMetaDataVideo_Test" name="subTestGetScanOrderAsString" time="0.0">
    <failure message="expected:&lt;null&gt; but was:&lt;&gt;" type="junit.framework.AssertionFailedError">junit.framework.AssertionFailedError: expected:&lt;null&gt; but was:&lt;&gt;
	at aka.jmetadata.test.JMetaDataVideo_Test.subTestGetScanOrderAsString(JMetaDataVideo_Test.java:13171)
</failure>
  </testcase>
  <testcase classname="aka.jmetadata.test.JMetaDataVideo_Test" name="subTestGetFrameRateNominalAsBigInteger" time="0.0" />
  <testcase classname="aka.jmetadata.test.JMetaDataVideo_Test" name="subTestGetSourceStreamSizeString4AsLocalDateTime" time="0.0" />
  <testcase classname="aka.jmetadata.test.JMetaDataVideo_Test" name="subTestGetFormatSettingsBVOPAsString" time="0.0">
    <failure message="expected:&lt;null&gt; but was:&lt;&gt;" type="junit.framework.AssertionFailedError">junit.framework.AssertionFailedError: expected:&lt;null&gt; but was:&lt;&gt;
	at aka.jmetadata.test.JMetaDataVideo_Test.subTestGetFormatSettingsBVOPAsString(JMetaDataVideo_Test.java:7923)
</failure>
  </testcase>
  <testcase classname="aka.jmetadata.test.JMetaDataVideo_Test" name="subTestGetBitRateMaximumStringAsLocalDateTime" time="0.0" />
  <testcase classname="aka.jmetadata.test.JMetaDataVideo_Test" name="subTestGetDurationString1AsInteger" time="0.0">
    <failure message="expected:&lt;null&gt; but was:&lt;1458167&gt;" type="junit.framework.AssertionFailedError">junit.framework.AssertionFailedError: expected:&lt;null&gt; but was:&lt;1458167&gt;
	at aka.jmetadata.test.JMetaDataVideo_Test.subTestGetDurationString1AsInteger(JMetaDataVideo_Test.java:4878)
</failure>
  </testcase>
  <testcase classname="aka.jmetadata.test.JMetaDataVideo_Test" name="subTestGetFirstPacketOrderAsInteger" time="0.0" />
  <testcase classname="aka.jmetadata.test.JMetaDataVideo_Test" name="subTestGetDurationLastFrameString3AsString" time="0.001">
    <failure message="expected:&lt;null&gt; but was:&lt;&gt;" type="junit.framework.AssertionFailedError">junit.framework.AssertionFailedError: expected:&lt;null&gt; but was:&lt;&gt;
	at aka.jmetadata.test.JMetaDataVideo_Test.subTestGetDurationLastFrameString3AsString(JMetaDataVideo_Test.java:5934)
</failure>
  </testcase>
  <testcase classname="aka.jmetadata.test.JMetaDataVideo_Test" name="subTestGetSourceStreamSizeEncodedAsLong" time="0.001" />
  <testcase classname="aka.jmetadata.test.JMetaDataVideo_Test" name="subTestGetDelayOriginalAsLong" time="0.0" />
  <testcase classname="aka.jmetadata.test.JMetaDataVideo_Test" name="subTestGetFormatSettingsCABACStringAsInteger" time="0.0" />
  <testcase classname="aka.jmetadata.test.JMetaDataVideo_Test" name="subTestGetColorSpaceAsBigInteger" time="0.0" />
  <testcase classname="aka.jmetadata.test.JMetaDataVideo_Test" name="subTestGetSampledWidthAsBoolean" time="0.0" />
  <testcase classname="aka.jmetadata.test.JMetaDataVideo_Test" name="subTestGetDurationLastFrameString2AsBoolean" time="0.001" />
  <testcase classname="aka.jmetadata.test.JMetaDataVideo_Test" name="subTestGetDelayAsString" time="0.001">
    <failure message="expected:&lt;null&gt; but was:&lt;0&gt;" type="junit.framework.AssertionFailedError">junit.framework.AssertionFailedError: expected:&lt;null&gt; but was:&lt;0&gt;
	at aka.jmetadata.test.JMetaDataVideo_Test.subTestGetDelayAsString(JMetaDataVideo_Test.java:2926)
</failure>
  </testcase>
  <testcase classname="aka.jmetadata.test.JMetaDataVideo_Test" name="subTestGetDisplayAspectRatioCleanApertureAsString" time="0.001">
    <failure message="expected:&lt;null&gt; but was:&lt;&gt;" type="junit.framework.AssertionFailedError">junit.framework.AssertionFailedError: expected:&lt;null&gt; but was:&lt;&gt;
	at aka.jmetadata.test.JMetaDataVideo_Test.subTestGetDisplayAspectRatioCleanApertureAsString(JMetaDataVideo_Test.java:4526)
</failure>
  </testcase>
  <testcase classname="aka.jmetadata.test.JMetaDataVideo_Test" name="subTestGetTimeStampFirstFrameStringAsBoolean" time="0.0" />
  <testcase classname="aka.jmetadata.test.JMetaDataVideo_Test" name="subTestGetDurationFirstFrameString5AsString" time="0.0">
    <failure message="expected:&lt;null&gt; but was:&lt;&gt;" type="junit.framework.AssertionFailedError">junit.framework.AssertionFailedError: expected:&lt;null&gt; but was:&lt;&gt;
	at aka.jmetadata.test.JMetaDataVideo_Test.subTestGetDurationFirstFrameString5AsString(JMetaDataVideo_Test.java:5614)
</failure>
  </testcase>
  <testcase classname="aka.jmetadata.test.JMetaDataVideo_Test" name="subTestGetEncodedLibraryStringAsString" time="0.0">
    <failure message="expected:&lt;null&gt; but was:&lt;&gt;" type="junit.framework.AssertionFailedError">junit.framework.AssertionFailedError: expected:&lt;null&gt; but was:&lt;&gt;
	at aka.jmetadata.test.JMetaDataVideo_Test.subTestGetEncodedLibraryStringAsString(JMetaDataVideo_Test.java:6638)
</failure>
  </testcase>
  <testcase classname="aka.jmetadata.test.JMetaDataVideo_Test" name="subTestGetDelaySettingsAsBigInteger" time="0.0" />
  <testcase classname="aka.jmetadata.test.JMetaDataVideo_Test" name="subTestGetUniqueIDAsInteger" time="0.001" />
  <testcase classname="aka.jmetadata.test.JMetaDataVideo_Test" name="subTestGetWidthStringAsLocalDateTime" time="0.0" />
  <testcase classname="aka.jmetadata.test.JMetaDataVideo_Test" name="subTestGetStreamSizeEncodedString1AsLong" time="0.0" />
  <testcase classname="aka.jmetadata.test.JMetaDataVideo_Test" name="subTestGetFrameRateAsLocalDateTime" time="0.0" />
  <testcase classname="aka.jmetadata.test.JMetaDataVideo_Test" name="subTestGetStreamSizeDemuxedStringAsLong" time="0.0" />
  <testcase classname="aka.jmetadata.test.JMetaDataVideo_Test" name="subTestGetCodecIDHintAsString" time="0.0">
    <failure message="expected:&lt;null&gt; but was:&lt;&gt;" type="junit.framework.AssertionFailedError">junit.framework.AssertionFailedError: expected:&lt;null&gt; but was:&lt;&gt;
	at aka.jmetadata.test.JMetaDataVideo_Test.subTestGetCodecIDHintAsString(JMetaDataVideo_Test.java:1838)
</failure>
  </testcase>
  <testcase classname="aka.jmetadata.test.JMetaDataVideo_Test" name="subTestGetAlignmentStringAsLocalTime" time="0.0" />
  <testcase classname="aka.jmetadata.test.JMetaDataVideo_Test" name="subTestGetFormatSettingsPulldownAsLocalDateTime" time="0.0" />
  <testcase classname="aka.jmetadata.test.JMetaDataVideo_Test" name="subTestGetStreamSizeEncodedString4AsLocalTime" time="0.001" />
  <testcase classname="aka.jmetadata.test.JMetaDataVideo_Test" name="subTestGetFormatSettingsGOPAsURL" time="0.0" />
  <testcase classname="aka.jmetadata.test.JMetaDataVideo_Test" name="subTestGetHeightStringAsLocalTime" time="0.0" />
  <testcase classname="aka.jmetadata.test.JMetaDataVideo_Test" name="subTestGetFormatLevelAsURL" time="0.0" />
  <testcase classname="aka.jmetadata.test.JMetaDataVideo_Test" name="subTestGetAlignmentStringAsLocalDateTime" time="0.0" />
  <testcase classname="aka.jmetadata.test.JMetaDataVideo_Test" name="subTestGetDurationLastFrameString4AsBigInteger" time="0.0" />
  <testcase classname="aka.jmetadata.test.JMetaDataVideo_Test" name="subTestGetDurationLastFrameString2AsLocalDateTime" time="0.0" />
  <testcase classname="aka.jmetadata.test.JMetaDataVideo_Test" name="subTestGetBitRateNominalAsLong" time="0.0" />
  <testcase classname="aka.jmetadata.test.JMetaDataVideo_Test" name="subTestGetDelayString5AsLocalDateTime" time="0.0" />
  <testcase classname="aka.jmetadata.test.JMetaDataVideo_Test" name="subTestGetServiceKindStringAsString" time="0.001">
    <failure message="expected:&lt;null&gt; but was:&lt;&gt;" type="junit.framework.AssertionFailedError">junit.framework.AssertionFailedError: expected:&lt;null&gt; but was:&lt;&gt;
	at aka.jmetadata.test.JMetaDataVideo_Test.subTestGetServiceKindStringAsString(JMetaDataVideo_Test.java:14131)
</failure>
  </testcase>
  <testcase classname="aka.jmetadata.test.JMetaDataVideo_Test" name="subTestGetDelayString4AsString" time="0.001">
    <failure message="expected:&lt;null&gt; but was:&lt;&gt;" type="junit.framework.AssertionFailedError">junit.framework.AssertionFailedError: expected:&lt;null&gt; but was:&lt;&gt;
	at aka.jmetadata.test.JMetaDataVideo_Test.subTestGetDelayString4AsString(JMetaDataVideo_Test.java:3246)
</failure>
  </testcase>
  <testcase classname="aka.jmetadata.test.JMetaDataVideo_Test" name="subTestGetTaggedDateAsURL" time="0.0" />
  <testcase classname="aka.jmetadata.test.JMetaDataVideo_Test" name="subTestGetSourceDurationLastFrameStringAsString" time="0.002">
    <failure message="expected:&lt;null&gt; but was:&lt;&gt;" type="junit.framework.AssertionFailedError">junit.framework.AssertionFailedError: expected:&lt;null&gt; but was:&lt;&gt;
	at aka.jmetadata.test.JMetaDataVideo_Test.subTestGetSourceDurationLastFrameStringAsString(JMetaDataVideo_Test.java:15155)
</failure>
  </testcase>
  <testcase classname="aka.jmetadata.test.JMetaDataVideo_Test" name="subTestGetSourceStreamSizeStringAsLong" time="0.001" />
  <testcase classname="aka.jmetadata.test.JMetaDataVideo_Test" name="subTestGetStreamSizeString4AsLong" time="0.0" />
  <testcase classname="aka.jmetadata.test.JMetaDataVideo_Test" name="subTestGetFrameRateModeStringAsInteger" time="0.0" />
  <testcase classname="aka.jmetadata.test.JMetaDataVideo_Test" name="subTestGetFrameRateModeOriginalAsBoolean" time="0.0" />
  <testcase classname="aka.jmetadata.test.JMetaDataVideo_Test" name="subTestGetSourceDurationLastFrameString2AsLocalDateTime" time="0.0" />
  <testcase classname="aka.jmetadata.test.JMetaDataVideo_Test" name="subTestGetSourceDurationFirstFrameStringAsInteger" time="0.0" />
  <testcase classname="aka.jmetadata.test.JMetaDataVideo_Test" name="subTestGetBitRateAsInteger" time="0.0" />
  <testcase classname="aka.jmetadata.test.JMetaDataVideo_Test" name="subTestGetSourceStreamSizeAsInteger" time="0.001" />
  <testcase classname="aka.jmetadata.test.JMetaDataVideo_Test" name="subTestGetMenuIDStringAsInteger" time="0.0" />
  <testcase classname="aka.jmetadata.test.JMetaDataVideo_Test" name="subTestGetDefaultStringAsURL" time="0.0" />
  <testcase classname="aka.jmetadata.test.JMetaDataVideo_Test" name="subTestGetStreamSizeEncodedAsInteger" time="0.0" />
  <testcase classname="aka.jmetadata.test.JMetaDataVideo_Test" name="subTestGetSourceStreamSizeEncodedAsURL" time="0.0" />
  <testcase classname="aka.jmetadata.test.JMetaDataVideo_Test" name="subTestGetcolourprimariesAsBoolean" time="0.0" />
  <testcase classname="aka.jmetadata.test.JMetaDataVideo_Test" name="subTestGetWidthCleanApertureStringAsLocalDateTime" time="0.0" />
  <testcase classname="aka.jmetadata.test.JMetaDataVideo_Test" name="subTestGetDelayOriginalString1AsString" time="0.0">
    <failure message="expected:&lt;null&gt; but was:&lt;&gt;" type="junit.framework.AssertionFailedError">junit.framework.AssertionFailedError: expected:&lt;null&gt; but was:&lt;&gt;
	at aka.jmetadata.test.JMetaDataVideo_Test.subTestGetDelayOriginalString1AsString(JMetaDataVideo_Test.java:3566)
</failure>
  </testcase>
  <testcase classname="aka.jmetadata.test.JMetaDataVideo_Test" name="subTestGetWidthAsLocalTime" time="0.001" />
  <testcase classname="aka.jmetadata.test.JMetaDataVideo_Test" name="subTestGetFormatSettingsQPelStringAsInteger" time="0.0" />
  <testcase classname="aka.jmetadata.test.JMetaDataVideo_Test" name="subTestGetFrameRateMaximumStringAsBigInteger" time="0.0" />
  <testcase classname="aka.jmetadata.test.JMetaDataVideo_Test" name="subTestGetCountAsLong" time="0.001">
    <failure message="expected:&lt;null&gt; but was:&lt;338&gt;" type="junit.framework.AssertionFailedError">junit.framework.AssertionFailedError: expected:&lt;null&gt; but was:&lt;338&gt;
	at aka.jmetadata.test.JMetaDataVideo_Test.subTestGetCountAsLong(JMetaDataVideo_Test.java:2710)
</failure>
  </testcase>
  <testcase classname="aka.jmetadata.test.JMetaDataVideo_Test" name="subTestGetDelayOriginalString1AsURL" time="0.0" />
  <testcase classname="aka.jmetadata.test.JMetaDataVideo_Test" name="subTestGetPixelAspectRatioStringAsLocalTime" time="0.0" />
  <testcase classname="aka.jmetadata.test.JMetaDataVideo_Test" name="subTestGetServiceKindAsURL" time="0.0" />
  <testcase classname="aka.jmetadata.test.JMetaDataVideo_Test" name="subTestGetIDStringAsLocalTime" time="0.0" />
  <testcase classname="aka.jmetadata.test.JMetaDataVideo_Test" name="subTestGetHeightOriginalStringAsInteger" time="0.0" />
  <testcase classname="aka.jmetadata.test.JMetaDataVideo_Test" name="subTestGetFormatSettingsGMCStringAsURL" time="0.001" />
  <testcase classname="aka.jmetadata.test.JMetaDataVideo_Test" name="subTestGetSourceStreamSizeProportionAsLong" time="0.0" />
  <testcase classname="aka.jmetadata.test.JMetaDataVideo_Test" name="subTestGetDelaySourceStringAsLong" time="0.0" />
  <testcase classname="aka.jmetadata.test.JMetaDataVideo_Test" name="subTestGetFormatInfoAsLocalDateTime" time="0.0" />
  <testcase classname="aka.jmetadata.test.JMetaDataVideo_Test" name="subTestGetLanguageAsBoolean" time="0.0" />
  <testcase classname="aka.jmetadata.test.JMetaDataVideo_Test" name="subTestGetHeightStringAsURL" time="0.0" />
  <testcase classname="aka.jmetadata.test.JMetaDataVideo_Test" name="subTestGetFormatAsURL" time="0.0" />
  <testcase classname="aka.jmetadata.test.JMetaDataVideo_Test" name="subTestGetHeightOriginalAsLong" time="0.0" />
  <testcase classname="aka.jmetadata.test.JMetaDataVideo_Test" name="subTestGetDurationLastFrameAsString" time="0.0">
    <failure message="expected:&lt;null&gt; but was:&lt;&gt;" type="junit.framework.AssertionFailedError">junit.framework.AssertionFailedError: expected:&lt;null&gt; but was:&lt;&gt;
	at aka.jmetadata.test.JMetaDataVideo_Test.subTestGetDurationLastFrameAsString(JMetaDataVideo_Test.java:5678)
</failure>
  </testcase>
  <testcase classname="aka.jmetadata.test.JMetaDataVideo_Test" name="subTestGetEncryptionAsLocalDateTime" time="0.0" />
  <testcase classname="aka.jmetadata.test.JMetaDataVideo_Test" name="subTestGetStreamKindStringAsLocalTime" time="0.0" />
  <testcase classname="aka.jmetadata.test.JMetaDataVideo_Test" name="subTestGetDurationFirstFrameAsLocalDateTime" time="0.0" />
  <testcase classname="aka.jmetadata.test.JMetaDataVideo_Test" name="subTestGetStreamSizeEncodedString4AsBoolean" time="0.0" />
  <testcase classname="aka.jmetadata.test.JMetaDataVideo_Test" name="subTestGetAlignmentStringAsLong" time="0.0" />
  <testcase classname="aka.jmetadata.test.JMetaDataVideo_Test" name="subTestGetDelayOriginalString2AsURL" time="0.001" />
  <testcase classname="aka.jmetadata.test.JMetaDataVideo_Test" name="subTestGetSourceDurationFirstFrameAsString" time="0.0">
    <failure message="expected:&lt;null&gt; but was:&lt;&gt;" type="junit.framework.AssertionFailedError">junit.framework.AssertionFailedError: expected:&lt;null&gt; but was:&lt;&gt;
	at aka.jmetadata.test.JMetaDataVideo_Test.subTestGetSourceDurationFirstFrameAsString(JMetaDataVideo_Test.java:14643)
</failure>
  </testcase>
  <testcase classname="aka.jmetadata.test.JMetaDataVideo_Test" name="subTestGetFrameRateNominalAsLocalTime" time="0.0" />
  <testcase classname="aka.jmetadata.test.JMetaDataVideo_Test" name="subTestGetGopOpenClosedFirstFrameAsBigInteger" time="0.001" />
  <testcase classname="aka.jmetadata.test.JMetaDataVideo_Test" name="subTestGetStreamOrderAsString" time="0.0">
    <failure message="expected:&lt;null&gt; but was:&lt;0&gt;" type="junit.framework.AssertionFailedError">junit.framework.AssertionFailedError: expected:&lt;null&gt; but was:&lt;0&gt;
	at aka.jmetadata.test.JMetaDataVideo_Test.subTestGetStreamOrderAsString(JMetaDataVideo_Test.java:17203)
</failure>
  </testcase>
  <testcase classname="aka.jmetadata.test.JMetaDataVideo_Test" name="subTestGetPixelAspectRatioStringAsInteger" time="0.0" />
  <testcase classname="aka.jmetadata.test.JMetaDataVideo_Test" name="subTestGetHeightOffsetStringAsInteger" time="0.0" />
  <testcase classname="aka.jmetadata.test.JMetaDataVideo_Test" name="subTestGetBitRateEncodedAsString" time="0.001">
    <failure message="expected:&lt;null&gt; but was:&lt;&gt;" type="junit.framework.AssertionFailedError">junit.framework.AssertionFailedError: expected:&lt;null&gt; but was:&lt;&gt;
	at aka.jmetadata.test.JMetaDataVideo_Test.subTestGetBitRateEncodedAsString(JMetaDataVideo_Test.java:814)
</failure>
  </testcase>
  <testcase classname="aka.jmetadata.test.JMetaDataVideo_Test" name="subTestGetDelayOriginalSettingsAsBigInteger" time="0.0" />
  <testcase classname="aka.jmetadata.test.JMetaDataVideo_Test" name="subTestGetHeightOffsetAsLocalTime" time="0.0" />
  <testcase classname="aka.jmetadata.test.JMetaDataVideo_Test" name="subTestGetStreamSizeDemuxedAsLong" time="0.0" />
  <testcase classname="aka.jmetadata.test.JMetaDataVideo_Test" name="subTestGetFormatSettingsPulldownAsURL" time="0.0" />
  <testcase classname="aka.jmetadata.test.JMetaDataVideo_Test" name="subTestGetActiveFormatDescriptionMuxingModeAsBigInteger" time="0.0" />
  <testcase classname="aka.jmetadata.test.JMetaDataVideo_Test" name="subTestGetFrameRateMinimumAsLocalTime" time="0.0" />
  <testcase classname="aka.jmetadata.test.JMetaDataVideo_Test" name="subTestGetDisplayAspectRatioOriginalAsBigInteger" time="0.0" />
  <testcase classname="aka.jmetadata.test.JMetaDataVideo_Test" name="subTestGetHeightOffsetStringAsBigInteger" time="0.001" />
  <testcase classname="aka.jmetadata.test.JMetaDataVideo_Test" name="subTestGetDelayOriginalString3AsURL" time="0.0" />
  <testcase classname="aka.jmetadata.test.JMetaDataVideo_Test" name="subTestGetSourceDurationFirstFrameString2AsInteger" time="0.001" />
  <testcase classname="aka.jmetadata.test.JMetaDataVideo_Test" name="subTestGetDurationString5AsLong" time="0.0">
    <failure message="expected:&lt;null&gt; but was:&lt;145816700145804&gt;" type="junit.framework.AssertionFailedError">junit.framework.AssertionFailedError: expected:&lt;null&gt; but was:&lt;145816700145804&gt;
	at aka.jmetadata.test.JMetaDataVideo_Test.subTestGetDurationString5AsLong(JMetaDataVideo_Test.java:5142)
</failure>
  </testcase>
  <testcase classname="aka.jmetadata.test.JMetaDataVideo_Test" name="subTestGetPixelAspectRatioCleanApertureStringAsLocalTime" time="0.0" />
  <testcase classname="aka.jmetadata.test.JMetaDataVideo_Test" name="subTestGetEncodedLibrarySettingsAsInteger" time="0.0" />
  <testcase classname="aka.jmetadata.test.JMetaDataVideo_Test" name="subTestGetSourceDurationFirstFrameString4AsLocalDateTime" time="0.0" />
  <testcase classname="aka.jmetadata.test.JMetaDataVideo_Test" name="subTestGetWidthAsLong" time="0.002">
    <failure message="expected:&lt;null&gt; but was:&lt;1920&gt;" type="junit.framework.AssertionFailedError">junit.framework.AssertionFailedError: expected:&lt;null&gt; but was:&lt;1920&gt;
	at aka.jmetadata.test.JMetaDataVideo_Test.subTestGetWidthAsLong(JMetaDataVideo_Test.java:19739)
</failure>
  </testcase>
  <testcase classname="aka.jmetadata.test.JMetaDataVideo_Test" name="subTestGetScanTypeStoreMethodFieldsPerBlockAsLocalDateTime" time="0.0" />
  <testcase classname="aka.jmetadata.test.JMetaDataVideo_Test" name="subTestGetLanguageString4AsLong" time="0.0" />
  <testcase classname="aka.jmetadata.test.JMetaDataVideo_Test" name="subTestGetFormatSettingsCABACAsURL" time="0.0" />
  <testcase classname="aka.jmetadata.test.JMetaDataVideo_Test" name="subTestGetLanguageStringAsString" time="0.001">
    <failure message="expected:&lt;null&gt; but was:&lt;English&gt;" type="junit.framework.AssertionFailedError">junit.framework.AssertionFailedError: expected:&lt;null&gt; but was:&lt;English&gt;
	at aka.jmetadata.test.JMetaDataVideo_Test.subTestGetLanguageStringAsString(JMetaDataVideo_Test.java:11507)
</failure>
  </testcase>
  <testcase classname="aka.jmetadata.test.JMetaDataVideo_Test" name="subTestGetServiceKindAsLocalDateTime" time="0.0" />
  <testcase classname="aka.jmetadata.test.JMetaDataVideo_Test" name="subTestGetStreamSizeAsLong" time="0.001" />
  <testcase classname="aka.jmetadata.test.JMetaDataVideo_Test" name="subTestGetSourceStreamSizeEncodedStringAsLocalTime" time="0.0" />
  <testcase classname="aka.jmetadata.test.JMetaDataVideo_Test" name="subTestGetFormatSettingsGMCAsString" time="0.001">
    <failure message="expected:&lt;null&gt; but was:&lt;&gt;" type="junit.framework.AssertionFailedError">junit.framework.AssertionFailedError: expected:&lt;null&gt; but was:&lt;&gt;
	at aka.jmetadata.test.JMetaDataVideo_Test.subTestGetFormatSettingsGMCAsString(JMetaDataVideo_Test.java:8243)
</failure>
  </testcase>
  <testcase classname="aka.jmetadata.test.JMetaDataVideo_Test" name="subTestGetSourceStreamSizeString1AsBigInteger" time="0.0" />
  <testcase classname="aka.jmetadata.test.JMetaDataVideo_Test" name="subTestGetStreamSizeEncodedString5AsLocalTime" time="0.0" />
  <testcase classname="aka.jmetadata.test.JMetaDataVideo_Test" name="subTestGetmatrixcoefficientsAsInteger" time="0.001">
    <failure message="expected:&lt;null&gt; but was:&lt;709&gt;" type="junit.framework.AssertionFailedError">junit.framework.AssertionFailedError: expected:&lt;null&gt; but was:&lt;709&gt;
	at aka.jmetadata.test.JMetaDataVideo_Test.subTestGetmatrixcoefficientsAsInteger(JMetaDataVideo_Test.java:11859)
</failure>
  </testcase>
  <testcase classname="aka.jmetadata.test.JMetaDataVideo_Test" name="subTestGetHeightCleanApertureAsLocalTime" time="0.0" />
  <testcase classname="aka.jmetadata.test.JMetaDataVideo_Test" name="subTestGetDelayOriginalString4AsURL" time="0.0" />
  <testcase classname="aka.jmetadata.test.JMetaDataVideo_Test" name="subTestGetFormatSettingsMatrixDataAsURL" time="0.0" />
  <testcase classname="aka.jmetadata.test.JMetaDataVideo_Test" name="subTestGetStreamSizeDemuxedStringAsString" time="0.0">
    <failure message="expected:&lt;null&gt; but was:&lt;&gt;" type="junit.framework.AssertionFailedError">junit.framework.AssertionFailedError: expected:&lt;null&gt; but was:&lt;&gt;
	at aka.jmetadata.test.JMetaDataVideo_Test.subTestGetStreamSizeDemuxedStringAsString(JMetaDataVideo_Test.java:17779)
</failure>
  </testcase>
  <testcase classname="aka.jmetadata.test.JMetaDataVideo_Test" name="subTestGetSourceDurationString3AsBigInteger" time="0.001" />
  <testcase classname="aka.jmetadata.test.JMetaDataVideo_Test" name="subTestGetStreamSizeDemuxedString3AsBoolean" time="0.0" />
  <testcase classname="aka.jmetadata.test.JMetaDataVideo_Test" name="subTestGetHeightCleanApertureStringAsLong" time="0.0" />
  <testcase classname="aka.jmetadata.test.JMetaDataVideo_Test" name="subTestGetDelayStringAsURL" time="0.0" />
  <testcase classname="aka.jmetadata.test.JMetaDataVideo_Test" name="subTestGetWidthStringAsLocalTime" time="0.0" />
  <testcase classname="aka.jmetadata.test.JMetaDataVideo_Test" name="subTestGetUniqueIDStringAsLong" time="0.0" />
  <testcase classname="aka.jmetadata.test.JMetaDataVideo_Test" name="subTestGetScanTypeStoreMethodFieldsPerBlockAsLong" time="0.001" />
  <testcase classname="aka.jmetadata.test.JMetaDataVideo_Test" name="subTestGetEncodedApplicationUrlAsLong" time="0.0" />
  <testcase classname="aka.jmetadata.test.JMetaDataVideo_Test" name="subTestGetFormatSettingsGMCStringAsBigInteger" time="0.0" />
  <testcase classname="aka.jmetadata.test.JMetaDataVideo_Test" name="subTestGetFormatSettingsAsString" time="0.0">
    <failure message="expected:&lt;null&gt; but was:&lt;CABAC / 4 Ref Frames&gt;" type="junit.framework.AssertionFailedError">junit.framework.AssertionFailedError: expected:&lt;null&gt; but was:&lt;CABAC / 4 Ref Frames&gt;
	at aka.jmetadata.test.JMetaDataVideo_Test.subTestGetFormatSettingsAsString(JMetaDataVideo_Test.java:7859)
</failure>
  </testcase>
  <testcase classname="aka.jmetadata.test.JMetaDataVideo_Test" name="subTestGetHeightCleanApertureAsString" time="0.0">
    <failure message="expected:&lt;null&gt; but was:&lt;&gt;" type="junit.framework.AssertionFailedError">junit.framework.AssertionFailedError: expected:&lt;null&gt; but was:&lt;&gt;
	at aka.jmetadata.test.JMetaDataVideo_Test.subTestGetHeightCleanApertureAsString(JMetaDataVideo_Test.java:10803)
</failure>
  </testcase>
  <testcase classname="aka.jmetadata.test.JMetaDataVideo_Test" name="subTestGetFormatSettingsMatrixAsURL" time="0.0" />
  <testcase classname="aka.jmetadata.test.JMetaDataVideo_Test" name="subTestGetFrameRateModeAsBoolean" time="0.0" />
  <testcase classname="aka.jmetadata.test.JMetaDataVideo_Test" name="subTestGetDisplayAspectRatioCleanApertureAsLocalTime" time="0.0" />
  <testcase classname="aka.jmetadata.test.JMetaDataVideo_Test" name="subTestGetRotationStringAsLocalDateTime" time="0.001" />
  <testcase classname="aka.jmetadata.test.JMetaDataVideo_Test" name="subTestGetFirstPacketOrderAsURL" time="0.0" />
  <testcase classname="aka.jmetadata.test.JMetaDataVideo_Test" name="subTestGetDelaySettingsAsLocalDateTime" time="0.0" />
  <testcase classname="aka.jmetadata.test.JMetaDataVideo_Test" name="subTestGetDelayOriginalString5AsURL" time="0.0" />
  <testcase classname="aka.jmetadata.test.JMetaDataVideo_Test" name="subTestGetStreamSizeString2AsString" time="0.001">
    <failure message="expected:&lt;null&gt; but was:&lt;&gt;" type="junit.framework.AssertionFailedError">junit.framework.AssertionFailedError: expected:&lt;null&gt; but was:&lt;&gt;
	at aka.jmetadata.test.JMetaDataVideo_Test.subTestGetStreamSizeString2AsString(JMetaDataVideo_Test.java:17459)
</failure>
  </testcase>
  <testcase classname="aka.jmetadata.test.JMetaDataVideo_Test" name="subTestGetSourceStreamSizeStringAsString" time="0.002">
    <failure message="expected:&lt;null&gt; but was:&lt;&gt;" type="junit.framework.AssertionFailedError">junit.framework.AssertionFailedError: expected:&lt;null&gt; but was:&lt;&gt;
	at aka.jmetadata.test.JMetaDataVideo_Test.subTestGetSourceStreamSizeStringAsString(JMetaDataVideo_Test.java:15667)
</failure>
  </testcase>
  <testcase classname="aka.jmetadata.test.JMetaDataVideo_Test" name="subTestGetBitRateAsBigInteger" time="0.0" />
  <testcase classname="aka.jmetadata.test.JMetaDataVideo_Test" name="subTestGetSourceDurationFirstFrameString1AsLocalTime" time="0.0" />
  <testcase classname="aka.jmetadata.test.JMetaDataVideo_Test" name="subTestGetFrameRateModeOriginalStringAsURL" time="0.0" />
  <testcase classname="aka.jmetadata.test.JMetaDataVideo_Test" name="subTestGetWidthOriginalAsBigInteger" time="0.0" />
  <testcase classname="aka.jmetadata.test.JMetaDataVideo_Test" name="subTestGetDurationLastFrameString1AsBoolean" time="0.0" />
  <testcase classname="aka.jmetadata.test.JMetaDataVideo_Test" name="subTestGetFormatUrlAsLocalTime" time="0.001" />
  <testcase classname="aka.jmetadata.test.JMetaDataVideo_Test" name="subTestGetStreamSizeAsURL" time="0.0" />
  <testcase classname="aka.jmetadata.test.JMetaDataVideo_Test" name="subTestGetSourceStreamSizeEncodedString1AsLong" time="0.0" />
  <testcase classname="aka.jmetadata.test.JMetaDataVideo_Test" name="subTestGetFormatAsBigInteger" time="0.0" />
  <testcase classname="aka.jmetadata.test.JMetaDataVideo_Test" name="subTestGetRotationAsBigInteger" time="0.0" />
  <testcase classname="aka.jmetadata.test.JMetaDataVideo_Test" name="subTestGetBitDepthStringAsLocalDateTime" time="0.0" />
  <testcase classname="aka.jmetadata.test.JMetaDataVideo_Test" name="subTestGetWidthCleanApertureAsBigInteger" time="0.0" />
  <testcase classname="aka.jmetadata.test.JMetaDataVideo_Test" name="subTestGetDurationFirstFrameString3AsLocalDateTime" time="0.0" />
  <testcase classname="aka.jmetadata.test.JMetaDataVideo_Test" name="subTestGetFrameRateNominalStringAsInteger" time="0.0" />
  <testcase classname="aka.jmetadata.test.JMetaDataVideo_Test" name="subTestGetPixelAspectRatioCleanApertureAsLocalTime" time="0.0" />
  <testcase classname="aka.jmetadata.test.JMetaDataVideo_Test" name="subTestGetRotationAsInteger" time="0.0" />
  <testcase classname="aka.jmetadata.test.JMetaDataVideo_Test" name="subTestGetWidthOffsetStringAsBigInteger" time="0.0" />
  <testcase classname="aka.jmetadata.test.JMetaDataVideo_Test" name="subTestGetSourceDurationLastFrameAsLong" time="0.0" />
  <testcase classname="aka.jmetadata.test.JMetaDataVideo_Test" name="subTestGetDisplayAspectRatioCleanApertureAsLong" time="0.0" />
  <testcase classname="aka.jmetadata.test.JMetaDataVideo_Test" name="subTestGetFormatSettingsBVOPStringAsURL" time="0.0" />
  <testcase classname="aka.jmetadata.test.JMetaDataVideo_Test" name="subTestGetStreamCountAsLong" time="0.001">
    <failure message="expected:&lt;null&gt; but was:&lt;1&gt;" type="junit.framework.AssertionFailedError">junit.framework.AssertionFailedError: expected:&lt;null&gt; but was:&lt;1&gt;
	at aka.jmetadata.test.JMetaDataVideo_Test.subTestGetStreamCountAsLong(JMetaDataVideo_Test.java:16859)
</failure>
  </testcase>
  <testcase classname="aka.jmetadata.test.JMetaDataVideo_Test" name="subTestGetWidthCleanApertureAsLong" time="0.001" />
  <testcase classname="aka.jmetadata.test.JMetaDataVideo_Test" name="subTestGetServiceKindStringAsLocalDateTime" time="0.0" />
  <testcase classname="aka.jmetadata.test.JMetaDataVideo_Test" name="subTestGetAlternateGroupStringAsLong" time="0.0" />
  <testcase classname="aka.jmetadata.test.JMetaDataVideo_Test" name="subTestGetDurationFirstFrameString5AsBigInteger" time="0.0" />
  <testcase classname="aka.jmetadata.test.JMetaDataVideo_Test" name="subTestGetScanOrderStringAsInteger" time="0.0" />
  <testcase classname="aka.jmetadata.test.JMetaDataVideo_Test" name="subTestGetDisplayAspectRatioCleanApertureAsLocalDateTime" time="0.0" />
  <testcase classname="aka.jmetadata.test.JMetaDataVideo_Test" name="subTestGetEncodedApplicationAsURL" time="0.0" />
  <testcase classname="aka.jmetadata.test.JMetaDataVideo_Test" name="subTestGetDelayAsBoolean" time="0.0" />
  <testcase classname="aka.jmetadata.test.JMetaDataVideo_Test" name="subTestGetSourceStreamSizeString5AsInteger" time="0.0" />
  <testcase classname="aka.jmetadata.test.JMetaDataVideo_Test" name="subTestGetOriginalSourceMediumIDStringAsLocalDateTime" time="0.0" />
  <testcase classname="aka.jmetadata.test.JMetaDataVideo_Test" name="subTestGetStreamSizeDemuxedString1AsBigInteger" time="0.0" />
  <testcase classname="aka.jmetadata.test.JMetaDataVideo_Test" name="subTestGetWidthCleanApertureAsLocalTime" time="0.0" />
  <testcase classname="aka.jmetadata.test.JMetaDataVideo_Test" name="subTestGetWidthOffsetAsLocalTime" time="0.001" />
  <testcase classname="aka.jmetadata.test.JMetaDataVideo_Test" name="subTestGetStreamSizeDemuxedString1AsLong" time="0.0" />
  <testcase classname="aka.jmetadata.test.JMetaDataVideo_Test" name="subTestGetEncryptionAsLocalTime" time="0.0" />
  <testcase classname="aka.jmetadata.test.JMetaDataVideo_Test" name="subTestGetChromaSubsamplingAsLong" time="0.0">
    <failure message="expected:&lt;null&gt; but was:&lt;420&gt;" type="junit.framework.AssertionFailedError">junit.framework.AssertionFailedError: expected:&lt;null&gt; but was:&lt;420&gt;
	at aka.jmetadata.test.JMetaDataVideo_Test.subTestGetChromaSubsamplingAsLong(JMetaDataVideo_Test.java:1558)
</failure>
  </testcase>
  <testcase classname="aka.jmetadata.test.JMetaDataVideo_Test" name="subTestGetBitDepthAsURL" time="0.0" />
  <testcase classname="aka.jmetadata.test.JMetaDataVideo_Test" name="subTestGetFormatSettingsQPelAsLocalTime" time="0.0" />
  <testcase classname="aka.jmetadata.test.JMetaDataVideo_Test" name="subTestGetEncodedLibraryCompanyNameAsInteger" time="0.0" />
  <testcase classname="aka.jmetadata.test.JMetaDataVideo_Test" name="subTestGetHeightStringAsInteger" time="0.0">
    <failure message="expected:&lt;null&gt; but was:&lt;872&gt;" type="junit.framework.AssertionFailedError">junit.framework.AssertionFailedError: expected:&lt;null&gt; but was:&lt;872&gt;
	at aka.jmetadata.test.JMetaDataVideo_Test.subTestGetHeightStringAsInteger(JMetaDataVideo_Test.java:10707)
</failure>
  </testcase>
  <testcase classname="aka.jmetadata.test.JMetaDataVideo_Test" name="subTestGetScanOrderOriginalStringAsInteger" time="0.001" />
  <testcase classname="aka.jmetadata.test.JMetaDataVideo_Test" name="subTestGetEncodedApplicationStringAsURL" time="0.0" />
  <testcase classname="aka.jmetadata.test.JMetaDataVideo_Test" name="subTestGetDelayDropFrameAsURL" time="0.0" />
  <testcase classname="aka.jmetadata.test.JMetaDataVideo_Test" name="subTestGetFrameRateMaximumStringAsLocalDateTime" time="0.0" />
  <testcase classname="aka.jmetadata.test.JMetaDataVideo_Test" name="subTestGetStreamSizeEncodedString4AsString" time="0.001">
    <failure message="expected:&lt;null&gt; but was:&lt;&gt;" type="junit.framework.AssertionFailedError">junit.framework.AssertionFailedError: expected:&lt;null&gt; but was:&lt;&gt;
	at aka.jmetadata.test.JMetaDataVideo_Test.subTestGetStreamSizeEncodedString4AsString(JMetaDataVideo_Test.java:18483)
</failure>
  </testcase>
  <testcase classname="aka.jmetadata.test.JMetaDataVideo_Test" name="subTestGetChromaSubsamplingPositionAsLocalDateTime" time="0.0" />
  <testcase classname="aka.jmetadata.test.JMetaDataVideo_Test" name="subTestGetHeightOffsetAsBigInteger" time="0.0" />
  <testcase classname="aka.jmetadata.test.JMetaDataVideo_Test" name="subTestGetEncodedLibrarySettingsAsLong" time="0.0" />
  <testcase classname="aka.jmetadata.test.JMetaDataVideo_Test" name="subTestGetFormatSettingsMatrixStringAsString" time="0.0">
    <failure message="expected:&lt;null&gt; but was:&lt;&gt;" type="junit.framework.AssertionFailedError">junit.framework.AssertionFailedError: expected:&lt;null&gt; but was:&lt;&gt;
	at aka.jmetadata.test.JMetaDataVideo_Test.subTestGetFormatSettingsMatrixStringAsString(JMetaDataVideo_Test.java:8499)
</failure>
  </testcase>
  <testcase classname="aka.jmetadata.test.JMetaDataVideo_Test" name="subTestGetSourceDurationLastFrameString5AsString" time="0.001">
    <failure message="expected:&lt;null&gt; but was:&lt;&gt;" type="junit.framework.AssertionFailedError">junit.framework.AssertionFailedError: expected:&lt;null&gt; but was:&lt;&gt;
	at aka.jmetadata.test.JMetaDataVideo_Test.subTestGetSourceDurationLastFrameString5AsString(JMetaDataVideo_Test.java:15475)
</failure>
  </testcase>
  <testcase classname="aka.jmetadata.test.JMetaDataVideo_Test" name="subTestGetStreamSizeStringAsLocalDateTime" time="0.0" />
  <testcase classname="aka.jmetadata.test.JMetaDataVideo_Test" name="subTestGetDisplayAspectRatioCleanApertureAsBoolean" time="0.001" />
  <testcase classname="aka.jmetadata.test.JMetaDataVideo_Test" name="subTestGetDurationFirstFrameStringAsLocalTime" time="0.0" />
  <testcase classname="aka.jmetadata.test.JMetaDataVideo_Test" name="subTestGetMenuIDStringAsBigInteger" time="0.0" />
  <testcase classname="aka.jmetadata.test.JMetaDataVideo_Test" name="subTestGetMultiViewCountAsLocalDateTime" time="0.0" />
  <testcase classname="aka.jmetadata.test.JMetaDataVideo_Test" name="subTestGetRotationStringAsURL" time="0.0" />
  <testcase classname="aka.jmetadata.test.JMetaDataVideo_Test" name="subTestGetStreamSizeEncodedString3AsBoolean" time="0.0" />
  <testcase classname="aka.jmetadata.test.JMetaDataVideo_Test" name="subTestGetFrameRateAsBoolean" time="0.0" />
  <testcase classname="aka.jmetadata.test.JMetaDataVideo_Test" name="subTestGetDelaySourceAsLong" time="0.0" />
  <testcase classname="aka.jmetadata.test.JMetaDataVideo_Test" name="subTestGetFormatSettingsAsLong" time="0.001">
    <failure message="expected:&lt;null&gt; but was:&lt;4&gt;" type="junit.framework.AssertionFailedError">junit.framework.AssertionFailedError: expected:&lt;null&gt; but was:&lt;4&gt;
	at aka.jmetadata.test.JMetaDataVideo_Test.subTestGetFormatSettingsAsLong(JMetaDataVideo_Test.java:7835)
</failure>
  </testcase>
  <testcase classname="aka.jmetadata.test.JMetaDataVideo_Test" name="subTestGetChromaSubsamplingStringAsInteger" time="0.001">
    <failure message="expected:&lt;null&gt; but was:&lt;420&gt;" type="junit.framework.AssertionFailedError">junit.framework.AssertionFailedError: expected:&lt;null&gt; but was:&lt;420&gt;
	at aka.jmetadata.test.JMetaDataVideo_Test.subTestGetChromaSubsamplingStringAsInteger(JMetaDataVideo_Test.java:1614)
</failure>
  </testcase>
  <testcase classname="aka.jmetadata.test.JMetaDataVideo_Test" name="subTestGetSourceDurationFirstFrameString3AsLong" time="0.001" />
  <testcase classname="aka.jmetadata.test.JMetaDataVideo_Test" name="subTestGetWidthOffsetAsBigInteger" time="0.001" />
  <testcase classname="aka.jmetadata.test.JMetaDataVideo_Test" name="subTestGetEncodedApplicationNameAsBoolean" time="0.0" />
  <testcase classname="aka.jmetadata.test.JMetaDataVideo_Test" name="subTestGetActiveFormatDescriptionMuxingModeAsURL" time="0.0" />
  <testcase classname="aka.jmetadata.test.JMetaDataVideo_Test" name="subTestGetDisplayAspectRatioStringAsLocalTime" time="0.0" />
  <testcase classname="aka.jmetadata.test.JMetaDataVideo_Test" name="subTestGetCodecIDAsLocalDateTime" time="0.0" />
  <testcase classname="aka.jmetadata.test.JMetaDataVideo_Test" name="subTestGetHeightOriginalAsBoolean" time="0.0" />
  <testcase classname="aka.jmetadata.test.JMetaDataVideo_Test" name="subTestGetAlternateGroupStringAsLocalTime" time="0.001" />
  <testcase classname="aka.jmetadata.test.JMetaDataVideo_Test" name="subTestGetSourceFrameCountAsLocalDateTime" time="0.001" />
  <testcase classname="aka.jmetadata.test.JMetaDataVideo_Test" name="subTestGetDelayOriginalStringAsInteger" time="0.0" />
  <testcase classname="aka.jmetadata.test.JMetaDataVideo_Test" name="subTestGetLanguageString2AsString" time="0.001">
    <failure message="expected:&lt;null&gt; but was:&lt;en&gt;" type="junit.framework.AssertionFailedError">junit.framework.AssertionFailedError: expected:&lt;null&gt; but was:&lt;en&gt;
	at aka.jmetadata.test.JMetaDataVideo_Test.subTestGetLanguageString2AsString(JMetaDataVideo_Test.java:11635)
</failure>
  </testcase>
  <testcase classname="aka.jmetadata.test.JMetaDataVideo_Test" name="subTestGetWidthOffsetStringAsBoolean" time="0.0" />
  <testcase classname="aka.jmetadata.test.JMetaDataVideo_Test" name="subTestGetScanOrderStoredDisplayedInvertedAsLocalTime" time="0.0" />
  <testcase classname="aka.jmetadata.test.JMetaDataVideo_Test" name="subTestGetScanOrderOriginalStringAsLocalTime" time="0.001" />
  <testcase classname="aka.jmetadata.test.JMetaDataVideo_Test" name="subTestGetSourceDurationFirstFrameString2AsLocalTime" time="0.0" />
  <testcase classname="aka.jmetadata.test.JMetaDataVideo_Test" name="subTestGetGopOpenClosedStringAsString" time="0.001">
    <failure message="expected:&lt;null&gt; but was:&lt;&gt;" type="junit.framework.AssertionFailedError">junit.framework.AssertionFailedError: expected:&lt;null&gt; but was:&lt;&gt;
	at aka.jmetadata.test.JMetaDataVideo_Test.subTestGetGopOpenClosedStringAsString(JMetaDataVideo_Test.java:10483)
</failure>
  </testcase>
  <testcase classname="aka.jmetadata.test.JMetaDataVideo_Test" name="subTestGetFrameCountAsURL" time="0.0" />
  <testcase classname="aka.jmetadata.test.JMetaDataVideo_Test" name="subTestGetDurationLastFrameString3AsBigInteger" time="0.0" />
  <testcase classname="aka.jmetadata.test.JMetaDataVideo_Test" name="subTestGetScanTypeStringAsInteger" time="0.001" />
  <testcase classname="aka.jmetadata.test.JMetaDataVideo_Test" name="subTestGetEncodedApplicationStringAsLocalTime" time="0.0" />
  <testcase classname="aka.jmetadata.test.JMetaDataVideo_Test" name="subTestGetSourceDurationFirstFrameString1AsInteger" time="0.0" />
  <testcase classname="aka.jmetadata.test.JMetaDataVideo_Test" name="subTestGetInformAsLocalTime" time="0.0" />
  <testcase classname="aka.jmetadata.test.JMetaDataVideo_Test" name="subTestGetActiveFormatDescriptionStringAsLong" time="0.0" />
  <testcase classname="aka.jmetadata.test.JMetaDataVideo_Test" name="subTestGetMenuIDAsLocalTime" time="0.0" />
  <testcase classname="aka.jmetadata.test.JMetaDataVideo_Test" name="subTestGetFormatSettingsWrappingAsString" time="0.001">
    <failure message="expected:&lt;null&gt; but was:&lt;&gt;" type="junit.framework.AssertionFailedError">junit.framework.AssertionFailedError: expected:&lt;null&gt; but was:&lt;&gt;
	at aka.jmetadata.test.JMetaDataVideo_Test.subTestGetFormatSettingsWrappingAsString(JMetaDataVideo_Test.java:9011)
</failure>
  </testcase>
  <testcase classname="aka.jmetadata.test.JMetaDataVideo_Test" name="subTestGetFormatLevelAsBoolean" time="0.0" />
  <testcase classname="aka.jmetadata.test.JMetaDataVideo_Test" name="subTestGetFormatVersionAsInteger" time="0.0" />
  <testcase classname="aka.jmetadata.test.JMetaDataVideo_Test" name="subTestGetStreamSizeStringAsBoolean" time="0.0" />
  <testcase classname="aka.jmetadata.test.JMetaDataVideo_Test" name="subTestGetFirstPacketOrderAsString" time="0.001">
    <failure message="expected:&lt;null&gt; but was:&lt;&gt;" type="junit.framework.AssertionFailedError">junit.framework.AssertionFailedError: expected:&lt;null&gt; but was:&lt;&gt;
	at aka.jmetadata.test.JMetaDataVideo_Test.subTestGetFirstPacketOrderAsString(JMetaDataVideo_Test.java:7150)
</failure>
  </testcase>
  <testcase classname="aka.jmetadata.test.JMetaDataVideo_Test" name="subTestGetSourceStreamSizeAsString" time="0.001">
    <failure message="expected:&lt;null&gt; but was:&lt;&gt;" type="junit.framework.AssertionFailedError">junit.framework.AssertionFailedError: expected:&lt;null&gt; but was:&lt;&gt;
	at aka.jmetadata.test.JMetaDataVideo_Test.subTestGetSourceStreamSizeAsString(JMetaDataVideo_Test.java:15603)
</failure>
  </testcase>
  <testcase classname="aka.jmetadata.test.JMetaDataVideo_Test" name="subTestGetStreamSizeString4AsLocalDateTime" time="0.0" />
  <testcase classname="aka.jmetadata.test.JMetaDataVideo_Test" name="subTestGetPixelAspectRatioOriginalAsBoolean" time="0.0" />
  <testcase classname="aka.jmetadata.test.JMetaDataVideo_Test" name="subTestGetStreamSizeDemuxedString2AsBoolean" time="0.0" />
  <testcase classname="aka.jmetadata.test.JMetaDataVideo_Test" name="subTestGetSourceDurationLastFrameAsBoolean" time="0.0" />
  <testcase classname="aka.jmetadata.test.JMetaDataVideo_Test" name="subTestGetBitRateMinimumAsURL" time="0.0" />
  <testcase classname="aka.jmetadata.test.JMetaDataVideo_Test" name="subTestGetDelayOriginalString5AsLocalDateTime" time="0.0" />
  <testcase classname="aka.jmetadata.test.JMetaDataVideo_Test" name="subTestGetFormatSettingsCABACAsLocalTime" time="0.001" />
  <testcase classname="aka.jmetadata.test.JMetaDataVideo_Test" name="subTestGetEncodedApplicationVersionAsInteger" time="0.0" />
  <testcase classname="aka.jmetadata.test.JMetaDataVideo_Test" name="subTestGetFormatUrlAsLocalDateTime" time="0.001" />
  <testcase classname="aka.jmetadata.test.JMetaDataVideo_Test" name="subTestGetEncryptionAsBigInteger" time="0.0" />
  <testcase classname="aka.jmetadata.test.JMetaDataVideo_Test" name="subTestGetDurationFirstFrameString5AsBoolean" time="0.0" />
  <testcase classname="aka.jmetadata.test.JMetaDataVideo_Test" name="subTestGetGopOpenClosedAsLocalDateTime" time="0.001" />
  <testcase classname="aka.jmetadata.test.JMetaDataVideo_Test" name="subTestGetSourceDurationLastFrameAsLocalDateTime" time="0.0" />
  <testcase classname="aka.jmetadata.test.JMetaDataVideo_Test" name="subTestGetBitRateModeAsLocalDateTime" time="0.0" />
  <testcase classname="aka.jmetadata.test.JMetaDataVideo_Test" name="subTestGetFrameCountAsBoolean" time="0.0" />
  <testcase classname="aka.jmetadata.test.JMetaDataVideo_Test" name="subTestGetEncodedDateAsURL" time="0.001" />
  <testcase classname="aka.jmetadata.test.JMetaDataVideo_Test" name="subTestGetDelayOriginalSourceAsBigInteger" time="0.0" />
  <testcase classname="aka.jmetadata.test.JMetaDataVideo_Test" name="subTestGetEncodedLibraryStringAsBigInteger" time="0.0" />
  <testcase classname="aka.jmetadata.test.JMetaDataVideo_Test" name="subTestGetDisplayAspectRatioCleanApertureStringAsLocalTime" time="0.0" />
  <testcase classname="aka.jmetadata.test.JMetaDataVideo_Test" name="subTestGetFormatProfileAsURL" time="0.0" />
  <testcase classname="aka.jmetadata.test.JMetaDataVideo_Test" name="subTestGetSourceDurationString5AsBoolean" time="0.0" />
  <testcase classname="aka.jmetadata.test.JMetaDataVideo_Test" name="subTestGetDelayString1AsLong" time="0.0" />
  <testcase classname="aka.jmetadata.test.JMetaDataVideo_Test" name="subTestGetDelaySourceStringAsLocalDateTime" time="0.0" />
  <testcase classname="aka.jmetadata.test.JMetaDataVideo_Test" name="subTestGetPixelAspectRatioCleanApertureAsLocalDateTime" time="0.0" />
  <testcase classname="aka.jmetadata.test.JMetaDataVideo_Test" name="subTestGetDisplayAspectRatioOriginalStringAsBoolean" time="0.0" />
  <testcase classname="aka.jmetadata.test.JMetaDataVideo_Test" name="subTestGetStreamCountAsBoolean" time="0.0" />
  <testcase classname="aka.jmetadata.test.JMetaDataVideo_Test" name="subTestGetEncodedLibraryStringAsBoolean" time="0.0" />
  <testcase classname="aka.jmetadata.test.JMetaDataVideo_Test" name="subTestGetScanOrderStoredDisplayedInvertedAsBoolean" time="0.0" />
  <testcase classname="aka.jmetadata.test.JMetaDataVideo_Test" name="subTestGetScanOrderStoredStringAsInteger" time="0.0" />
  <testcase classname="aka.jmetadata.test.JMetaDataVideo_Test" name="subTestGetSourceStreamSizeEncodedString5AsBigInteger" time="0.0" />
  <testcase classname="aka.jmetadata.test.JMetaDataVideo_Test" name="subTestGetWidthOriginalAsString" time="0.001">
    <failure message="expected:&lt;null&gt; but was:&lt;&gt;" type="junit.framework.AssertionFailedError">junit.framework.AssertionFailedError: expected:&lt;null&gt; but was:&lt;&gt;
	at aka.jmetadata.test.JMetaDataVideo_Test.subTestGetWidthOriginalAsString(JMetaDataVideo_Test.java:20147)
</failure>
  </testcase>
  <testcase classname="aka.jmetadata.test.JMetaDataVideo_Test" name="subTestGetDurationFirstFrameString5AsLong" time="0.0" />
  <testcase classname="aka.jmetadata.test.JMetaDataVideo_Test" name="subTestGetTimeStampFirstFrameString5AsLong" time="0.0" />
  <testcase classname="aka.jmetadata.test.JMetaDataVideo_Test" name="subTestGetAlternateGroupAsLocalTime" time="0.001" />
  <testcase classname="aka.jmetadata.test.JMetaDataVideo_Test" name="subTestGetBitRateEncodedStringAsLocalDateTime" time="0.0" />
  <testcase classname="aka.jmetadata.test.JMetaDataVideo_Test" name="subTestGetDelayStringAsLocalDateTime" time="0.0" />
  <testcase classname="aka.jmetadata.test.JMetaDataVideo_Test" name="subTestGetFormatSettingsCABACStringAsBigInteger" time="0.0" />
  <testcase classname="aka.jmetadata.test.JMetaDataVideo_Test" name="subTestGetStandardAsString" time="0.0">
    <failure message="expected:&lt;null&gt; but was:&lt;&gt;" type="junit.framework.AssertionFailedError">junit.framework.AssertionFailedError: expected:&lt;null&gt; but was:&lt;&gt;
	at aka.jmetadata.test.JMetaDataVideo_Test.subTestGetStandardAsString(JMetaDataVideo_Test.java:16627)
</failure>
  </testcase>
  <testcase classname="aka.jmetadata.test.JMetaDataVideo_Test" name="subTestGetSourceStreamSizeString4AsInteger" time="0.0" />
  <testcase classname="aka.jmetadata.test.JMetaDataVideo_Test" name="subTestGetWidthOriginalAsBoolean" time="0.0" />
  <testcase classname="aka.jmetadata.test.JMetaDataVideo_Test" name="subTestGetStreamSizeEncodedAsLong" time="0.0" />
  <testcase classname="aka.jmetadata.test.JMetaDataVideo_Test" name="subTestGetSourceDurationFirstFrameString3AsLocalTime" time="0.001" />
  <testcase classname="aka.jmetadata.test.JMetaDataVideo_Test" name="subTestGetFormatSettingsMatrixStringAsBoolean" time="0.0" />
  <testcase classname="aka.jmetadata.test.JMetaDataVideo_Test" name="subTestGetCodecIDStringAsURL" time="0.0" />
  <testcase classname="aka.jmetadata.test.JMetaDataVideo_Test" name="subTestGetSourceDurationString2AsBigInteger" time="0.0" />
  <testcase classname="aka.jmetadata.test.JMetaDataVideo_Test" name="subTestGetFormatSettingsMatrixAsString" time="0.0">
    <failure message="expected:&lt;null&gt; but was:&lt;&gt;" type="junit.framework.AssertionFailedError">junit.framework.AssertionFailedError: expected:&lt;null&gt; but was:&lt;&gt;
	at aka.jmetadata.test.JMetaDataVideo_Test.subTestGetFormatSettingsMatrixAsString(JMetaDataVideo_Test.java:8435)
</failure>
  </testcase>
  <testcase classname="aka.jmetadata.test.JMetaDataVideo_Test" name="subTestGetFrameRateMinimumStringAsBoolean" time="0.0" />
  <testcase classname="aka.jmetadata.test.JMetaDataVideo_Test" name="subTestGetEncodedLibraryCompanyNameAsLong" time="0.0" />
  <testcase classname="aka.jmetadata.test.JMetaDataVideo_Test" name="subTestGetMultiViewLayoutAsLocalTime" time="0.0" />
  <testcase classname="aka.jmetadata.test.JMetaDataVideo_Test" name="subTestGetLanguageStringAsBoolean" time="0.0" />
  <testcase classname="aka.jmetadata.test.JMetaDataVideo_Test" name="subTestGetFrameRateModeAsBigInteger" time="0.0" />
  <testcase classname="aka.jmetadata.test.JMetaDataVideo_Test" name="subTestGetStreamSizeDemuxedStringAsURL" time="0.0" />
  <testcase classname="aka.jmetadata.test.JMetaDataVideo_Test" name="subTestGetDurationLastFrameString1AsLong" time="0.0" />
  <testcase classname="aka.jmetadata.test.JMetaDataVideo_Test" name="subTestGetFormatCommercialAsString" time="0.0">
    <failure message="expected:&lt;null&gt; but was:&lt;AVC&gt;" type="junit.framework.AssertionFailedError">junit.framework.AssertionFailedError: expected:&lt;null&gt; but was:&lt;AVC&gt;
	at aka.jmetadata.test.JMetaDataVideo_Test.subTestGetFormatCommercialAsString(JMetaDataVideo_Test.java:7539)
</failure>
  </testcase>
  <testcase classname="aka.jmetadata.test.JMetaDataVideo_Test" name="subTestGetSourceStreamSizeEncodedStringAsLocalDateTime" time="0.0" />
  <testcase classname="aka.jmetadata.test.JMetaDataVideo_Test" name="subTestGetSourceStreamSizeString5AsLong" time="0.0" />
  <testcase classname="aka.jmetadata.test.JMetaDataVideo_Test" name="subTestGetScanTypeStoreMethodAsBigInteger" time="0.0" />
  <testcase classname="aka.jmetadata.test.JMetaDataVideo_Test" name="subTestGetBitDepthAsBoolean" time="0.0" />
  <testcase classname="aka.jmetadata.test.JMetaDataVideo_Test" name="subTestGetDelayOriginalString1AsLong" time="0.0" />
  <testcase classname="aka.jmetadata.test.JMetaDataVideo_Test" name="subTestGetDelayAsBigInteger" time="0.0">
    <failure message="expected:&lt;null&gt; but was:&lt;0&gt;" type="junit.framework.AssertionFailedError">junit.framework.AssertionFailedError: expected:&lt;null&gt; but was:&lt;0&gt;
	at aka.jmetadata.test.JMetaDataVideo_Test.subTestGetDelayAsBigInteger(JMetaDataVideo_Test.java:2942)
</failure>
  </testcase>
  <testcase classname="aka.jmetadata.test.JMetaDataVideo_Test" name="subTestGetSourceDurationFirstFrameString3AsString" time="0.0">
    <failure message="expected:&lt;null&gt; but was:&lt;&gt;" type="junit.framework.AssertionFailedError">junit.framework.AssertionFailedError: expected:&lt;null&gt; but was:&lt;&gt;
	at aka.jmetadata.test.JMetaDataVideo_Test.subTestGetSourceDurationFirstFrameString3AsString(JMetaDataVideo_Test.java:14899)
</failure>
  </testcase>
  <testcase classname="aka.jmetadata.test.JMetaDataVideo_Test" name="subTestGetStreamSizeDemuxedAsString" time="0.001">
    <failure message="expected:&lt;null&gt; but was:&lt;&gt;" type="junit.framework.AssertionFailedError">junit.framework.AssertionFailedError: expected:&lt;null&gt; but was:&lt;&gt;
	at aka.jmetadata.test.JMetaDataVideo_Test.subTestGetStreamSizeDemuxedAsString(JMetaDataVideo_Test.java:17715)
</failure>
  </testcase>
  <testcase classname="aka.jmetadata.test.JMetaDataVideo_Test" name="subTestGetCountAsString" time="0.001">
    <failure message="expected:&lt;null&gt; but was:&lt;338&gt;" type="junit.framework.AssertionFailedError">junit.framework.AssertionFailedError: expected:&lt;null&gt; but was:&lt;338&gt;
	at aka.jmetadata.test.JMetaDataVideo_Test.subTestGetCountAsString(JMetaDataVideo_Test.java:2734)
</failure>
  </testcase>
  <testcase classname="aka.jmetadata.test.JMetaDataVideo_Test" name="subTestGetSourceStreamSizeString3AsLocalDateTime" time="0.0" />
  <testcase classname="aka.jmetadata.test.JMetaDataVideo_Test" name="subTestGetSourceDurationFirstFrameStringAsBigInteger" time="0.0" />
  <testcase classname="aka.jmetadata.test.JMetaDataVideo_Test" name="subTestGetScanOrderAsURL" time="0.0" />
  <testcase classname="aka.jmetadata.test.JMetaDataVideo_Test" name="subTestGetPixelAspectRatioStringAsString" time="0.0">
    <failure message="expected:&lt;null&gt; but was:&lt;&gt;" type="junit.framework.AssertionFailedError">junit.framework.AssertionFailedError: expected:&lt;null&gt; but was:&lt;&gt;
	at aka.jmetadata.test.JMetaDataVideo_Test.subTestGetPixelAspectRatioStringAsString(JMetaDataVideo_Test.java:12595)
</failure>
  </testcase>
  <testcase classname="aka.jmetadata.test.JMetaDataVideo_Test" name="subTestGetStreamSizeEncodedString2AsBoolean" time="0.0" />
  <testcase classname="aka.jmetadata.test.JMetaDataVideo_Test" name="subTestGetMuxingModeAsInteger" time="0.0" />
  <testcase classname="aka.jmetadata.test.JMetaDataVideo_Test" name="subTestGetDurationLastFrameAsLocalTime" time="0.001" />
  <testcase classname="aka.jmetadata.test.JMetaDataVideo_Test" name="subTestGetSourceStreamSizeString5AsString" time="0.001">
    <failure message="expected:&lt;null&gt; but was:&lt;&gt;" type="junit.framework.AssertionFailedError">junit.framework.AssertionFailedError: expected:&lt;null&gt; but was:&lt;&gt;
	at aka.jmetadata.test.JMetaDataVideo_Test.subTestGetSourceStreamSizeString5AsString(JMetaDataVideo_Test.java:15987)
</failure>
  </testcase>
  <testcase classname="aka.jmetadata.test.JMetaDataVideo_Test" name="subTestGetBitRateStringAsLocalTime" time="0.001" />
  <testcase classname="aka.jmetadata.test.JMetaDataVideo_Test" name="subTestGetSourceDurationString5AsLong" time="0.0" />
  <testcase classname="aka.jmetadata.test.JMetaDataVideo_Test" name="subTestGetCodecIDAsURL" time="0.0" />
  <testcase classname="aka.jmetadata.test.JMetaDataVideo_Test" name="subTestGetAlternateGroupStringAsString" time="0.001">
    <failure message="expected:&lt;null&gt; but was:&lt;&gt;" type="junit.framework.AssertionFailedError">junit.framework.AssertionFailedError: expected:&lt;null&gt; but was:&lt;&gt;
	at aka.jmetadata.test.JMetaDataVideo_Test.subTestGetAlternateGroupStringAsString(JMetaDataVideo_Test.java:494)
</failure>
  </testcase>
  <testcase classname="aka.jmetadata.test.JMetaDataVideo_Test" name="subTestGetFormatSettingsMatrixStringAsBigInteger" time="0.0" />
  <testcase classname="aka.jmetadata.test.JMetaDataVideo_Test" name="subTestGetFormatSettingsCABACAsString" time="0.0">
    <failure message="expected:&lt;null&gt; but was:&lt;Yes&gt;" type="junit.framework.AssertionFailedError">junit.framework.AssertionFailedError: expected:&lt;null&gt; but was:&lt;Yes&gt;
	at aka.jmetadata.test.JMetaDataVideo_Test.subTestGetFormatSettingsCABACAsString(JMetaDataVideo_Test.java:8051)
</failure>
  </testcase>
  <testcase classname="aka.jmetadata.test.JMetaDataVideo_Test" name="subTestGetLanguageString4AsLocalDateTime" time="0.0" />
  <testcase classname="aka.jmetadata.test.JMetaDataVideo_Test" name="subTestGetTimeCodeSettingsAsLocalTime" time="0.0" />
  <testcase classname="aka.jmetadata.test.JMetaDataVideo_Test" name="subTestGetTimeCodeSettingsAsInteger" time="0.0" />
  <testcase classname="aka.jmetadata.test.JMetaDataVideo_Test" name="subTestGetEncodedApplicationCompanyNameAsBoolean" time="0.0" />
  <testcase classname="aka.jmetadata.test.JMetaDataVideo_Test" name="subTestGetBitRateMinimumStringAsString" time="0.0">
    <failure message="expected:&lt;null&gt; but was:&lt;&gt;" type="junit.framework.AssertionFailedError">junit.framework.AssertionFailedError: expected:&lt;null&gt; but was:&lt;&gt;
	at aka.jmetadata.test.JMetaDataVideo_Test.subTestGetBitRateMinimumStringAsString(JMetaDataVideo_Test.java:1134)
</failure>
  </testcase>
  <testcase classname="aka.jmetadata.test.JMetaDataVideo_Test" name="subTestGetPixelAspectRatioAsInteger" time="0.001">
    <failure message="expected:&lt;null&gt; but was:&lt;1000&gt;" type="junit.framework.AssertionFailedError">junit.framework.AssertionFailedError: expected:&lt;null&gt; but was:&lt;1000&gt;
	at aka.jmetadata.test.JMetaDataVideo_Test.subTestGetPixelAspectRatioAsInteger(JMetaDataVideo_Test.java:12499)
</failure>
  </testcase>
  <testcase classname="aka.jmetadata.test.JMetaDataVideo_Test" name="subTestGetColorSpaceAsLocalTime" time="0.0" />
  <testcase classname="aka.jmetadata.test.JMetaDataVideo_Test" name="subTestGetAlternateGroupStringAsInteger" time="0.001" />
  <testcase classname="aka.jmetadata.test.JMetaDataVideo_Test" name="subTestGetFormatSettingsGMCAsBoolean" time="0.0" />
  <testcase classname="aka.jmetadata.test.JMetaDataVideo_Test" name="subTestGetScanOrderAsLong" time="0.0" />
  <testcase classname="aka.jmetadata.test.JMetaDataVideo_Test" name="subTestGetDefaultStringAsBoolean" time="0.001">
    <failure message="expected:&lt;null&gt; but was:&lt;true&gt;" type="junit.framework.AssertionFailedError">junit.framework.AssertionFailedError: expected:&lt;null&gt; but was:&lt;true&gt;
	at aka.jmetadata.test.JMetaDataVideo_Test.subTestGetDefaultStringAsBoolean(JMetaDataVideo_Test.java:2870)
</failure>
  </testcase>
  <testcase classname="aka.jmetadata.test.JMetaDataVideo_Test" name="subTestGetDurationFirstFrameString4AsBigInteger" time="0.0" />
  <testcase classname="aka.jmetadata.test.JMetaDataVideo_Test" name="subTestGetSourceDurationStringAsURL" time="0.0" />
  <testcase classname="aka.jmetadata.test.JMetaDataVideo_Test" name="subTestGetcolourdescriptionpresentOriginalAsURL" time="0.0" />
  <testcase classname="aka.jmetadata.test.JMetaDataVideo_Test" name="subTestGetTimeStampFirstFrameString4AsString" time="0.001">
    <failure message="expected:&lt;null&gt; but was:&lt;&gt;" type="junit.framework.AssertionFailedError">junit.framework.AssertionFailedError: expected:&lt;null&gt; but was:&lt;&gt;
	at aka.jmetadata.test.JMetaDataVideo_Test.subTestGetTimeStampFirstFrameString4AsString(JMetaDataVideo_Test.java:19315)
</failure>
  </testcase>
  <testcase classname="aka.jmetadata.test.JMetaDataVideo_Test" name="subTestGetFormatCommercialIfAnyAsBoolean" time="0.001" />
  <testcase classname="aka.jmetadata.test.JMetaDataVideo_Test" name="subTestGetDelayStringAsString" time="0.001">
    <failure message="expected:&lt;null&gt; but was:&lt;&gt;" type="junit.framework.AssertionFailedError">junit.framework.AssertionFailedError: expected:&lt;null&gt; but was:&lt;&gt;
	at aka.jmetadata.test.JMetaDataVideo_Test.subTestGetDelayStringAsString(JMetaDataVideo_Test.java:2990)
</failure>
  </testcase>
  <testcase classname="aka.jmetadata.test.JMetaDataVideo_Test" name="subTestGetBitsPixelFrameAsURL" time="0.0" />
  <testcase classname="aka.jmetadata.test.JMetaDataVideo_Test" name="subTestGetFrameRateMinimumAsBigInteger" time="0.0" />
  <testcase classname="aka.jmetadata.test.JMetaDataVideo_Test" name="subTestGetEncodedLibraryVersionAsLong" time="0.0" />
  <testcase classname="aka.jmetadata.test.JMetaDataVideo_Test" name="subTestGetDurationLastFrameString1AsLocalDateTime" time="0.0" />
  <testcase classname="aka.jmetadata.test.JMetaDataVideo_Test" name="subTestGetDelayString4AsLocalDateTime" time="0.0" />
  <testcase classname="aka.jmetadata.test.JMetaDataVideo_Test" name="subTestGetForcedStringAsInteger" time="0.0" />
  <testcase classname="aka.jmetadata.test.JMetaDataVideo_Test" name="subTestGetServiceKindStringAsURL" time="0.0" />
  <testcase classname="aka.jmetadata.test.JMetaDataVideo_Test" name="subTestGetEncryptionAsBoolean" time="0.0" />
  <testcase classname="aka.jmetadata.test.JMetaDataVideo_Test" name="subTestGetBitRateMaximumAsLocalDateTime" time="0.0" />
  <testcase classname="aka.jmetadata.test.JMetaDataVideo_Test" name="subTestGetDurationLastFrameStringAsLocalTime" time="0.0" />
  <testcase classname="aka.jmetadata.test.JMetaDataVideo_Test" name="subTestGetSourceDurationAsURL" time="0.0" />
  <testcase classname="aka.jmetadata.test.JMetaDataVideo_Test" name="subTestGetGopOpenClosedStringAsBigInteger" time="0.0" />
  <testcase classname="aka.jmetadata.test.JMetaDataVideo_Test" name="subTestGetStreamSizeDemuxedString1AsBoolean" time="0.0" />
  <testcase classname="aka.jmetadata.test.JMetaDataVideo_Test" name="subTestGetFormatAsBoolean" time="0.001" />
  <testcase classname="aka.jmetadata.test.JMetaDataVideo_Test" name="subTestGetWidthOffsetStringAsString" time="0.001">
    <failure message="expected:&lt;null&gt; but was:&lt;&gt;" type="junit.framework.AssertionFailedError">junit.framework.AssertionFailedError: expected:&lt;null&gt; but was:&lt;&gt;
	at aka.jmetadata.test.JMetaDataVideo_Test.subTestGetWidthOffsetStringAsString(JMetaDataVideo_Test.java:20083)
</failure>
  </testcase>
  <testcase classname="aka.jmetadata.test.JMetaDataVideo_Test" name="subTestGetSourceDurationLastFrameString1AsLocalDateTime" time="0.0" />
  <testcase classname="aka.jmetadata.test.JMetaDataVideo_Test" name="subTestGetFormatSettingsGOPAsInteger" time="0.001" />
  <testcase classname="aka.jmetadata.test.JMetaDataVideo_Test" name="subTestGetFrameRateMinimumStringAsString" time="0.0">
    <failure message="expected:&lt;null&gt; but was:&lt;&gt;" type="junit.framework.AssertionFailedError">junit.framework.AssertionFailedError: expected:&lt;null&gt; but was:&lt;&gt;
	at aka.jmetadata.test.JMetaDataVideo_Test.subTestGetFrameRateMinimumStringAsString(JMetaDataVideo_Test.java:9651)
</failure>
  </testcase>
  <testcase classname="aka.jmetadata.test.JMetaDataVideo_Test" name="subTestGetDurationFirstFrameString4AsBoolean" time="0.0" />
  <testcase classname="aka.jmetadata.test.JMetaDataVideo_Test" name="subTestGetSourceDurationLastFrameString5AsBoolean" time="0.0" />
  <testcase classname="aka.jmetadata.test.JMetaDataVideo_Test" name="subTestGetFormatSettingsRefFramesStringAsLong" time="0.0">
    <failure message="expected:&lt;null&gt; but was:&lt;4&gt;" type="junit.framework.AssertionFailedError">junit.framework.AssertionFailedError: expected:&lt;null&gt; but was:&lt;4&gt;
	at aka.jmetadata.test.JMetaDataVideo_Test.subTestGetFormatSettingsRefFramesStringAsLong(JMetaDataVideo_Test.java:8923)
</failure>
  </testcase>
  <testcase classname="aka.jmetadata.test.JMetaDataVideo_Test" name="subTestGetFrameRateMaximumAsBigInteger" time="0.0" />
  <testcase classname="aka.jmetadata.test.JMetaDataVideo_Test" name="subTestGetDisplayAspectRatioCleanApertureStringAsBigInteger" time="0.0" />
  <testcase classname="aka.jmetadata.test.JMetaDataVideo_Test" name="subTestGetWidthOffsetAsInteger" time="0.0" />
  <testcase classname="aka.jmetadata.test.JMetaDataVideo_Test" name="subTestGetFrameRateOriginalAsInteger" time="0.0" />
  <testcase classname="aka.jmetadata.test.JMetaDataVideo_Test" name="subTestGetDelayOriginalStringAsLong" time="0.0" />
  <testcase classname="aka.jmetadata.test.JMetaDataVideo_Test" name="subTestGetWidthAsBoolean" time="0.0" />
  <testcase classname="aka.jmetadata.test.JMetaDataVideo_Test" name="subTestGetUniqueIDAsURL" time="0.0" />
  <testcase classname="aka.jmetadata.test.JMetaDataVideo_Test" name="subTestGetDelayOriginalStringAsLocalTime" time="0.0" />
  <testcase classname="aka.jmetadata.test.JMetaDataVideo_Test" name="subTestGetSourceDurationFirstFrameString4AsLocalTime" time="0.0" />
  <testcase classname="aka.jmetadata.test.JMetaDataVideo_Test" name="subTestGetDelaySourceAsString" time="0.0">
    <failure message="expected:&lt;null&gt; but was:&lt;Container&gt;" type="junit.framework.AssertionFailedError">junit.framework.AssertionFailedError: expected:&lt;null&gt; but was:&lt;Container&gt;
	at aka.jmetadata.test.JMetaDataVideo_Test.subTestGetDelaySourceAsString(JMetaDataVideo_Test.java:4142)
</failure>
  </testcase>
  <testcase classname="aka.jmetadata.test.JMetaDataVideo_Test" name="subTestGetFormatSettingsGMCStringAsInteger" time="0.0" />
  <testcase classname="aka.jmetadata.test.JMetaDataVideo_Test" name="subTestGetFormatSettingsPictureStructureAsBoolean" time="0.001" />
  <testcase classname="aka.jmetadata.test.JMetaDataVideo_Test" name="subTestGetDisplayAspectRatioOriginalAsBoolean" time="0.0" />
  <testcase classname="aka.jmetadata.test.JMetaDataVideo_Test" name="subTestGetBitRateNominalStringAsString" time="0.0">
    <failure message="expected:&lt;null&gt; but was:&lt;&gt;" type="junit.framework.AssertionFailedError">junit.framework.AssertionFailedError: expected:&lt;null&gt; but was:&lt;&gt;
	at aka.jmetadata.test.JMetaDataVideo_Test.subTestGetBitRateNominalStringAsString(JMetaDataVideo_Test.java:1390)
</failure>
  </testcase>
  <testcase classname="aka.jmetadata.test.JMetaDataVideo_Test" name="subTestGetSourceStreamSizeAsLocalDateTime" time="0.0" />
  <testcase classname="aka.jmetadata.test.JMetaDataVideo_Test" name="subTestGetSourceDurationString1AsString" time="0.001">
[...]
  <testcase classname="aka.jmetadata.test.JMetaDataVideo_Test" name="subTestGetBitDepthAsString" time="0.001" />
  <testcase classname="aka.jmetadata.test.JMetaDataVideo_Test" name="subTestGetWidthCleanApertureAsInteger" time="0.0" />
  <testcase classname="aka.jmetadata.test.JMetaDataVideo_Test" name="subTestGetScanTypeOriginalStringAsBigInteger" time="0.001" />
  <testcase classname="aka.jmetadata.test.JMetaDataVideo_Test" name="subTestGetSourceStreamSizeEncodedString5AsLong" time="0.0" />
  <testcase classname="aka.jmetadata.test.JMetaDataVideo_Test" name="subTestGetSourceDurationString4AsString" time="0.0" />
  <testcase classname="aka.jmetadata.test.JMetaDataVideo_Test" name="subTestGetFormatSettingsRefFramesStringAsString" time="0.0" />
  <testcase classname="aka.jmetadata.test.JMetaDataVideo_Test" name="subTestGetStreamSizeString5AsLocalTime" time="0.0" />
  <testcase classname="aka.jmetadata.test.JMetaDataVideo_Test" name="subTestGetFrameRateOriginalDenAsString" time="0.0" />
  <testcase classname="aka.jmetadata.test.JMetaDataVideo_Test" name="subTestGetGopOpenClosedAsString" time="0.001" />
  <testcase classname="aka.jmetadata.test.JMetaDataVideo_Test" name="subTestGetSourceStreamSizeString5AsLocalDateTime" time="0.0" />
  <testcase classname="aka.jmetadata.test.JMetaDataVideo_Test" name="subTestGetHeightCleanApertureStringAsInteger" time="0.0" />
  <testcase classname="aka.jmetadata.test.JMetaDataVideo_Test" name="subTestGetSourceDurationLastFrameStringAsLong" time="0.0" />
  <testcase classname="aka.jmetadata.test.JMetaDataVideo_Test" name="subTestGetBitRateEncodedAsLocalTime" time="0.0" />
  <testcase classname="aka.jmetadata.test.JMetaDataVideo_Test" name="subTestGetWidthAsLocalDateTime" time="0.0" />
  <testcase classname="aka.jmetadata.test.JMetaDataVideo_Test" name="subTestGetFrameRateNominalAsBoolean" time="0.0" />
  <testcase classname="aka.jmetadata.test.JMetaDataVideo_Test" name="subTestGetOriginalSourceMediumIDStringAsURL" time="0.0" />
  <testcase classname="aka.jmetadata.test.JMetaDataVideo_Test" name="subTestGetScanOrderStoredDisplayedInvertedAsURL" time="0.0" />
  <testcase classname="aka.jmetadata.test.JMetaDataVideo_Test" name="subTestGetFormatSettingsBVOPAsBoolean" time="0.0" />
  <testcase classname="aka.jmetadata.test.JMetaDataVideo_Test" name="subTestGetDisplayAspectRatioStringAsString" time="0.0" />
  <testcase classname="aka.jmetadata.test.JMetaDataVideo_Test" name="subTestGetWidthCleanApertureStringAsInteger" time="0.0" />
  <testcase classname="aka.jmetadata.test.JMetaDataVideo_Test" name="subTestGetcolourdescriptionpresentAsBoolean" time="0.0" />
  <testcase classname="aka.jmetadata.test.JMetaDataVideo_Test" name="subTestGetDelayString2AsInteger" time="0.0" />
  <testcase classname="aka.jmetadata.test.JMetaDataVideo_Test" name="subTestGetLanguageMoreAsString" time="0.0" />
  <testcase classname="aka.jmetadata.test.JMetaDataVideo_Test" name="subTestGetDelayStringAsLocalTime" time="0.0" />
  <testcase classname="aka.jmetadata.test.JMetaDataVideo_Test" name="subTestGetBitDepthStringAsInteger" time="0.0" />
  <testcase classname="aka.jmetadata.test.JMetaDataVideo_Test" name="subTestGetStreamSizeDemuxedString5AsLong" time="0.0" />
  <testcase classname="aka.jmetadata.test.JMetaDataVideo_Test" name="subTestGetServiceKindAsBigInteger" time="0.0" />
  <testcase classname="aka.jmetadata.test.JMetaDataVideo_Test" name="subTestGetStreamSizeDemuxedString1AsURL" time="0.0" />
  <testcase classname="aka.jmetadata.test.JMetaDataVideo_Test" name="subTestGetFrameRateNumAsBigInteger" time="0.0" />
  <testcase classname="aka.jmetadata.test.JMetaDataVideo_Test" name="subTestGetForcedAsBoolean" time="0.0" />
  <testcase classname="aka.jmetadata.test.JMetaDataVideo_Test" name="subTestGetDelayStringAsBoolean" time="0.0" />
  <testcase classname="aka.jmetadata.test.JMetaDataVideo_Test" name="subTestGetCodecIDHintAsLong" time="0.0" />
  <testcase classname="aka.jmetadata.test.JMetaDataVideo_Test" name="subTestGetDurationLastFrameString3AsLocalDateTime" time="0.0" />
  <testcase classname="aka.jmetadata.test.JMetaDataVideo_Test" name="subTestGetHeightOriginalStringAsLong" time="0.001" />
  <testcase classname="aka.jmetadata.test.JMetaDataVideo_Test" name="subTestGetcolourdescriptionpresentAsLocalTime" time="0.001" />
  <testcase classname="aka.jmetadata.test.JMetaDataVideo_Test" name="subTestGetcolourdescriptionpresentOriginalAsBigInteger" time="0.0" />
  <testcase classname="aka.jmetadata.test.JMetaDataVideo_Test" name="subTestGetAlignmentAsLong" time="0.001" />
  <testcase classname="aka.jmetadata.test.JMetaDataVideo_Test" name="subTestGetFrameRateOriginalAsString" time="0.0" />
  <testcase classname="aka.jmetadata.test.JMetaDataVideo_Test" name="subTestGetUniqueIDStringAsBoolean" time="0.0" />
  <testcase classname="aka.jmetadata.test.JMetaDataVideo_Test" name="subTestGetDelayDropFrameAsInteger" time="0.0" />
  <testcase classname="aka.jmetadata.test.JMetaDataVideo_Test" name="subTestGetDurationFirstFrameString4AsLong" time="0.0" />
  <testcase classname="aka.jmetadata.test.JMetaDataVideo_Test" name="subTestGetSourceDurationLastFrameString3AsLocalDateTime" time="0.0" />
  <testcase classname="aka.jmetadata.test.JMetaDataVideo_Test" name="subTestGetEncodedLibraryDateAsString" time="0.001" />
  <testcase classname="aka.jmetadata.test.JMetaDataVideo_Test" name="subTestGetDelayOriginalString2AsInteger" time="0.0" />
  <testcase classname="aka.jmetadata.test.JMetaDataVideo_Test" name="subTestGetStreamSizeDemuxedString2AsURL" time="0.0" />
  <testcase classname="aka.jmetadata.test.JMetaDataVideo_Test" name="subTestGetDurationFirstFrameAsBigInteger" time="0.0" />
  <testcase classname="aka.jmetadata.test.JMetaDataVideo_Test" name="subTestGetScanTypeOriginalAsString" time="0.0" />
  <testcase classname="aka.jmetadata.test.JMetaDataVideo_Test" name="subTestGetTimeStampFirstFrameString4AsLong" time="0.001" />
  <testcase classname="aka.jmetadata.test.JMetaDataVideo_Test" name="subTestGetTitleAsInteger" time="0.0" />
  <testcase classname="aka.jmetadata.test.JMetaDataVideo_Test" name="subTestGetSourceStreamSizeString1AsURL" time="0.0" />
  <testcase classname="aka.jmetadata.test.JMetaDataVideo_Test" name="subTestGetSourceDurationFirstFrameString5AsInteger" time="0.0" />
  <testcase classname="aka.jmetadata.test.JMetaDataVideo_Test" name="subTestGetBitRateModeAsBoolean" time="0.0" />
  <testcase classname="aka.jmetadata.test.JMetaDataVideo_Test" name="subTestGetStreamKindIDAsString" time="0.0" />
  <testcase classname="aka.jmetadata.test.JMetaDataVideo_Test" name="subTestGetFormatLevelAsLocalTime" time="0.0" />
  <testcase classname="aka.jmetadata.test.JMetaDataVideo_Test" name="subTestGetFormatSettingsFrameModeAsBoolean" time="0.0" />
  <testcase classname="aka.jmetadata.test.JMetaDataVideo_Test" name="subTestGetDurationLastFrameStringAsInteger" time="0.0" />
  <testcase classname="aka.jmetadata.test.JMetaDataVideo_Test" name="subTestGetStreamSizeString1AsInteger" time="0.0" />
  <testcase classname="aka.jmetadata.test.JMetaDataVideo_Test" name="subTestGetSourceDurationLastFrameString2AsBigInteger" time="0.0" />
  <testcase classname="aka.jmetadata.test.JMetaDataVideo_Test" name="subTestGetTaggedDateAsBigInteger" time="0.0" />
  <testcase classname="aka.jmetadata.test.JMetaDataVideo_Test" name="subTestGetSourceStreamSizeString3AsBigInteger" time="0.0" />
  <testcase classname="aka.jmetadata.test.JMetaDataVideo_Test" name="subTestGetFormatSettingsCABACAsBigInteger" time="0.0" />
  <testcase classname="aka.jmetadata.test.JMetaDataVideo_Test" name="subTestGetStreamSizeDemuxedString3AsURL" time="0.0" />
  <testcase classname="aka.jmetadata.test.JMetaDataVideo_Test" name="subTestGetScanTypeStoreMethodAsURL" time="0.0" />
  <testcase classname="aka.jmetadata.test.JMetaDataVideo_Test" name="subTestGetFormatVersionAsLong" time="0.0" />
  <testcase classname="aka.jmetadata.test.JMetaDataVideo_Test" name="subTestGetSourceStreamSizeString2AsURL" time="0.0" />
  <testcase classname="aka.jmetadata.test.JMetaDataVideo_Test" name="subTestGetStreamSizeDemuxedString5AsString" time="0.0" />
  <testcase classname="aka.jmetadata.test.JMetaDataVideo_Test" name="subTestGetStandardAsBigInteger" time="0.0" />
  <testcase classname="aka.jmetadata.test.JMetaDataVideo_Test" name="subTestGetTimeStampFirstFrameString3AsBoolean" time="0.0" />
  <testcase classname="aka.jmetadata.test.JMetaDataVideo_Test" name="subTestGetBitRateModeAsLocalTime" time="0.0" />
  <testcase classname="aka.jmetadata.test.JMetaDataVideo_Test" name="subTestGetSourceDurationString5AsBigInteger" time="0.001" />
  <testcase classname="aka.jmetadata.test.JMetaDataVideo_Test" name="subTestGetColorSpaceAsBoolean" time="0.0" />
  <testcase classname="aka.jmetadata.test.JMetaDataVideo_Test" name="subTestGetSourceStreamSizeString4AsLong" time="0.0" />
  <testcase classname="aka.jmetadata.test.JMetaDataVideo_Test" name="subTestGetDurationString3AsInteger" time="0.0" />
  <testcase classname="aka.jmetadata.test.JMetaDataVideo_Test" name="subTestGetStreamSizeEncodedString2AsString" time="0.0" />
  <testcase classname="aka.jmetadata.test.JMetaDataVideo_Test" name="subTestGetFormatInfoAsBigInteger" time="0.0" />
  <testcase classname="aka.jmetadata.test.JMetaDataVideo_Test" name="subTestGetStreamSizeDemuxedString4AsURL" time="0.0" />
  <testcase classname="aka.jmetadata.test.JMetaDataVideo_Test" name="subTestGetSourceStreamSizeString3AsURL" time="0.0" />
  <testcase classname="aka.jmetadata.test.JMetaDataVideo_Test" name="subTestGetFrameRateModeOriginalStringAsLocalTime" time="0.001" />
  <testcase classname="aka.jmetadata.test.JMetaDataVideo_Test" name="subTestGetDurationLastFrameString4AsBoolean" time="0.0" />
  <testcase classname="aka.jmetadata.test.JMetaDataVideo_Test" name="subTestGetTaggedDateAsLong" time="0.0" />
  <testcase classname="aka.jmetadata.test.JMetaDataVideo_Test" name="subTestGetFormatCommercialAsURL" time="0.0" />
  <testcase classname="aka.jmetadata.test.JMetaDataVideo_Test" name="subTestGetSourceDurationLastFrameString3AsString" time="0.0" />
  <testcase classname="aka.jmetadata.test.JMetaDataVideo_Test" name="subTestGetBufferSizeAsURL" time="0.0" />
  <testcase classname="aka.jmetadata.test.JMetaDataVideo_Test" name="subTestGetSourceDurationString4AsLong" time="0.0" />
  <testcase classname="aka.jmetadata.test.JMetaDataVideo_Test" name="subTestGetDisplayAspectRatioAsInteger" time="0.0" />
  <testcase classname="aka.jmetadata.test.JMetaDataVideo_Test" name="subTestGetFrameRateDenAsLong" time="0.0" />
  <testcase classname="aka.jmetadata.test.JMetaDataVideo_Test" name="subTestGetcolourprimariesOriginalAsInteger" time="0.001" />
  <testcase classname="aka.jmetadata.test.JMetaDataVideo_Test" name="subTestGetStreamSizeDemuxedString5AsURL" time="0.0" />
  <testcase classname="aka.jmetadata.test.JMetaDataVideo_Test" name="subTestGetFrameRateMaximumAsString" time="0.0" />
  <testcase classname="aka.jmetadata.test.JMetaDataVideo_Test" name="subTestGetSourceDurationFirstFrameString5AsLocalDateTime" time="0.0" />
  <testcase classname="aka.jmetadata.test.JMetaDataVideo_Test" name="subTestGetSourceStreamSizeString4AsURL" time="0.0" />
  <testcase classname="aka.jmetadata.test.JMetaDataVideo_Test" name="subTestGetSourceStreamSizeEncodedAsBoolean" time="0.0" />
  <testcase classname="aka.jmetadata.test.JMetaDataVideo_Test" name="subTestGetBitRateMaximumStringAsString" time="0.0" />
  <testcase classname="aka.jmetadata.test.JMetaDataVideo_Test" name="subTestGetStreamSizeEncodedString1AsLocalTime" time="0.0" />
  <testcase classname="aka.jmetadata.test.JMetaDataVideo_Test" name="subTestGetPixelAspectRatioCleanApertureAsInteger" time="0.0" />
  <testcase classname="aka.jmetadata.test.JMetaDataVideo_Test" name="subTestGetEncodedApplicationCompanyNameAsURL" time="0.0" />
  <testcase classname="aka.jmetadata.test.JMetaDataVideo_Test" name="subTestGetSourceStreamSizeProportionAsBoolean" time="0.0" />
  <testcase classname="aka.jmetadata.test.JMetaDataVideo_Test" name="subTestGetBitRateNominalAsURL" time="0.0" />
  <testcase classname="aka.jmetadata.test.JMetaDataVideo_Test" name="subTestGetEncodedLibrarySettingsAsURL" time="0.0" />
  <testcase classname="aka.jmetadata.test.JMetaDataVideo_Test" name="subTestGetFormatCommercialAsInteger" time="0.001" />
  <testcase classname="aka.jmetadata.test.JMetaDataVideo_Test" name="subTestGetFirstPacketOrderAsLong" time="0.0" />
  <testcase classname="aka.jmetadata.test.JMetaDataVideo_Test" name="subTestGetSourceStreamSizeString5AsURL" time="0.0" />
  <testcase classname="aka.jmetadata.test.JMetaDataVideo_Test" name="subTestGetDelayString5AsLong" time="0.0" />
  <testcase classname="aka.jmetadata.test.JMetaDataVideo_Test" name="subTestGettransfercharacteristicsAsLong" time="0.0" />
  <testcase classname="aka.jmetadata.test.JMetaDataVideo_Test" name="subTestGetStreamSizeDemuxedString3AsBigInteger" time="0.0" />
  <testcase classname="aka.jmetadata.test.JMetaDataVideo_Test" name="subTestGetStreamSizeDemuxedAsLocalDateTime" time="0.0" />
  <testcase classname="aka.jmetadata.test.JMetaDataVideo_Test" name="subTestGetBitRateMinimumAsBigInteger" time="0.0" />
  <testcase classname="aka.jmetadata.test.JMetaDataVideo_Test" name="subTestGetEncodedApplicationStringAsLocalDateTime" time="0.0" />
  <testcase classname="aka.jmetadata.test.JMetaDataVideo_Test" name="subTestGetLanguageMoreAsInteger" time="0.0" />
  <testcase classname="aka.jmetadata.test.JMetaDataVideo_Test" name="subTestGetDisabledStringAsInteger" time="0.0" />
  <testcase classname="aka.jmetadata.test.JMetaDataVideo_Test" name="subTestGetFrameCountAsLong" time="0.0" />
  <testcase classname="aka.jmetadata.test.JMetaDataVideo_Test" name="subTestGetFormatAsLocalDateTime" time="0.0" />
  <testcase classname="aka.jmetadata.test.JMetaDataVideo_Test" name="subTestGetFormatSettingsRefFramesAsString" time="0.0" />
  <testcase classname="aka.jmetadata.test.JMetaDataVideo_Test" name="subTestGetOriginalSourceMediumIDStringAsLong" time="0.0" />
  <testcase classname="aka.jmetadata.test.JMetaDataVideo_Test" name="subTestGetFormatSettingsPictureStructureAsBigInteger" time="0.0" />
  <testcase classname="aka.jmetadata.test.JMetaDataVideo_Test" name="subTestGetBitRateMinimumStringAsBigInteger" time="0.0" />
  <testcase classname="aka.jmetadata.test.JMetaDataVideo_Test" name="subTestGetScanOrderStringAsLocalTime" time="0.0" />
  <testcase classname="aka.jmetadata.test.JMetaDataVideo_Test" name="subTestGetFrameRateMaximumStringAsString" time="0.001" />
  <testcase classname="aka.jmetadata.test.JMetaDataVideo_Test" name="subTestGetStreamKindAsURL" time="0.0" />
  <testcase classname="aka.jmetadata.test.JMetaDataVideo_Test" name="subTestGetBitRateEncodedStringAsString" time="0.001" />
  <testcase classname="aka.jmetadata.test.JMetaDataVideo_Test" name="subTestGetFrameRateMinimumStringAsLocalTime" time="0.001" />
  <testcase classname="aka.jmetadata.test.JMetaDataVideo_Test" name="subTestGetCompressionModeAsInteger" time="0.001" />
  <testcase classname="aka.jmetadata.test.JMetaDataVideo_Test" name="subTestGetHeightCleanApertureAsLong" time="0.0" />
  <testcase classname="aka.jmetadata.test.JMetaDataVideo_Test" name="subTestGetStreamKindAsString" time="0.0" />
  <testcase classname="aka.jmetadata.test.JMetaDataVideo_Test" name="subTestGetTimeCodeSettingsAsBigInteger" time="0.0" />
  <testcase classname="aka.jmetadata.test.JMetaDataVideo_Test" name="subTestGetDurationFirstFrameString4AsLocalDateTime" time="0.0" />
  <testcase classname="aka.jmetadata.test.JMetaDataVideo_Test" name="subTestGetDelayString1AsInteger" time="0.0" />
  <testcase classname="aka.jmetadata.test.JMetaDataVideo_Test" name="subTestGetEncodedApplicationAsInteger" time="0.0" />
  <testcase classname="aka.jmetadata.test.JMetaDataVideo_Test" name="subTestGetBitRateMaximumAsBigInteger" time="0.001" />
  <testcase classname="aka.jmetadata.test.JMetaDataVideo_Test" name="subTestGetMultiViewCountAsInteger" time="0.001" />
  <testcase classname="aka.jmetadata.test.JMetaDataVideo_Test" name="subTestGetInformAsLong" time="0.0" />
  <testcase classname="aka.jmetadata.test.JMetaDataVideo_Test" name="subTestGetFormatInfoAsBoolean" time="0.0" />
  <testcase classname="aka.jmetadata.test.JMetaDataVideo_Test" name="subTestGetStreamKindStringAsLocalDateTime" time="0.001" />
  <testcase classname="aka.jmetadata.test.JMetaDataVideo_Test" name="subTestGetBitRateModeStringAsLocalTime" time="0.0" />
  <testcase classname="aka.jmetadata.test.JMetaDataVideo_Test" name="subTestGetSourceDurationFirstFrameStringAsURL" time="0.0" />
  <testcase classname="aka.jmetadata.test.JMetaDataVideo_Test" name="subTestGetDurationStringAsLocalTime" time="0.0" />
  <testcase classname="aka.jmetadata.test.JMetaDataVideo_Test" name="subTestGetDurationLastFrameString5AsLong" time="0.0" />
  <testcase classname="aka.jmetadata.test.JMetaDataVideo_Test" name="subTestGetSourceDurationFirstFrameAsBigInteger" time="0.0" />
  <testcase classname="aka.jmetadata.test.JMetaDataVideo_Test" name="subTestGetDelayOriginalString1AsInteger" time="0.0" />
  <testcase classname="aka.jmetadata.test.JMetaDataVideo_Test" name="subTestGetAlignmentAsLocalTime" time="0.0" />
  <testcase classname="aka.jmetadata.test.JMetaDataVideo_Test" name="subTestGetPixelAspectRatioStringAsLocalDateTime" time="0.001" />
  <testcase classname="aka.jmetadata.test.JMetaDataVideo_Test" name="subTestGetDelayOriginalString5AsLong" time="0.0" />
  <testcase classname="aka.jmetadata.test.JMetaDataVideo_Test" name="subTestGetEncodedDateAsBigInteger" time="0.0" />
  <testcase classname="aka.jmetadata.test.JMetaDataVideo_Test" name="subTestGetSourceDurationFirstFrameString4AsInteger" time="0.0" />
  <testcase classname="aka.jmetadata.test.JMetaDataVideo_Test" name="subTestGetDurationLastFrameString5AsBigInteger" time="0.0" />
  <testcase classname="aka.jmetadata.test.JMetaDataVideo_Test" name="subTestGetIDStringAsBoolean" time="0.001" />
  <testcase classname="aka.jmetadata.test.JMetaDataVideo_Test" name="subTestGetStreamSizeEncodedProportionAsInteger" time="0.0" />
  <testcase classname="aka.jmetadata.test.JMetaDataVideo_Test" name="subTestGetStoredWidthAsLong" time="0.0" />
  <testcase classname="aka.jmetadata.test.JMetaDataVideo_Test" name="subTestGetStreamSizeProportionAsBigInteger" time="0.0" />
  <testcase classname="aka.jmetadata.test.JMetaDataVideo_Test" name="subTestGetStreamSizeEncodedStringAsBoolean" time="0.0" />
  <testcase classname="aka.jmetadata.test.JMetaDataVideo_Test" name="subTestGetOriginalSourceMediumIDStringAsString" time="0.0" />
  <testcase classname="aka.jmetadata.test.JMetaDataVideo_Test" name="subTestGetAlignmentAsString" time="0.0" />
  <testcase classname="aka.jmetadata.test.JMetaDataVideo_Test" name="subTestGetFrameRateMaximumAsLong" time="0.0" />
  <testcase classname="aka.jmetadata.test.JMetaDataVideo_Test" name="subTestGetStreamSizeEncodedString2AsLocalTime" time="0.001" />
  <testcase classname="aka.jmetadata.test.JMetaDataVideo_Test" name="subTestGetTitleAsLocalTime" time="0.0" />
  <testcase classname="aka.jmetadata.test.JMetaDataVideo_Test" name="subTestGetFormatSettingsQPelStringAsLocalTime" time="0.0" />
  <testcase classname="aka.jmetadata.test.JMetaDataVideo_Test" name="subTestGetFrameRateModeStringAsLocalTime" time="0.0" />
  <testcase classname="aka.jmetadata.test.JMetaDataVideo_Test" name="subTestGetTimeStampFirstFrameString2AsBoolean" time="0.0" />
  <testcase classname="aka.jmetadata.test.JMetaDataVideo_Test" name="subTestGetDelayOriginalSettingsAsInteger" time="0.0" />
  <testcase classname="aka.jmetadata.test.JMetaDataVideo_Test" name="subTestGetStreamSizeDemuxedString5AsBoolean" time="0.0" />
  <system-out><![CDATA[]]></system-out>
  <system-err><![CDATA[]]></system-err>
</testsuite>
