<?xml version="1.0" encoding="UTF-8" ?>
<testsuite errors="0" failures="0" hostname="ABSI-Charlottew" name="aka.jmetadata.test.JMetaDataText_Test" skipped="0" tests="1775" time="7.855" timestamp="2017-07-24T05:44:00">
  <properties>
[...]
</properties>
  <testcase classname="aka.jmetadata.test.JMetaDataText_Test" name="subTestGetAlternateGroupAsURL" time="0.001" />
  <testcase classname="aka.jmetadata.test.JMetaDataText_Test" name="subTestGetDelaySourceStringAsBoolean" time="0.0" />
  <testcase classname="aka.jmetadata.test.JMetaDataText_Test" name="subTestGetDelayDropFrameAsLocalTime" time="0.001" />
  <testcase classname="aka.jmetadata.test.JMetaDataText_Test" name="subTestGetFrameRateOriginalAsLocalDateTime" time="0.001" />
  <testcase classname="aka.jmetadata.test.JMetaDataText_Test" name="subTestGetBitRateMaximumStringAsBigInteger" time="0.001" />
  <testcase classname="aka.jmetadata.test.JMetaDataText_Test" name="subTestGetVideoDelayString2AsLong" time="0.0" />
  <testcase classname="aka.jmetadata.test.JMetaDataText_Test" name="subTestGetDelayOriginalAsBoolean" time="0.0" />
  <testcase classname="aka.jmetadata.test.JMetaDataText_Test" name="subTestGetLanguageStringAsLong" time="0.0" />
  <testcase classname="aka.jmetadata.test.JMetaDataText_Test" name="subTestGetHeightAsString" time="0.0" />
  <testcase classname="aka.jmetadata.test.JMetaDataText_Test" name="subTestGetDurationString2AsInteger" time="0.0" />
  <testcase classname="aka.jmetadata.test.JMetaDataText_Test" name="subTestGetDurationLastFrameString3AsBoolean" time="0.0" />
  <testcase classname="aka.jmetadata.test.JMetaDataText_Test" name="subTestGetSourceDurationFirstFrameString1AsString" time="0.0" />
  <testcase classname="aka.jmetadata.test.JMetaDataText_Test" name="subTestGetEncodedLibraryNameAsBoolean" time="0.0" />
  <testcase classname="aka.jmetadata.test.JMetaDataText_Test" name="subTestGetFormatVersionAsLocalTime" time="0.0" />
  <testcase classname="aka.jmetadata.test.JMetaDataText_Test" name="subTestGetFormatSettingsWrappingAsInteger" time="0.0" />
  <testcase classname="aka.jmetadata.test.JMetaDataText_Test" name="subTestGetVideoDelayString1AsLocalDateTime" time="0.0" />
  <testcase classname="aka.jmetadata.test.JMetaDataText_Test" name="subTestGetHeightAsInteger" time="0.0" />
  <testcase classname="aka.jmetadata.test.JMetaDataText_Test" name="subTestGetMenuIDAsInteger" time="0.0" />
  <testcase classname="aka.jmetadata.test.JMetaDataText_Test" name="subTestGetAlternateGroupAsLong" time="0.0" />
  <testcase classname="aka.jmetadata.test.JMetaDataText_Test" name="subTestGetTaggedDateAsInteger" time="0.0" />
  <testcase classname="aka.jmetadata.test.JMetaDataText_Test" name="subTestGetSourceStreamSizeString3AsString" time="0.0" />
  <testcase classname="aka.jmetadata.test.JMetaDataText_Test" name="subTestGetFormatCommercialIfAnyAsURL" time="0.0" />
  <testcase classname="aka.jmetadata.test.JMetaDataText_Test" name="subTestGetEncodedApplicationAsLocalDateTime" time="0.0" />
  <testcase classname="aka.jmetadata.test.JMetaDataText_Test" name="subTestGetStreamKindStringAsBigInteger" time="0.0" />
  <testcase classname="aka.jmetadata.test.JMetaDataText_Test" name="subTestGetFrameCountAsBigInteger" time="0.0" />
  <testcase classname="aka.jmetadata.test.JMetaDataText_Test" name="subTestGetStreamSizeProportionAsLocalDateTime" time="0.0" />
  <testcase classname="aka.jmetadata.test.JMetaDataText_Test" name="subTestGetBitRateNominalAsBoolean" time="0.001" />
  <testcase classname="aka.jmetadata.test.JMetaDataText_Test" name="subTestGetDisabledAsInteger" time="0.0" />
  <testcase classname="aka.jmetadata.test.JMetaDataText_Test" name="subTestGetStreamSizeString5AsLocalDateTime" time="0.0" />
  <testcase classname="aka.jmetadata.test.JMetaDataText_Test" name="subTestGetEncodedApplicationCompanyNameAsLong" time="0.0" />
  <testcase classname="aka.jmetadata.test.JMetaDataText_Test" name="subTestGetSourceDurationLastFrameString1AsBigInteger" time="0.0" />
  <testcase classname="aka.jmetadata.test.JMetaDataText_Test" name="subTestGetVideoDelayString1AsLocalTime" time="0.0" />
  <testcase classname="aka.jmetadata.test.JMetaDataText_Test" name="subTestGetSourceStreamSizeString2AsBigInteger" time="0.0" />
  <testcase classname="aka.jmetadata.test.JMetaDataText_Test" name="subTestGetVideoDelayString4AsString" time="0.0" />
  <testcase classname="aka.jmetadata.test.JMetaDataText_Test" name="subTestGetStreamSizeProportionAsInteger" time="0.0" />
  <testcase classname="aka.jmetadata.test.JMetaDataText_Test" name="subTestGetSourceDurationString4AsBigInteger" time="0.0" />
  <testcase classname="aka.jmetadata.test.JMetaDataText_Test" name="subTestGetVideoDelayString4AsBigInteger" time="0.0" />
  <testcase classname="aka.jmetadata.test.JMetaDataText_Test" name="subTestGetDelayOriginalDropFrameAsLocalTime" time="0.001" />
  <testcase classname="aka.jmetadata.test.JMetaDataText_Test" name="subTestGetFrameRateOriginalAsBigInteger" time="0.0" />
  <testcase classname="aka.jmetadata.test.JMetaDataText_Test" name="subTestGetVideoDelayString1AsURL" time="0.001" />
  <testcase classname="aka.jmetadata.test.JMetaDataText_Test" name="subTestGetCodecIDUrlAsInteger" time="0.0" />
  <testcase classname="aka.jmetadata.test.JMetaDataText_Test" name="subTestGetVideoDelayString5AsBoolean" time="0.0" />
  <testcase classname="aka.jmetadata.test.JMetaDataText_Test" name="subTestGetBitRateNominalAsLocalDateTime" time="0.0" />
  <testcase classname="aka.jmetadata.test.JMetaDataText_Test" name="subTestGetBitRateMaximumAsURL" time="0.0" />
  <testcase classname="aka.jmetadata.test.JMetaDataText_Test" name="subTestGetSourceStreamSizeEncodedProportionAsString" time="0.001" />
  <testcase classname="aka.jmetadata.test.JMetaDataText_Test" name="subTestGetStreamSizeEncodedString3AsLocalTime" time="0.0" />
  <testcase classname="aka.jmetadata.test.JMetaDataText_Test" name="subTestGetEncryptionAsURL" time="0.0" />
  <testcase classname="aka.jmetadata.test.JMetaDataText_Test" name="subTestGetSourceStreamSizeEncodedString4AsString" time="0.0" />
  <testcase classname="aka.jmetadata.test.JMetaDataText_Test" name="subTestGetStreamSizeEncodedString5AsBoolean" time="0.0" />
  <testcase classname="aka.jmetadata.test.JMetaDataText_Test" name="subTestGetDelayOriginalSourceAsBoolean" time="0.0" />
  <testcase classname="aka.jmetadata.test.JMetaDataText_Test" name="subTestGetVideoDelayAsURL" time="0.001" />
  <testcase classname="aka.jmetadata.test.JMetaDataText_Test" name="subTestGetVideoDelayString2AsURL" time="0.0" />
  <testcase classname="aka.jmetadata.test.JMetaDataText_Test" name="subTestGetDurationStringAsLocalDateTime" time="0.0" />
  <testcase classname="aka.jmetadata.test.JMetaDataText_Test" name="subTestGetDurationString4AsString" time="0.0" />
  <testcase classname="aka.jmetadata.test.JMetaDataText_Test" name="subTestGetAlternateGroupAsInteger" time="0.001" />
  <testcase classname="aka.jmetadata.test.JMetaDataText_Test" name="subTestGetSourceDurationLastFrameString5AsLong" time="0.0" />
  <testcase classname="aka.jmetadata.test.JMetaDataText_Test" name="subTestGetInternetMediaTypeAsBigInteger" time="0.001" />
  <testcase classname="aka.jmetadata.test.JMetaDataText_Test" name="subTestGetSourceStreamSizeEncodedAsBigInteger" time="0.0" />
  <testcase classname="aka.jmetadata.test.JMetaDataText_Test" name="subTestGetStreamOrderAsLong" time="0.0" />
  <testcase classname="aka.jmetadata.test.JMetaDataText_Test" name="subTestGetStreamSizeEncodedStringAsBigInteger" time="0.0" />
  <testcase classname="aka.jmetadata.test.JMetaDataText_Test" name="subTestGetFormatCommercialAsLocalDateTime" time="0.001" />
  <testcase classname="aka.jmetadata.test.JMetaDataText_Test" name="subTestGetBitRateAsString" time="0.0" />
  <testcase classname="aka.jmetadata.test.JMetaDataText_Test" name="subTestGetSourceDurationFirstFrameString3AsInteger" time="0.001" />
  <testcase classname="aka.jmetadata.test.JMetaDataText_Test" name="subTestGetEncodedLibraryVersionAsLocalTime" time="0.001" />
  <testcase classname="aka.jmetadata.test.JMetaDataText_Test" name="subTestGetVideoDelayString3AsURL" time="0.0" />
  <testcase classname="aka.jmetadata.test.JMetaDataText_Test" name="subTestGetStreamSizeDemuxedAsInteger" time="0.0" />
  <testcase classname="aka.jmetadata.test.JMetaDataText_Test" name="subTestGetOriginalSourceMediumIDAsLocalDateTime" time="0.0" />
  <testcase classname="aka.jmetadata.test.JMetaDataText_Test" name="subTestGetInternetMediaTypeAsInteger" time="0.0" />
  <testcase classname="aka.jmetadata.test.JMetaDataText_Test" name="subTestGetDefaultStringAsLong" time="0.0" />
  <testcase classname="aka.jmetadata.test.JMetaDataText_Test" name="subTestGetDisabledAsLong" time="0.0" />
  <testcase classname="aka.jmetadata.test.JMetaDataText_Test" name="subTestGetFrameRateNumAsLong" time="0.0" />
  <testcase classname="aka.jmetadata.test.JMetaDataText_Test" name="subTestGetStreamSizeDemuxedString2AsBigInteger" time="0.0" />
  <testcase classname="aka.jmetadata.test.JMetaDataText_Test" name="subTestGetCountAsInteger" time="0.0" />
  <testcase classname="aka.jmetadata.test.JMetaDataText_Test" name="subTestGetStreamKindStringAsBoolean" time="0.0" />
  <testcase classname="aka.jmetadata.test.JMetaDataText_Test" name="subTestGetStreamKindIDAsURL" time="0.001" />
  <testcase classname="aka.jmetadata.test.JMetaDataText_Test" name="subTestGetStreamSizeDemuxedString4AsBoolean" time="0.001" />
  <testcase classname="aka.jmetadata.test.JMetaDataText_Test" name="subTestGetEncodedOperatingSystemAsLocalDateTime" time="0.0" />
  <testcase classname="aka.jmetadata.test.JMetaDataText_Test" name="subTestGetDelayOriginalSettingsAsLocalTime" time="0.001" />
  <testcase classname="aka.jmetadata.test.JMetaDataText_Test" name="subTestGetVideoDelayString4AsURL" time="0.0" />
  <testcase classname="aka.jmetadata.test.JMetaDataText_Test" name="subTestGetFrameRateMinimumStringAsBigInteger" time="0.0" />
  <testcase classname="aka.jmetadata.test.JMetaDataText_Test" name="subTestGetFrameRateNominalAsBigInteger" time="0.0" />
  <testcase classname="aka.jmetadata.test.JMetaDataText_Test" name="subTestGetSourceStreamSizeString4AsLocalDateTime" time="0.0" />
  <testcase classname="aka.jmetadata.test.JMetaDataText_Test" name="subTestGetVideoDelayString2AsLocalTime" time="0.0" />
  <testcase classname="aka.jmetadata.test.JMetaDataText_Test" name="subTestGetBitRateMaximumStringAsLocalDateTime" time="0.0" />
  <testcase classname="aka.jmetadata.test.JMetaDataText_Test" name="subTestGetDurationString1AsInteger" time="0.0" />
  <testcase classname="aka.jmetadata.test.JMetaDataText_Test" name="subTestGetFirstPacketOrderAsInteger" time="0.0" />
  <testcase classname="aka.jmetadata.test.JMetaDataText_Test" name="subTestGetDurationLastFrameString3AsString" time="0.0" />
  <testcase classname="aka.jmetadata.test.JMetaDataText_Test" name="subTestGetSourceStreamSizeEncodedAsLong" time="0.0" />
  <testcase classname="aka.jmetadata.test.JMetaDataText_Test" name="subTestGetDelayOriginalAsLong" time="0.001" />
  <testcase classname="aka.jmetadata.test.JMetaDataText_Test" name="subTestGetVideoDelayString5AsURL" time="0.0" />
  <testcase classname="aka.jmetadata.test.JMetaDataText_Test" name="subTestGetColorSpaceAsBigInteger" time="0.0" />
  <testcase classname="aka.jmetadata.test.JMetaDataText_Test" name="subTestGetDurationLastFrameString2AsBoolean" time="0.0" />
  <testcase classname="aka.jmetadata.test.JMetaDataText_Test" name="subTestGetDelayAsString" time="0.0" />
  <testcase classname="aka.jmetadata.test.JMetaDataText_Test" name="subTestGetDurationFirstFrameString5AsString" time="0.0" />
  <testcase classname="aka.jmetadata.test.JMetaDataText_Test" name="subTestGetEncodedLibraryStringAsString" time="0.0" />
  <testcase classname="aka.jmetadata.test.JMetaDataText_Test" name="subTestGetDelaySettingsAsBigInteger" time="0.0" />
  <testcase classname="aka.jmetadata.test.JMetaDataText_Test" name="subTestGetUniqueIDAsInteger" time="0.0" />
  <testcase classname="aka.jmetadata.test.JMetaDataText_Test" name="subTestGetWidthStringAsLocalDateTime" time="0.0" />
  <testcase classname="aka.jmetadata.test.JMetaDataText_Test" name="subTestGetStreamSizeEncodedString1AsLong" time="0.0" />
  <testcase classname="aka.jmetadata.test.JMetaDataText_Test" name="subTestGetFrameRateAsLocalDateTime" time="0.0" />
  <testcase classname="aka.jmetadata.test.JMetaDataText_Test" name="subTestGetStreamSizeDemuxedStringAsLong" time="0.0" />
  <testcase classname="aka.jmetadata.test.JMetaDataText_Test" name="subTestGetCodecIDHintAsString" time="0.0" />
  <testcase classname="aka.jmetadata.test.JMetaDataText_Test" name="subTestGetStreamSizeEncodedString4AsLocalTime" time="0.0" />
  <testcase classname="aka.jmetadata.test.JMetaDataText_Test" name="subTestGetHeightStringAsLocalTime" time="0.001" />
  <testcase classname="aka.jmetadata.test.JMetaDataText_Test" name="subTestGetDurationLastFrameString4AsBigInteger" time="0.0" />
  <testcase classname="aka.jmetadata.test.JMetaDataText_Test" name="subTestGetDurationLastFrameString2AsLocalDateTime" time="0.001" />
  <testcase classname="aka.jmetadata.test.JMetaDataText_Test" name="subTestGetElementCountAsString" time="0.0" />
  <testcase classname="aka.jmetadata.test.JMetaDataText_Test" name="subTestGetBitRateNominalAsLong" time="0.0" />
  <testcase classname="aka.jmetadata.test.JMetaDataText_Test" name="subTestGetDelayString5AsLocalDateTime" time="0.0" />
  <testcase classname="aka.jmetadata.test.JMetaDataText_Test" name="subTestGetServiceKindStringAsString" time="0.0" />
  <testcase classname="aka.jmetadata.test.JMetaDataText_Test" name="subTestGetDelayString4AsString" time="0.0" />
  <testcase classname="aka.jmetadata.test.JMetaDataText_Test" name="subTestGetTaggedDateAsURL" time="0.0" />
  <testcase classname="aka.jmetadata.test.JMetaDataText_Test" name="subTestGetSourceDurationLastFrameStringAsString" time="0.0" />
  <testcase classname="aka.jmetadata.test.JMetaDataText_Test" name="subTestGetSourceStreamSizeStringAsLong" time="0.0" />
  <testcase classname="aka.jmetadata.test.JMetaDataText_Test" name="subTestGetStreamSizeString4AsLong" time="0.0" />
  <testcase classname="aka.jmetadata.test.JMetaDataText_Test" name="subTestGetFrameRateModeStringAsInteger" time="0.0" />
  <testcase classname="aka.jmetadata.test.JMetaDataText_Test" name="subTestGetSourceDurationLastFrameString2AsLocalDateTime" time="0.0" />
  <testcase classname="aka.jmetadata.test.JMetaDataText_Test" name="subTestGetSourceDurationFirstFrameStringAsInteger" time="0.0" />
  <testcase classname="aka.jmetadata.test.JMetaDataText_Test" name="subTestGetBitRateAsInteger" time="0.0" />
  <testcase classname="aka.jmetadata.test.JMetaDataText_Test" name="subTestGetSourceStreamSizeAsInteger" time="0.0" />
  <testcase classname="aka.jmetadata.test.JMetaDataText_Test" name="subTestGetMenuIDStringAsInteger" time="0.0" />
  <testcase classname="aka.jmetadata.test.JMetaDataText_Test" name="subTestGetDefaultStringAsURL" time="0.0" />
  <testcase classname="aka.jmetadata.test.JMetaDataText_Test" name="subTestGetStreamSizeEncodedAsInteger" time="0.0" />
  <testcase classname="aka.jmetadata.test.JMetaDataText_Test" name="subTestGetSourceStreamSizeEncodedAsURL" time="0.0" />
  <testcase classname="aka.jmetadata.test.JMetaDataText_Test" name="subTestGetDelayOriginalString1AsString" time="0.0" />
  <testcase classname="aka.jmetadata.test.JMetaDataText_Test" name="subTestGetWidthAsLocalTime" time="0.0" />
  <testcase classname="aka.jmetadata.test.JMetaDataText_Test" name="subTestGetFrameRateMaximumStringAsBigInteger" time="0.0" />
  <testcase classname="aka.jmetadata.test.JMetaDataText_Test" name="subTestGetCountAsLong" time="0.0" />
  <testcase classname="aka.jmetadata.test.JMetaDataText_Test" name="subTestGetDelayOriginalString1AsURL" time="0.0" />
  <testcase classname="aka.jmetadata.test.JMetaDataText_Test" name="subTestGetServiceKindAsURL" time="0.0" />
  <testcase classname="aka.jmetadata.test.JMetaDataText_Test" name="subTestGetIDStringAsLocalTime" time="0.0" />
  <testcase classname="aka.jmetadata.test.JMetaDataText_Test" name="subTestGetVideoDelayString4AsBoolean" time="0.0" />
  <testcase classname="aka.jmetadata.test.JMetaDataText_Test" name="subTestGetSourceStreamSizeProportionAsLong" time="0.0" />
  <testcase classname="aka.jmetadata.test.JMetaDataText_Test" name="subTestGetDelaySourceStringAsLong" time="0.0" />
  <testcase classname="aka.jmetadata.test.JMetaDataText_Test" name="subTestGetFormatInfoAsLocalDateTime" time="0.0" />
  <testcase classname="aka.jmetadata.test.JMetaDataText_Test" name="subTestGetLanguageAsBoolean" time="0.0" />
  <testcase classname="aka.jmetadata.test.JMetaDataText_Test" name="subTestGetHeightStringAsURL" time="0.0" />
  <testcase classname="aka.jmetadata.test.JMetaDataText_Test" name="subTestGetFormatAsURL" time="0.0" />
  <testcase classname="aka.jmetadata.test.JMetaDataText_Test" name="subTestGetDurationLastFrameAsString" time="0.0" />
  <testcase classname="aka.jmetadata.test.JMetaDataText_Test" name="subTestGetEncryptionAsLocalDateTime" time="0.0" />
  <testcase classname="aka.jmetadata.test.JMetaDataText_Test" name="subTestGetStreamKindStringAsLocalTime" time="0.0" />
  <testcase classname="aka.jmetadata.test.JMetaDataText_Test" name="subTestGetDurationFirstFrameAsLocalDateTime" time="0.0" />
  <testcase classname="aka.jmetadata.test.JMetaDataText_Test" name="subTestGetStreamSizeEncodedString4AsBoolean" time="0.0" />
  <testcase classname="aka.jmetadata.test.JMetaDataText_Test" name="subTestGetDelayOriginalString2AsURL" time="0.0" />
  <testcase classname="aka.jmetadata.test.JMetaDataText_Test" name="subTestGetSourceDurationFirstFrameAsString" time="0.0" />
  <testcase classname="aka.jmetadata.test.JMetaDataText_Test" name="subTestGetFrameRateNominalAsLocalTime" time="0.0" />
  <testcase classname="aka.jmetadata.test.JMetaDataText_Test" name="subTestGetStreamOrderAsString" time="0.0" />
  <testcase classname="aka.jmetadata.test.JMetaDataText_Test" name="subTestGetVideoDelayString3AsLocalTime" time="0.0" />
  <testcase classname="aka.jmetadata.test.JMetaDataText_Test" name="subTestGetBitRateEncodedAsString" time="0.001" />
  <testcase classname="aka.jmetadata.test.JMetaDataText_Test" name="subTestGetDelayOriginalSettingsAsBigInteger" time="0.0" />
  <testcase classname="aka.jmetadata.test.JMetaDataText_Test" name="subTestGetStreamSizeDemuxedAsLong" time="0.0" />
  <testcase classname="aka.jmetadata.test.JMetaDataText_Test" name="subTestGetFrameRateMinimumAsLocalTime" time="0.0" />
  <testcase classname="aka.jmetadata.test.JMetaDataText_Test" name="subTestGetDelayOriginalString3AsURL" time="0.0" />
  <testcase classname="aka.jmetadata.test.JMetaDataText_Test" name="subTestGetSourceDurationFirstFrameString2AsInteger" time="0.0" />
  <testcase classname="aka.jmetadata.test.JMetaDataText_Test" name="subTestGetDurationString5AsLong" time="0.0" />
  <testcase classname="aka.jmetadata.test.JMetaDataText_Test" name="subTestGetEncodedLibrarySettingsAsInteger" time="0.0" />
  <testcase classname="aka.jmetadata.test.JMetaDataText_Test" name="subTestGetSourceDurationFirstFrameString4AsLocalDateTime" time="0.0" />
  <testcase classname="aka.jmetadata.test.JMetaDataText_Test" name="subTestGetWidthAsLong" time="0.0" />
  <testcase classname="aka.jmetadata.test.JMetaDataText_Test" name="subTestGetLanguageString4AsLong" time="0.001" />
  <testcase classname="aka.jmetadata.test.JMetaDataText_Test" name="subTestGetVideoDelayStringAsBigInteger" time="0.0" />
  <testcase classname="aka.jmetadata.test.JMetaDataText_Test" name="subTestGetLanguageStringAsString" time="0.001" />
  <testcase classname="aka.jmetadata.test.JMetaDataText_Test" name="subTestGetServiceKindAsLocalDateTime" time="0.0" />
  <testcase classname="aka.jmetadata.test.JMetaDataText_Test" name="subTestGetStreamSizeAsLong" time="0.0" />
  <testcase classname="aka.jmetadata.test.JMetaDataText_Test" name="subTestGetSourceStreamSizeEncodedStringAsLocalTime" time="0.0" />
  <testcase classname="aka.jmetadata.test.JMetaDataText_Test" name="subTestGetSourceStreamSizeString1AsBigInteger" time="0.0" />
  <testcase classname="aka.jmetadata.test.JMetaDataText_Test" name="subTestGetStreamSizeEncodedString5AsLocalTime" time="0.0" />
  <testcase classname="aka.jmetadata.test.JMetaDataText_Test" name="subTestGetDelayOriginalString4AsURL" time="0.001" />
  <testcase classname="aka.jmetadata.test.JMetaDataText_Test" name="subTestGetStreamSizeDemuxedStringAsString" time="0.0" />
  <testcase classname="aka.jmetadata.test.JMetaDataText_Test" name="subTestGetSourceDurationString3AsBigInteger" time="0.0" />
  <testcase classname="aka.jmetadata.test.JMetaDataText_Test" name="subTestGetStreamSizeDemuxedString3AsBoolean" time="0.0" />
  <testcase classname="aka.jmetadata.test.JMetaDataText_Test" name="subTestGetDelayStringAsURL" time="0.0" />
  <testcase classname="aka.jmetadata.test.JMetaDataText_Test" name="subTestGetWidthStringAsLocalTime" time="0.0" />
  <testcase classname="aka.jmetadata.test.JMetaDataText_Test" name="subTestGetUniqueIDStringAsLong" time="0.0" />
  <testcase classname="aka.jmetadata.test.JMetaDataText_Test" name="subTestGetVideoDelayString3AsBigInteger" time="0.001" />
  <testcase classname="aka.jmetadata.test.JMetaDataText_Test" name="subTestGetEncodedApplicationUrlAsLong" time="0.0" />
  <testcase classname="aka.jmetadata.test.JMetaDataText_Test" name="subTestGetFormatSettingsAsString" time="0.0" />
  <testcase classname="aka.jmetadata.test.JMetaDataText_Test" name="subTestGetFrameRateModeAsBoolean" time="0.001" />
  <testcase classname="aka.jmetadata.test.JMetaDataText_Test" name="subTestGetFirstPacketOrderAsURL" time="0.0" />
  <testcase classname="aka.jmetadata.test.JMetaDataText_Test" name="subTestGetDelaySettingsAsLocalDateTime" time="0.0" />
  <testcase classname="aka.jmetadata.test.JMetaDataText_Test" name="subTestGetDelayOriginalString5AsURL" time="0.001" />
  <testcase classname="aka.jmetadata.test.JMetaDataText_Test" name="subTestGetStreamSizeString2AsString" time="0.0" />
  <testcase classname="aka.jmetadata.test.JMetaDataText_Test" name="subTestGetSourceStreamSizeStringAsString" time="0.0" />
  <testcase classname="aka.jmetadata.test.JMetaDataText_Test" name="subTestGetBitRateAsBigInteger" time="0.0" />
  <testcase classname="aka.jmetadata.test.JMetaDataText_Test" name="subTestGetSourceDurationFirstFrameString1AsLocalTime" time="0.0" />
  <testcase classname="aka.jmetadata.test.JMetaDataText_Test" name="subTestGetDurationLastFrameString1AsBoolean" time="0.0" />
  <testcase classname="aka.jmetadata.test.JMetaDataText_Test" name="subTestGetFormatUrlAsLocalTime" time="0.0" />
  <testcase classname="aka.jmetadata.test.JMetaDataText_Test" name="subTestGetStreamSizeAsURL" time="0.0" />
  <testcase classname="aka.jmetadata.test.JMetaDataText_Test" name="subTestGetSourceStreamSizeEncodedString1AsLong" time="0.0" />
  <testcase classname="aka.jmetadata.test.JMetaDataText_Test" name="subTestGetFormatAsBigInteger" time="0.0" />
  <testcase classname="aka.jmetadata.test.JMetaDataText_Test" name="subTestGetBitDepthStringAsLocalDateTime" time="0.0" />
  <testcase classname="aka.jmetadata.test.JMetaDataText_Test" name="subTestGetDurationFirstFrameString3AsLocalDateTime" time="0.0" />
  <testcase classname="aka.jmetadata.test.JMetaDataText_Test" name="subTestGetFrameRateNominalStringAsInteger" time="0.0" />
  <testcase classname="aka.jmetadata.test.JMetaDataText_Test" name="subTestGetSourceDurationLastFrameAsLong" time="0.001" />
  <testcase classname="aka.jmetadata.test.JMetaDataText_Test" name="subTestGetStreamCountAsLong" time="0.0" />
  <testcase classname="aka.jmetadata.test.JMetaDataText_Test" name="subTestGetServiceKindStringAsLocalDateTime" time="0.0" />
  <testcase classname="aka.jmetadata.test.JMetaDataText_Test" name="subTestGetAlternateGroupStringAsLong" time="0.0" />
  <testcase classname="aka.jmetadata.test.JMetaDataText_Test" name="subTestGetDurationFirstFrameString5AsBigInteger" time="0.0" />
  <testcase classname="aka.jmetadata.test.JMetaDataText_Test" name="subTestGetEncodedApplicationAsURL" time="0.001" />
  <testcase classname="aka.jmetadata.test.JMetaDataText_Test" name="subTestGetVideoDelayString4AsLocalTime" time="0.001" />
  <testcase classname="aka.jmetadata.test.JMetaDataText_Test" name="subTestGetDelayAsBoolean" time="0.0" />
  <testcase classname="aka.jmetadata.test.JMetaDataText_Test" name="subTestGetSourceStreamSizeString5AsInteger" time="0.0" />
  <testcase classname="aka.jmetadata.test.JMetaDataText_Test" name="subTestGetOriginalSourceMediumIDStringAsLocalDateTime" time="0.0" />
  <testcase classname="aka.jmetadata.test.JMetaDataText_Test" name="subTestGetStreamSizeDemuxedString1AsBigInteger" time="0.0" />
  <testcase classname="aka.jmetadata.test.JMetaDataText_Test" name="subTestGetStreamSizeDemuxedString1AsLong" time="0.0" />
  <testcase classname="aka.jmetadata.test.JMetaDataText_Test" name="subTestGetEncryptionAsLocalTime" time="0.001" />
  <testcase classname="aka.jmetadata.test.JMetaDataText_Test" name="subTestGetChromaSubsamplingAsLong" time="0.0" />
  <testcase classname="aka.jmetadata.test.JMetaDataText_Test" name="subTestGetBitDepthAsURL" time="0.0" />
  <testcase classname="aka.jmetadata.test.JMetaDataText_Test" name="subTestGetEncodedLibraryCompanyNameAsInteger" time="0.0" />
  <testcase classname="aka.jmetadata.test.JMetaDataText_Test" name="subTestGetHeightStringAsInteger" time="0.0" />
  <testcase classname="aka.jmetadata.test.JMetaDataText_Test" name="subTestGetEncodedApplicationStringAsURL" time="0.0" />
  <testcase classname="aka.jmetadata.test.JMetaDataText_Test" name="subTestGetDelayDropFrameAsURL" time="0.0" />
  <testcase classname="aka.jmetadata.test.JMetaDataText_Test" name="subTestGetFrameRateMaximumStringAsLocalDateTime" time="0.0" />
  <testcase classname="aka.jmetadata.test.JMetaDataText_Test" name="subTestGetStreamSizeEncodedString4AsString" time="0.0" />
  <testcase classname="aka.jmetadata.test.JMetaDataText_Test" name="subTestGetVideoDelayString3AsBoolean" time="0.0" />
  <testcase classname="aka.jmetadata.test.JMetaDataText_Test" name="subTestGetEncodedLibrarySettingsAsLong" time="0.0" />
  <testcase classname="aka.jmetadata.test.JMetaDataText_Test" name="subTestGetSourceDurationLastFrameString5AsString" time="0.001" />
  <testcase classname="aka.jmetadata.test.JMetaDataText_Test" name="subTestGetStreamSizeStringAsLocalDateTime" time="0.0" />
  <testcase classname="aka.jmetadata.test.JMetaDataText_Test" name="subTestGetDurationFirstFrameStringAsLocalTime" time="0.0" />
  <testcase classname="aka.jmetadata.test.JMetaDataText_Test" name="subTestGetMenuIDStringAsBigInteger" time="0.0" />
  <testcase classname="aka.jmetadata.test.JMetaDataText_Test" name="subTestGetStreamSizeEncodedString3AsBoolean" time="0.0" />
  <testcase classname="aka.jmetadata.test.JMetaDataText_Test" name="subTestGetFrameRateAsBoolean" time="0.0" />
  <testcase classname="aka.jmetadata.test.JMetaDataText_Test" name="subTestGetDelaySourceAsLong" time="0.0" />
  <testcase classname="aka.jmetadata.test.JMetaDataText_Test" name="subTestGetFormatSettingsAsLong" time="0.0" />
  <testcase classname="aka.jmetadata.test.JMetaDataText_Test" name="subTestGetSourceDurationFirstFrameString3AsLong" time="0.0" />
  <testcase classname="aka.jmetadata.test.JMetaDataText_Test" name="subTestGetEncodedApplicationNameAsBoolean" time="0.0" />
  <testcase classname="aka.jmetadata.test.JMetaDataText_Test" name="subTestGetCodecIDAsLocalDateTime" time="0.001" />
  <testcase classname="aka.jmetadata.test.JMetaDataText_Test" name="subTestGetAlternateGroupStringAsLocalTime" time="0.0" />
  <testcase classname="aka.jmetadata.test.JMetaDataText_Test" name="subTestGetSourceFrameCountAsLocalDateTime" time="0.0" />
  <testcase classname="aka.jmetadata.test.JMetaDataText_Test" name="subTestGetDelayOriginalStringAsInteger" time="0.0" />
  <testcase classname="aka.jmetadata.test.JMetaDataText_Test" name="subTestGetLanguageString2AsString" time="0.0" />
  <testcase classname="aka.jmetadata.test.JMetaDataText_Test" name="subTestGetSourceDurationFirstFrameString2AsLocalTime" time="0.0" />
  <testcase classname="aka.jmetadata.test.JMetaDataText_Test" name="subTestGetFrameCountAsURL" time="0.0" />
  <testcase classname="aka.jmetadata.test.JMetaDataText_Test" name="subTestGetDurationLastFrameString3AsBigInteger" time="0.001" />
  <testcase classname="aka.jmetadata.test.JMetaDataText_Test" name="subTestGetEncodedApplicationStringAsLocalTime" time="0.0" />
  <testcase classname="aka.jmetadata.test.JMetaDataText_Test" name="subTestGetSourceDurationFirstFrameString1AsInteger" time="0.0" />
  <testcase classname="aka.jmetadata.test.JMetaDataText_Test" name="subTestGetInformAsLocalTime" time="0.0" />
  <testcase classname="aka.jmetadata.test.JMetaDataText_Test" name="subTestGetMenuIDAsLocalTime" time="0.0" />
  <testcase classname="aka.jmetadata.test.JMetaDataText_Test" name="subTestGetFormatSettingsWrappingAsString" time="0.0" />
  <testcase classname="aka.jmetadata.test.JMetaDataText_Test" name="subTestGetFormatVersionAsInteger" time="0.001" />
  <testcase classname="aka.jmetadata.test.JMetaDataText_Test" name="subTestGetStreamSizeStringAsBoolean" time="0.0" />
  <testcase classname="aka.jmetadata.test.JMetaDataText_Test" name="subTestGetFirstPacketOrderAsString" time="0.0" />
  <testcase classname="aka.jmetadata.test.JMetaDataText_Test" name="subTestGetSourceStreamSizeAsString" time="0.0" />
  <testcase classname="aka.jmetadata.test.JMetaDataText_Test" name="subTestGetStreamSizeString4AsLocalDateTime" time="0.0" />
  <testcase classname="aka.jmetadata.test.JMetaDataText_Test" name="subTestGetStreamSizeDemuxedString2AsBoolean" time="0.0" />
  <testcase classname="aka.jmetadata.test.JMetaDataText_Test" name="subTestGetSourceDurationLastFrameAsBoolean" time="0.0" />
  <testcase classname="aka.jmetadata.test.JMetaDataText_Test" name="subTestGetBitRateMinimumAsURL" time="0.0" />
  <testcase classname="aka.jmetadata.test.JMetaDataText_Test" name="subTestGetDelayOriginalString5AsLocalDateTime" time="0.0" />
  <testcase classname="aka.jmetadata.test.JMetaDataText_Test" name="subTestGetEncodedApplicationVersionAsInteger" time="0.0" />
  <testcase classname="aka.jmetadata.test.JMetaDataText_Test" name="subTestGetVideoDelayString5AsLocalTime" time="0.0" />
  <testcase classname="aka.jmetadata.test.JMetaDataText_Test" name="subTestGetFormatUrlAsLocalDateTime" time="0.0" />
  <testcase classname="aka.jmetadata.test.JMetaDataText_Test" name="subTestGetEncryptionAsBigInteger" time="0.0" />
  <testcase classname="aka.jmetadata.test.JMetaDataText_Test" name="subTestGetDurationFirstFrameString5AsBoolean" time="0.0" />
  <testcase classname="aka.jmetadata.test.JMetaDataText_Test" name="subTestGetMuxingModeMoreInfoAsString" time="0.0" />
  <testcase classname="aka.jmetadata.test.JMetaDataText_Test" name="subTestGetSourceDurationLastFrameAsLocalDateTime" time="0.0" />
  <testcase classname="aka.jmetadata.test.JMetaDataText_Test" name="subTestGetBitRateModeAsLocalDateTime" time="0.0" />
  <testcase classname="aka.jmetadata.test.JMetaDataText_Test" name="subTestGetFrameCountAsBoolean" time="0.0" />
  <testcase classname="aka.jmetadata.test.JMetaDataText_Test" name="subTestGetVideoDelayStringAsLong" time="0.0" />
  <testcase classname="aka.jmetadata.test.JMetaDataText_Test" name="subTestGetEncodedDateAsURL" time="0.0" />
  <testcase classname="aka.jmetadata.test.JMetaDataText_Test" name="subTestGetDelayOriginalSourceAsBigInteger" time="0.0" />
  <testcase classname="aka.jmetadata.test.JMetaDataText_Test" name="subTestGetEncodedLibraryStringAsBigInteger" time="0.0" />
  <testcase classname="aka.jmetadata.test.JMetaDataText_Test" name="subTestGetFormatProfileAsURL" time="0.0" />
  <testcase classname="aka.jmetadata.test.JMetaDataText_Test" name="subTestGetSourceDurationString5AsBoolean" time="0.0" />
  <testcase classname="aka.jmetadata.test.JMetaDataText_Test" name="subTestGetDelayString1AsLong" time="0.0" />
  <testcase classname="aka.jmetadata.test.JMetaDataText_Test" name="subTestGetDelaySourceStringAsLocalDateTime" time="0.001" />
  <testcase classname="aka.jmetadata.test.JMetaDataText_Test" name="subTestGetStreamCountAsBoolean" time="0.0" />
  <testcase classname="aka.jmetadata.test.JMetaDataText_Test" name="subTestGetEncodedLibraryStringAsBoolean" time="0.001" />
  <testcase classname="aka.jmetadata.test.JMetaDataText_Test" name="subTestGetSourceStreamSizeEncodedString5AsBigInteger" time="0.0" />
  <testcase classname="aka.jmetadata.test.JMetaDataText_Test" name="subTestGetDurationFirstFrameString5AsLong" time="0.001" />
  <testcase classname="aka.jmetadata.test.JMetaDataText_Test" name="subTestGetAlternateGroupAsLocalTime" time="0.0" />
  <testcase classname="aka.jmetadata.test.JMetaDataText_Test" name="subTestGetBitRateEncodedStringAsLocalDateTime" time="0.0" />
  <testcase classname="aka.jmetadata.test.JMetaDataText_Test" name="subTestGetDelayStringAsLocalDateTime" time="0.001" />
  <testcase classname="aka.jmetadata.test.JMetaDataText_Test" name="subTestGetSourceStreamSizeString4AsInteger" time="0.0" />
  <testcase classname="aka.jmetadata.test.JMetaDataText_Test" name="subTestGetStreamSizeEncodedAsLong" time="0.0" />
  <testcase classname="aka.jmetadata.test.JMetaDataText_Test" name="subTestGetSummaryAsInteger" time="0.0" />
  <testcase classname="aka.jmetadata.test.JMetaDataText_Test" name="subTestGetSourceDurationFirstFrameString3AsLocalTime" time="0.0" />
  <testcase classname="aka.jmetadata.test.JMetaDataText_Test" name="subTestGetCodecIDStringAsURL" time="0.0" />
  <testcase classname="aka.jmetadata.test.JMetaDataText_Test" name="subTestGetSourceDurationString2AsBigInteger" time="0.0" />
  <testcase classname="aka.jmetadata.test.JMetaDataText_Test" name="subTestGetFrameRateMinimumStringAsBoolean" time="0.0" />
  <testcase classname="aka.jmetadata.test.JMetaDataText_Test" name="subTestGetVideoDelayString2AsBigInteger" time="0.001" />
  <testcase classname="aka.jmetadata.test.JMetaDataText_Test" name="subTestGetEncodedLibraryCompanyNameAsLong" time="0.0" />
  <testcase classname="aka.jmetadata.test.JMetaDataText_Test" name="subTestGetLanguageStringAsBoolean" time="0.0" />
  <testcase classname="aka.jmetadata.test.JMetaDataText_Test" name="subTestGetFrameRateModeAsBigInteger" time="0.0" />
  <testcase classname="aka.jmetadata.test.JMetaDataText_Test" name="subTestGetStreamSizeDemuxedStringAsURL" time="0.0" />
  <testcase classname="aka.jmetadata.test.JMetaDataText_Test" name="subTestGetDurationLastFrameString1AsLong" time="0.0" />
  <testcase classname="aka.jmetadata.test.JMetaDataText_Test" name="subTestGetFormatCommercialAsString" time="0.0" />
  <testcase classname="aka.jmetadata.test.JMetaDataText_Test" name="subTestGetVideoDelayString2AsBoolean" time="0.0" />
  <testcase classname="aka.jmetadata.test.JMetaDataText_Test" name="subTestGetSourceStreamSizeEncodedStringAsLocalDateTime" time="0.0" />
  <testcase classname="aka.jmetadata.test.JMetaDataText_Test" name="subTestGetSourceStreamSizeString5AsLong" time="0.0" />
  <testcase classname="aka.jmetadata.test.JMetaDataText_Test" name="subTestGetBitDepthAsBoolean" time="0.0" />
  <testcase classname="aka.jmetadata.test.JMetaDataText_Test" name="subTestGetDelayOriginalString1AsLong" time="0.0" />
  <testcase classname="aka.jmetadata.test.JMetaDataText_Test" name="subTestGetDelayAsBigInteger" time="0.0" />
  <testcase classname="aka.jmetadata.test.JMetaDataText_Test" name="subTestGetSourceDurationFirstFrameString3AsString" time="0.001" />
  <testcase classname="aka.jmetadata.test.JMetaDataText_Test" name="subTestGetStreamSizeDemuxedAsString" time="0.0" />
  <testcase classname="aka.jmetadata.test.JMetaDataText_Test" name="subTestGetCountAsString" time="0.0" />
  <testcase classname="aka.jmetadata.test.JMetaDataText_Test" name="subTestGetSourceStreamSizeString3AsLocalDateTime" time="0.001" />
  <testcase classname="aka.jmetadata.test.JMetaDataText_Test" name="subTestGetSourceDurationFirstFrameStringAsBigInteger" time="0.0" />
  <testcase classname="aka.jmetadata.test.JMetaDataText_Test" name="subTestGetStreamSizeEncodedString2AsBoolean" time="0.0" />
  <testcase classname="aka.jmetadata.test.JMetaDataText_Test" name="subTestGetMuxingModeAsInteger" time="0.0" />
  <testcase classname="aka.jmetadata.test.JMetaDataText_Test" name="subTestGetDurationLastFrameAsLocalTime" time="0.0" />
  <testcase classname="aka.jmetadata.test.JMetaDataText_Test" name="subTestGetSourceStreamSizeString5AsString" time="0.0" />
  <testcase classname="aka.jmetadata.test.JMetaDataText_Test" name="subTestGetBitRateStringAsLocalTime" time="0.0" />
  <testcase classname="aka.jmetadata.test.JMetaDataText_Test" name="subTestGetSourceDurationString5AsLong" time="0.0" />
  <testcase classname="aka.jmetadata.test.JMetaDataText_Test" name="subTestGetCodecIDAsURL" time="0.0" />
  <testcase classname="aka.jmetadata.test.JMetaDataText_Test" name="subTestGetAlternateGroupStringAsString" time="0.0" />
  <testcase classname="aka.jmetadata.test.JMetaDataText_Test" name="subTestGetLanguageString4AsLocalDateTime" time="0.0" />
  <testcase classname="aka.jmetadata.test.JMetaDataText_Test" name="subTestGetEncodedApplicationCompanyNameAsBoolean" time="0.0" />
  <testcase classname="aka.jmetadata.test.JMetaDataText_Test" name="subTestGetBitRateMinimumStringAsString" time="0.0" />
  <testcase classname="aka.jmetadata.test.JMetaDataText_Test" name="subTestGetColorSpaceAsLocalTime" time="0.001" />
  <testcase classname="aka.jmetadata.test.JMetaDataText_Test" name="subTestGetAlternateGroupStringAsInteger" time="0.0" />
  <testcase classname="aka.jmetadata.test.JMetaDataText_Test" name="subTestGetDefaultStringAsBoolean" time="0.0" />
  <testcase classname="aka.jmetadata.test.JMetaDataText_Test" name="subTestGetDurationFirstFrameString4AsBigInteger" time="0.0" />
  <testcase classname="aka.jmetadata.test.JMetaDataText_Test" name="subTestGetSourceDurationStringAsURL" time="0.0" />
  <testcase classname="aka.jmetadata.test.JMetaDataText_Test" name="subTestGetFormatCommercialIfAnyAsBoolean" time="0.0" />
  <testcase classname="aka.jmetadata.test.JMetaDataText_Test" name="subTestGetDelayStringAsString" time="0.0" />
  <testcase classname="aka.jmetadata.test.JMetaDataText_Test" name="subTestGetFrameRateMinimumAsBigInteger" time="0.0" />
  <testcase classname="aka.jmetadata.test.JMetaDataText_Test" name="subTestGetEncodedLibraryVersionAsLong" time="0.0" />
  <testcase classname="aka.jmetadata.test.JMetaDataText_Test" name="subTestGetDurationLastFrameString1AsLocalDateTime" time="0.001" />
  <testcase classname="aka.jmetadata.test.JMetaDataText_Test" name="subTestGetDelayString4AsLocalDateTime" time="0.0" />
  <testcase classname="aka.jmetadata.test.JMetaDataText_Test" name="subTestGetForcedStringAsInteger" time="0.001" />
  <testcase classname="aka.jmetadata.test.JMetaDataText_Test" name="subTestGetServiceKindStringAsURL" time="0.0" />
  <testcase classname="aka.jmetadata.test.JMetaDataText_Test" name="subTestGetEncryptionAsBoolean" time="0.001" />
  <testcase classname="aka.jmetadata.test.JMetaDataText_Test" name="subTestGetBitRateMaximumAsLocalDateTime" time="0.0" />
  <testcase classname="aka.jmetadata.test.JMetaDataText_Test" name="subTestGetDurationLastFrameStringAsLocalTime" time="0.0" />
  <testcase classname="aka.jmetadata.test.JMetaDataText_Test" name="subTestGetSourceDurationAsURL" time="0.001" />
  <testcase classname="aka.jmetadata.test.JMetaDataText_Test" name="subTestGetStreamSizeDemuxedString1AsBoolean" time="0.0" />
  <testcase classname="aka.jmetadata.test.JMetaDataText_Test" name="subTestGetFormatAsBoolean" time="0.0" />
  <testcase classname="aka.jmetadata.test.JMetaDataText_Test" name="subTestGetSourceDurationLastFrameString1AsLocalDateTime" time="0.0" />
  <testcase classname="aka.jmetadata.test.JMetaDataText_Test" name="subTestGetFrameRateMinimumStringAsString" time="0.0" />
  <testcase classname="aka.jmetadata.test.JMetaDataText_Test" name="subTestGetDurationFirstFrameString4AsBoolean" time="0.0" />
  <testcase classname="aka.jmetadata.test.JMetaDataText_Test" name="subTestGetSourceDurationLastFrameString5AsBoolean" time="0.0" />
  <testcase classname="aka.jmetadata.test.JMetaDataText_Test" name="subTestGetFrameRateMaximumAsBigInteger" time="0.0" />
  <testcase classname="aka.jmetadata.test.JMetaDataText_Test" name="subTestGetFrameRateOriginalAsInteger" time="0.001" />
  <testcase classname="aka.jmetadata.test.JMetaDataText_Test" name="subTestGetDelayOriginalStringAsLong" time="0.0" />
  <testcase classname="aka.jmetadata.test.JMetaDataText_Test" name="subTestGetWidthAsBoolean" time="0.0" />
  <testcase classname="aka.jmetadata.test.JMetaDataText_Test" name="subTestGetUniqueIDAsURL" time="0.0" />
  <testcase classname="aka.jmetadata.test.JMetaDataText_Test" name="subTestGetDelayOriginalStringAsLocalTime" time="0.0" />
  <testcase classname="aka.jmetadata.test.JMetaDataText_Test" name="subTestGetSourceDurationFirstFrameString4AsLocalTime" time="0.0" />
  <testcase classname="aka.jmetadata.test.JMetaDataText_Test" name="subTestGetDelaySourceAsString" time="0.0" />
  <testcase classname="aka.jmetadata.test.JMetaDataText_Test" name="subTestGetBitRateNominalStringAsString" time="0.0" />
  <testcase classname="aka.jmetadata.test.JMetaDataText_Test" name="subTestGetSourceStreamSizeAsLocalDateTime" time="0.001" />
  <testcase classname="aka.jmetadata.test.JMetaDataText_Test" name="subTestGetSourceDurationString1AsString" time="0.0" />
  <testcase classname="aka.jmetadata.test.JMetaDataText_Test" name="subTestGetCodecIDHintAsLocalTime" time="0.001" />
  <testcase classname="aka.jmetadata.test.JMetaDataText_Test" name="subTestGetFrameRateDenAsInteger" time="0.0" />
  <testcase classname="aka.jmetadata.test.JMetaDataText_Test" name="subTestGetSourceDurationString4AsBoolean" time="0.0" />
  <testcase classname="aka.jmetadata.test.JMetaDataText_Test" name="subTestGetCompressionRatioAsString" time="0.0" />
  <testcase classname="aka.jmetadata.test.JMetaDataText_Test" name="subTestGetInformAsURL" time="0.001" />
  <testcase classname="aka.jmetadata.test.JMetaDataText_Test" name="subTestGetStreamSizeEncodedString1AsURL" time="0.0" />
  <testcase classname="aka.jmetadata.test.JMetaDataText_Test" name="subTestGetBitDepthAsLocalTime" time="0.001" />
  <testcase classname="aka.jmetadata.test.JMetaDataText_Test" name="subTestGetDurationLastFrameString2AsBigInteger" time="0.0" />
  <testcase classname="aka.jmetadata.test.JMetaDataText_Test" name="subTestGetEncodedApplicationVersionAsBigInteger" time="0.0" />
  <testcase classname="aka.jmetadata.test.JMetaDataText_Test" name="subTestGetCodecIDAsInteger" time="0.001" />
  <testcase classname="aka.jmetadata.test.JMetaDataText_Test" name="subTestGetLanguageMoreAsBigInteger" time="0.0" />
  <testcase classname="aka.jmetadata.test.JMetaDataText_Test" name="subTestGetEncodedDateAsInteger" time="0.001" />
  <testcase classname="aka.jmetadata.test.JMetaDataText_Test" name="subTestGetBitRateNominalAsLocalTime" time="0.001" />
  <testcase classname="aka.jmetadata.test.JMetaDataText_Test" name="subTestGetStatusAsLocalTime" time="0.0" />
  <testcase classname="aka.jmetadata.test.JMetaDataText_Test" name="subTestGetFrameRateNominalStringAsString" time="0.0" />
  <testcase classname="aka.jmetadata.test.JMetaDataText_Test" name="subTestGetSourceStreamSizeString3AsInteger" time="0.001" />
  <testcase classname="aka.jmetadata.test.JMetaDataText_Test" name="subTestGetHeightStringAsString" time="0.0" />
  <testcase classname="aka.jmetadata.test.JMetaDataText_Test" name="subTestGetStreamKindIDAsBigInteger" time="0.0" />
  <testcase classname="aka.jmetadata.test.JMetaDataText_Test" name="subTestGetStreamSizeEncodedString2AsURL" time="0.001" />
  <testcase classname="aka.jmetadata.test.JMetaDataText_Test" name="subTestGetEncodedLibraryDateAsInteger" time="0.0" />
  <testcase classname="aka.jmetadata.test.JMetaDataText_Test" name="subTestGetFormatInfoAsLocalTime" time="0.0" />
  <testcase classname="aka.jmetadata.test.JMetaDataText_Test" name="subTestGetBitRateMinimumAsLocalTime" time="0.0" />
  <testcase classname="aka.jmetadata.test.JMetaDataText_Test" name="subTestGetStreamSizeEncodedStringAsURL" time="0.0" />
  <testcase classname="aka.jmetadata.test.JMetaDataText_Test" name="subTestGetSourceDurationFirstFrameString3AsLocalDateTime" time="0.0" />
  <testcase classname="aka.jmetadata.test.JMetaDataText_Test" name="subTestGetDurationFirstFrameAsBoolean" time="0.0" />
  <testcase classname="aka.jmetadata.test.JMetaDataText_Test" name="subTestGetEncodedLibraryAsBoolean" time="0.0" />
  <testcase classname="aka.jmetadata.test.JMetaDataText_Test" name="subTestGetIDAsBigInteger" time="0.0" />
  <testcase classname="aka.jmetadata.test.JMetaDataText_Test" name="subTestGetDelaySettingsAsLocalTime" time="0.0" />
  <testcase classname="aka.jmetadata.test.JMetaDataText_Test" name="subTestGetServiceKindAsLong" time="0.001" />
  <testcase classname="aka.jmetadata.test.JMetaDataText_Test" name="subTestGetStatusAsBoolean" time="0.0" />
  <testcase classname="aka.jmetadata.test.JMetaDataText_Test" name="subTestGetSourceStreamSizeString1AsLocalTime" time="0.001" />
  <testcase classname="aka.jmetadata.test.JMetaDataText_Test" name="subTestGetBitRateAsURL" time="0.0" />
  <testcase classname="aka.jmetadata.test.JMetaDataText_Test" name="subTestGetSourceDurationLastFrameString1AsLong" time="0.0" />
  <testcase classname="aka.jmetadata.test.JMetaDataText_Test" name="subTestGetSourceDurationAsInteger" time="0.0" />
  <testcase classname="aka.jmetadata.test.JMetaDataText_Test" name="subTestGetDurationLastFrameString5AsString" time="0.0" />
  <testcase classname="aka.jmetadata.test.JMetaDataText_Test" name="subTestGetVideoDelayString3AsLong" time="0.0" />
  <testcase classname="aka.jmetadata.test.JMetaDataText_Test" name="subTestGetStreamSizeEncodedString3AsURL" time="0.0" />
  <testcase classname="aka.jmetadata.test.JMetaDataText_Test" name="subTestGetUniqueIDStringAsString" time="0.0" />
  <testcase classname="aka.jmetadata.test.JMetaDataText_Test" name="subTestGetFrameRateNominalAsLong" time="0.0" />
  <testcase classname="aka.jmetadata.test.JMetaDataText_Test" name="subTestGetVideoDelayString1AsBoolean" time="0.0" />
  <testcase classname="aka.jmetadata.test.JMetaDataText_Test" name="subTestGetDurationLastFrameAsLong" time="0.0" />
  <testcase classname="aka.jmetadata.test.JMetaDataText_Test" name="subTestGetStreamKindIDAsLocalTime" time="0.0" />
  <testcase classname="aka.jmetadata.test.JMetaDataText_Test" name="subTestGetWidthStringAsBoolean" time="0.0" />
  <testcase classname="aka.jmetadata.test.JMetaDataText_Test" name="subTestGetForcedAsBigInteger" time="0.0" />
  <testcase classname="aka.jmetadata.test.JMetaDataText_Test" name="subTestGetStreamKindIDAsLocalDateTime" time="0.0" />
  <testcase classname="aka.jmetadata.test.JMetaDataText_Test" name="subTestGetDurationLastFrameString1AsLocalTime" time="0.0" />
  <testcase classname="aka.jmetadata.test.JMetaDataText_Test" name="subTestGetStreamSizeEncodedString1AsBoolean" time="0.0" />
  <testcase classname="aka.jmetadata.test.JMetaDataText_Test" name="subTestGetBitRateEncodedStringAsLong" time="0.001" />
  <testcase classname="aka.jmetadata.test.JMetaDataText_Test" name="subTestGetLanguageAsLocalTime" time="0.0" />
  <testcase classname="aka.jmetadata.test.JMetaDataText_Test" name="subTestGetStreamSizeEncodedString4AsURL" time="0.001" />
  <testcase classname="aka.jmetadata.test.JMetaDataText_Test" name="subTestGetStreamSizeDemuxedString2AsString" time="0.0" />
  <testcase classname="aka.jmetadata.test.JMetaDataText_Test" name="subTestGetFormatInfoAsURL" time="0.0" />
  <testcase classname="aka.jmetadata.test.JMetaDataText_Test" name="subTestGetCodecIDHintAsBoolean" time="0.0" />
  <testcase classname="aka.jmetadata.test.JMetaDataText_Test" name="subTestGetDelaySourceAsLocalTime" time="0.0" />
  <testcase classname="aka.jmetadata.test.JMetaDataText_Test" name="subTestGetSourceDurationFirstFrameString5AsLocalTime" time="0.0" />
  <testcase classname="aka.jmetadata.test.JMetaDataText_Test" name="subTestGetBitRateStringAsURL" time="0.0" />
  <testcase classname="aka.jmetadata.test.JMetaDataText_Test" name="subTestGetFrameRateStringAsLong" time="0.0" />
  <testcase classname="aka.jmetadata.test.JMetaDataText_Test" name="subTestGetBitDepthAsLocalDateTime" time="0.001" />
  <testcase classname="aka.jmetadata.test.JMetaDataText_Test" name="subTestGetSourceStreamSizeEncodedString4AsBigInteger" time="0.001" />
  <testcase classname="aka.jmetadata.test.JMetaDataText_Test" name="subTestGetStreamKindAsBigInteger" time="0.0" />
  <testcase classname="aka.jmetadata.test.JMetaDataText_Test" name="subTestGetDurationFirstFrameString2AsLocalDateTime" time="0.0" />
  <testcase classname="aka.jmetadata.test.JMetaDataText_Test" name="subTestGetStreamSizeEncodedString5AsURL" time="0.001" />
  <testcase classname="aka.jmetadata.test.JMetaDataText_Test" name="subTestGetFormatProfileAsLocalTime" time="0.0" />
  <testcase classname="aka.jmetadata.test.JMetaDataText_Test" name="subTestGetCodecIDAsBigInteger" time="0.0" />
  <testcase classname="aka.jmetadata.test.JMetaDataText_Test" name="subTestGetDelayOriginalString3AsString" time="0.001" />
  <testcase classname="aka.jmetadata.test.JMetaDataText_Test" name="subTestGetDelaySourceStringAsBigInteger" time="0.0" />
  <testcase classname="aka.jmetadata.test.JMetaDataText_Test" name="subTestGetSourceDurationString1AsBigInteger" time="0.0" />
  <testcase classname="aka.jmetadata.test.JMetaDataText_Test" name="subTestGetVideoDelayString1AsBigInteger" time="0.0" />
  <testcase classname="aka.jmetadata.test.JMetaDataText_Test" name="subTestGetDurationLastFrameAsLocalDateTime" time="0.0" />
  <testcase classname="aka.jmetadata.test.JMetaDataText_Test" name="subTestGetElementCountAsLocalTime" time="0.0" />
  <testcase classname="aka.jmetadata.test.JMetaDataText_Test" name="subTestGetEncodedOperatingSystemAsBoolean" time="0.0" />
  <testcase classname="aka.jmetadata.test.JMetaDataText_Test" name="subTestGetDurationFirstFrameString3AsBoolean" time="0.0" />
  <testcase classname="aka.jmetadata.test.JMetaDataText_Test" name="subTestGetSourceDurationLastFrameString4AsBoolean" time="0.0" />
  <testcase classname="aka.jmetadata.test.JMetaDataText_Test" name="subTestGetCodecIDDescriptionAsLocalDateTime" time="0.0" />
  <testcase classname="aka.jmetadata.test.JMetaDataText_Test" name="subTestGetDurationLastFrameAsURL" time="0.0" />
  <testcase classname="aka.jmetadata.test.JMetaDataText_Test" name="subTestGetBitRateEncodedStringAsURL" time="0.0" />
  <testcase classname="aka.jmetadata.test.JMetaDataText_Test" name="subTestGetIDAsURL" time="0.0" />
  <testcase classname="aka.jmetadata.test.JMetaDataText_Test" name="subTestGetChromaSubsamplingAsInteger" time="0.0" />
  <testcase classname="aka.jmetadata.test.JMetaDataText_Test" name="subTestGetIDAsLong" time="0.0" />
  <testcase classname="aka.jmetadata.test.JMetaDataText_Test" name="subTestGetMuxingModeMoreInfoAsInteger" time="0.0" />
  <testcase classname="aka.jmetadata.test.JMetaDataText_Test" name="subTestGetDurationLastFrameAsInteger" time="0.0" />
  <testcase classname="aka.jmetadata.test.JMetaDataText_Test" name="subTestGetSourceDurationStringAsString" time="0.001" />
  <testcase classname="aka.jmetadata.test.JMetaDataText_Test" name="subTestGetSourceStreamSizeString2AsLocalTime" time="0.0" />
  <testcase classname="aka.jmetadata.test.JMetaDataText_Test" name="subTestGetSourceDurationString3AsBoolean" time="0.0" />
  <testcase classname="aka.jmetadata.test.JMetaDataText_Test" name="subTestGetServiceKindAsString" time="0.0" />
  <testcase classname="aka.jmetadata.test.JMetaDataText_Test" name="subTestGetDurationAsString" time="0.0" />
  <testcase classname="aka.jmetadata.test.JMetaDataText_Test" name="subTestGetEncodedLibraryNameAsURL" time="0.0" />
  <testcase classname="aka.jmetadata.test.JMetaDataText_Test" name="subTestGetDurationLastFrameStringAsLocalDateTime" time="0.0" />
  <testcase classname="aka.jmetadata.test.JMetaDataText_Test" name="subTestGetStreamKindIDAsInteger" time="0.0" />
  <testcase classname="aka.jmetadata.test.JMetaDataText_Test" name="subTestGetDelayOriginalDropFrameAsBoolean" time="0.001" />
  <testcase classname="aka.jmetadata.test.JMetaDataText_Test" name="subTestGetDelaySettingsAsLong" time="0.0" />
  <testcase classname="aka.jmetadata.test.JMetaDataText_Test" name="subTestGetBitRateModeAsBigInteger" time="0.001" />
  <testcase classname="aka.jmetadata.test.JMetaDataText_Test" name="subTestGetLanguageString4AsBoolean" time="0.0" />
  <testcase classname="aka.jmetadata.test.JMetaDataText_Test" name="subTestGetLanguageMoreAsURL" time="0.0" />
  <testcase classname="aka.jmetadata.test.JMetaDataText_Test" name="subTestGetDurationLastFrameString2AsLocalTime" time="0.0" />
  <testcase classname="aka.jmetadata.test.JMetaDataText_Test" name="subTestGetDurationFirstFrameString3AsBigInteger" time="0.0" />
  <testcase classname="aka.jmetadata.test.JMetaDataText_Test" name="subTestGetFrameRateDenAsBigInteger" time="0.0" />
  <testcase classname="aka.jmetadata.test.JMetaDataText_Test" name="subTestGetBitRateMinimumStringAsInteger" time="0.0" />
  <testcase classname="aka.jmetadata.test.JMetaDataText_Test" name="subTestGetSourceStreamSizeString2AsInteger" time="0.0" />
  <testcase classname="aka.jmetadata.test.JMetaDataText_Test" name="subTestGetSourceDurationStringAsInteger" time="0.0" />
  <testcase classname="aka.jmetadata.test.JMetaDataText_Test" name="subTestGetFrameRateNominalStringAsLocalTime" time="0.0" />
  <testcase classname="aka.jmetadata.test.JMetaDataText_Test" name="subTestGetUniqueIDAsLocalTime" time="0.0" />
  <testcase classname="aka.jmetadata.test.JMetaDataText_Test" name="subTestGetLanguageStringAsLocalDateTime" time="0.001" />
  <testcase classname="aka.jmetadata.test.JMetaDataText_Test" name="subTestGetOriginalSourceMediumIDAsString" time="0.0" />
  <testcase classname="aka.jmetadata.test.JMetaDataText_Test" name="subTestGetStreamSizeDemuxedStringAsBoolean" time="0.0" />
  <testcase classname="aka.jmetadata.test.JMetaDataText_Test" name="subTestGetCodecIDDescriptionAsInteger" time="0.0" />
  <testcase classname="aka.jmetadata.test.JMetaDataText_Test" name="subTestGetStreamSizeAsString" time="0.001" />
  <testcase classname="aka.jmetadata.test.JMetaDataText_Test" name="subTestGetDelayOriginalAsLocalTime" time="0.0" />
  <testcase classname="aka.jmetadata.test.JMetaDataText_Test" name="subTestGetMenuIDAsURL" time="0.0" />
  <testcase classname="aka.jmetadata.test.JMetaDataText_Test" name="subTestGetStreamSizeString3AsLocalDateTime" time="0.0" />
  <testcase classname="aka.jmetadata.test.JMetaDataText_Test" name="subTestGetBitRateModeStringAsURL" time="0.0" />
  <testcase classname="aka.jmetadata.test.JMetaDataText_Test" name="subTestGetStreamSizeString4AsString" time="0.0" />
  <testcase classname="aka.jmetadata.test.JMetaDataText_Test" name="subTestGetDurationString1AsLocalTime" time="0.001" />
  <testcase classname="aka.jmetadata.test.JMetaDataText_Test" name="subTestGetFrameRateMaximumStringAsInteger" time="0.0" />
  <testcase classname="aka.jmetadata.test.JMetaDataText_Test" name="subTestGetDelayOriginalString4AsLocalDateTime" time="0.0" />
  <testcase classname="aka.jmetadata.test.JMetaDataText_Test" name="subTestGetDisabledAsLocalDateTime" time="0.0" />
  <testcase classname="aka.jmetadata.test.JMetaDataText_Test" name="subTestGetFormatSettingsWrappingAsLocalTime" time="0.0" />
  <testcase classname="aka.jmetadata.test.JMetaDataText_Test" name="subTestGetDurationString1AsLong" time="0.0" />
  <testcase classname="aka.jmetadata.test.JMetaDataText_Test" name="subTestGetCodecIDAsLong" time="0.0" />
  <testcase classname="aka.jmetadata.test.JMetaDataText_Test" name="subTestGetBitRateMinimumAsString" time="0.0" />
  <testcase classname="aka.jmetadata.test.JMetaDataText_Test" name="subTestGetFrameRateNumAsLocalDateTime" time="0.0" />
  <testcase classname="aka.jmetadata.test.JMetaDataText_Test" name="subTestGetChromaSubsamplingAsLocalTime" time="0.0" />
  <testcase classname="aka.jmetadata.test.JMetaDataText_Test" name="subTestGetEncodedLibrarySettingsAsBigInteger" time="0.0" />
  <testcase classname="aka.jmetadata.test.JMetaDataText_Test" name="subTestGetBitRateNominalStringAsBigInteger" time="0.0" />
  <testcase classname="aka.jmetadata.test.JMetaDataText_Test" name="subTestGetStreamSizeEncodedString2AsLong" time="0.001" />
  <testcase classname="aka.jmetadata.test.JMetaDataText_Test" name="subTestGetServiceKindAsInteger" time="0.0" />
  <testcase classname="aka.jmetadata.test.JMetaDataText_Test" name="subTestGetSourceDurationLastFrameAsBigInteger" time="0.0" />
  <testcase classname="aka.jmetadata.test.JMetaDataText_Test" name="subTestGetDurationLastFrameString1AsBigInteger" time="0.0" />
  <testcase classname="aka.jmetadata.test.JMetaDataText_Test" name="subTestGetDurationString1AsURL" time="0.0" />
  <testcase classname="aka.jmetadata.test.JMetaDataText_Test" name="subTestGetSourceStreamSizeString3AsLocalTime" time="0.0" />
  <testcase classname="aka.jmetadata.test.JMetaDataText_Test" name="subTestGetOriginalSourceMediumIDAsBoolean" time="0.0" />
  <testcase classname="aka.jmetadata.test.JMetaDataText_Test" name="subTestGetBitRateMaximumStringAsLocalTime" time="0.0" />
  <testcase classname="aka.jmetadata.test.JMetaDataText_Test" name="subTestGetInternetMediaTypeAsLocalTime" time="0.0" />
  <testcase classname="aka.jmetadata.test.JMetaDataText_Test" name="subTestGetStreamSizeString5AsLong" time="0.0" />
  <testcase classname="aka.jmetadata.test.JMetaDataText_Test" name="subTestGetSourceDurationFirstFrameAsInteger" time="0.0" />
  <testcase classname="aka.jmetadata.test.JMetaDataText_Test" name="subTestGetBitRateStringAsString" time="0.0" />
  <testcase classname="aka.jmetadata.test.JMetaDataText_Test" name="subTestGetVideoDelayStringAsString" time="0.0" />
  <testcase classname="aka.jmetadata.test.JMetaDataText_Test" name="subTestGetBitRateEncodedStringAsInteger" time="0.001" />
  <testcase classname="aka.jmetadata.test.JMetaDataText_Test" name="subTestGetDurationLastFrameString3AsLocalTime" time="0.001" />
  <testcase classname="aka.jmetadata.test.JMetaDataText_Test" name="subTestGetDurationString2AsURL" time="0.0" />
  <testcase classname="aka.jmetadata.test.JMetaDataText_Test" name="subTestGetEncodedLibraryStringAsLocalTime" time="0.0" />
  <testcase classname="aka.jmetadata.test.JMetaDataText_Test" name="subTestGetBitRateMinimumAsLong" time="0.0" />
  <testcase classname="aka.jmetadata.test.JMetaDataText_Test" name="subTestGetFormatVersionAsLocalDateTime" time="0.0" />
  <testcase classname="aka.jmetadata.test.JMetaDataText_Test" name="subTestGetLanguageMoreAsLocalTime" time="0.0" />
  <testcase classname="aka.jmetadata.test.JMetaDataText_Test" name="subTestGetIDAsLocalTime" time="0.0" />
  <testcase classname="aka.jmetadata.test.JMetaDataText_Test" name="subTestGetSourceStreamSizeStringAsBigInteger" time="0.0" />
  <testcase classname="aka.jmetadata.test.JMetaDataText_Test" name="subTestGetDurationAsInteger" time="0.0" />
  <testcase classname="aka.jmetadata.test.JMetaDataText_Test" name="subTestGetDurationFirstFrameString2AsBoolean" time="0.001" />
  <testcase classname="aka.jmetadata.test.JMetaDataText_Test" name="subTestGetSourceDurationLastFrameString3AsBoolean" time="0.0" />
  <testcase classname="aka.jmetadata.test.JMetaDataText_Test" name="subTestGetEncodedApplicationUrlAsBoolean" time="0.0" />
  <testcase classname="aka.jmetadata.test.JMetaDataText_Test" name="subTestGetCompressionModeStringAsLong" time="0.0" />
  <testcase classname="aka.jmetadata.test.JMetaDataText_Test" name="subTestGetFrameRateOriginalStringAsBoolean" time="0.0" />
  <testcase classname="aka.jmetadata.test.JMetaDataText_Test" name="subTestGetDurationString3AsURL" time="0.0" />
  <testcase classname="aka.jmetadata.test.JMetaDataText_Test" name="subTestGetStatusAsLocalDateTime" time="0.001" />
  <testcase classname="aka.jmetadata.test.JMetaDataText_Test" name="subTestGetStreamOrderAsLocalDateTime" time="0.0" />
  <testcase classname="aka.jmetadata.test.JMetaDataText_Test" name="subTestGetBitRateModeStringAsBigInteger" time="0.0" />
  <testcase classname="aka.jmetadata.test.JMetaDataText_Test" name="subTestGetDurationLastFrameStringAsBigInteger" time="0.0" />
  <testcase classname="aka.jmetadata.test.JMetaDataText_Test" name="subTestGetVideoDelayString1AsString" time="0.0" />
  <testcase classname="aka.jmetadata.test.JMetaDataText_Test" name="subTestGetSourceDurationString2AsBoolean" time="0.0" />
  <testcase classname="aka.jmetadata.test.JMetaDataText_Test" name="subTestGetLanguageString4AsString" time="0.0" />
  <testcase classname="aka.jmetadata.test.JMetaDataText_Test" name="subTestGetFormatCompressionAsBoolean" time="0.0" />
  <testcase classname="aka.jmetadata.test.JMetaDataText_Test" name="subTestGetSourceStreamSizeString2AsLocalDateTime" time="0.001" />
  <testcase classname="aka.jmetadata.test.JMetaDataText_Test" name="subTestGetDurationString5AsLocalDateTime" time="0.0" />
  <testcase classname="aka.jmetadata.test.JMetaDataText_Test" name="subTestGetDurationString2AsLocalTime" time="0.0" />
  <testcase classname="aka.jmetadata.test.JMetaDataText_Test" name="subTestGetDurationString4AsURL" time="0.0" />
  <testcase classname="aka.jmetadata.test.JMetaDataText_Test" name="subTestGetFrameRateAsLocalTime" time="0.0" />
  <testcase classname="aka.jmetadata.test.JMetaDataText_Test" name="subTestGetEncodedApplicationStringAsBoolean" time="0.0" />
  <testcase classname="aka.jmetadata.test.JMetaDataText_Test" name="subTestGetSourceStreamSizeEncodedString3AsBigInteger" time="0.0" />
  <testcase classname="aka.jmetadata.test.JMetaDataText_Test" name="subTestGetLanguageString3AsBoolean" time="0.0" />
  <testcase classname="aka.jmetadata.test.JMetaDataText_Test" name="subTestGetDelaySourceAsBoolean" time="0.001" />
  <testcase classname="aka.jmetadata.test.JMetaDataText_Test" name="subTestGetLanguageString3AsLocalDateTime" time="0.0" />
  <testcase classname="aka.jmetadata.test.JMetaDataText_Test" name="subTestGetHeightStringAsLong" time="0.0" />
  <testcase classname="aka.jmetadata.test.JMetaDataText_Test" name="subTestGetSourceStreamSizeEncodedString1AsString" time="0.0" />
  <testcase classname="aka.jmetadata.test.JMetaDataText_Test" name="subTestGetSourceStreamSizeString1AsInteger" time="0.0" />
  <testcase classname="aka.jmetadata.test.JMetaDataText_Test" name="subTestGetDurationString5AsURL" time="0.0" />
  <testcase classname="aka.jmetadata.test.JMetaDataText_Test" name="subTestGetEncodedApplicationVersionAsLong" time="0.0" />
  <testcase classname="aka.jmetadata.test.JMetaDataText_Test" name="subTestGetVideoDelayStringAsURL" time="0.0" />
  <testcase classname="aka.jmetadata.test.JMetaDataText_Test" name="subTestGetDurationString1AsString" time="0.0" />
  <testcase classname="aka.jmetadata.test.JMetaDataText_Test" name="subTestGetSourceStreamSizeString4AsLocalTime" time="0.001" />
  <testcase classname="aka.jmetadata.test.JMetaDataText_Test" name="subTestGetSourceFrameCountAsLong" time="0.0" />
  <testcase classname="aka.jmetadata.test.JMetaDataText_Test" name="subTestGetDelayString3AsLocalDateTime" time="0.001" />
  <testcase classname="aka.jmetadata.test.JMetaDataText_Test" name="subTestGetDurationFirstFrameAsLocalTime" time="0.0" />
  <testcase classname="aka.jmetadata.test.JMetaDataText_Test" name="subTestGetSourceStreamSizeEncodedString5AsBoolean" time="0.0" />
  <testcase classname="aka.jmetadata.test.JMetaDataText_Test" name="subTestGetStreamSizeAsBoolean" time="0.0" />
  <testcase classname="aka.jmetadata.test.JMetaDataText_Test" name="subTestGetEncodedApplicationVersionAsLocalDateTime" time="0.0" />
  <testcase classname="aka.jmetadata.test.JMetaDataText_Test" name="subTestGetCompressionModeAsURL" time="0.0" />
  <testcase classname="aka.jmetadata.test.JMetaDataText_Test" name="subTestGetFrameRateOriginalAsLocalTime" time="0.0" />
  <testcase classname="aka.jmetadata.test.JMetaDataText_Test" name="subTestGetSourceStreamSizeEncodedAsLocalTime" time="0.001" />
  <testcase classname="aka.jmetadata.test.JMetaDataText_Test" name="subTestGetDurationLastFrameString4AsLocalTime" time="0.0" />
  <testcase classname="aka.jmetadata.test.JMetaDataText_Test" name="subTestGetEncodedLibrarySettingsAsLocalDateTime" time="0.0" />
  <testcase classname="aka.jmetadata.test.JMetaDataText_Test" name="subTestGetDefaultAsString" time="0.0" />
  <testcase classname="aka.jmetadata.test.JMetaDataText_Test" name="subTestGetInformAsLocalDateTime" time="0.0" />
  <testcase classname="aka.jmetadata.test.JMetaDataText_Test" name="subTestGetSourceStreamSizeEncodedProportionAsBoolean" time="0.0" />
  <testcase classname="aka.jmetadata.test.JMetaDataText_Test" name="subTestGetBitRateNominalStringAsBoolean" time="0.0" />
  <testcase classname="aka.jmetadata.test.JMetaDataText_Test" name="subTestGetSourceStreamSizeEncodedString2AsLong" time="0.001" />
  <testcase classname="aka.jmetadata.test.JMetaDataText_Test" name="subTestGetCodecIDUrlAsLong" time="0.0" />
  <testcase classname="aka.jmetadata.test.JMetaDataText_Test" name="subTestGetForcedAsLocalTime" time="0.001" />
  <testcase classname="aka.jmetadata.test.JMetaDataText_Test" name="subTestGetDefaultAsInteger" time="0.0" />
  <testcase classname="aka.jmetadata.test.JMetaDataText_Test" name="subTestGetDelaySettingsAsBoolean" time="0.0" />
  <testcase classname="aka.jmetadata.test.JMetaDataText_Test" name="subTestGetStreamKindStringAsString" time="0.0" />
  <testcase classname="aka.jmetadata.test.JMetaDataText_Test" name="subTestGetElementCountAsLocalDateTime" time="0.0" />
  <testcase classname="aka.jmetadata.test.JMetaDataText_Test" name="subTestGetDurationFirstFrameString2AsBigInteger" time="0.0" />
  <testcase classname="aka.jmetadata.test.JMetaDataText_Test" name="subTestGetCompressionModeStringAsInteger" time="0.0" />
  <testcase classname="aka.jmetadata.test.JMetaDataText_Test" name="subTestGetOriginalSourceMediumIDAsBigInteger" time="0.0" />
  <testcase classname="aka.jmetadata.test.JMetaDataText_Test" name="subTestGetStreamSizeEncodedStringAsLong" time="0.0" />
  <testcase classname="aka.jmetadata.test.JMetaDataText_Test" name="subTestGetFormatCommercialIfAnyAsLong" time="0.0" />
  <testcase classname="aka.jmetadata.test.JMetaDataText_Test" name="subTestGetSourceStreamSizeEncodedString1AsLocalTime" time="0.0" />
  <testcase classname="aka.jmetadata.test.JMetaDataText_Test" name="subTestGetCodecIDInfoAsInteger" time="0.0" />
  <testcase classname="aka.jmetadata.test.JMetaDataText_Test" name="subTestGetDurationString3AsLocalTime" time="0.0" />
  <testcase classname="aka.jmetadata.test.JMetaDataText_Test" name="subTestGetDurationFirstFrameString2AsString" time="0.0" />
  <testcase classname="aka.jmetadata.test.JMetaDataText_Test" name="subTestGetFormatAsLong" time="0.0" />
  <testcase classname="aka.jmetadata.test.JMetaDataText_Test" name="subTestGetOriginalSourceMediumIDStringAsBoolean" time="0.0" />
  <testcase classname="aka.jmetadata.test.JMetaDataText_Test" name="subTestGetFormatProfileAsInteger" time="0.0" />
  <testcase classname="aka.jmetadata.test.JMetaDataText_Test" name="subTestGetStreamSizeDemuxedString2AsLong" time="0.0" />
  <testcase classname="aka.jmetadata.test.JMetaDataText_Test" name="subTestGetStreamOrderAsInteger" time="0.0" />
  <testcase classname="aka.jmetadata.test.JMetaDataText_Test" name="subTestGetFormatCompressionAsLocalDateTime" time="0.0" />
  <testcase classname="aka.jmetadata.test.JMetaDataText_Test" name="subTestGetDelayOriginalString5AsBigInteger" time="0.0" />
  <testcase classname="aka.jmetadata.test.JMetaDataText_Test" name="subTestGetCountAsLocalTime" time="0.0" />
  <testcase classname="aka.jmetadata.test.JMetaDataText_Test" name="subTestGetSourceDurationStringAsLocalTime" time="0.0" />
  <testcase classname="aka.jmetadata.test.JMetaDataText_Test" name="subTestGetDurationFirstFrameString1AsBoolean" time="0.0" />
  <testcase classname="aka.jmetadata.test.JMetaDataText_Test" name="subTestGetSourceDurationLastFrameString2AsBoolean" time="0.0" />
  <testcase classname="aka.jmetadata.test.JMetaDataText_Test" name="subTestGetSourceDurationFirstFrameString2AsLocalDateTime" time="0.0" />
  <testcase classname="aka.jmetadata.test.JMetaDataText_Test" name="subTestGetSourceDurationFirstFrameString5AsString" time="0.0" />
  <testcase classname="aka.jmetadata.test.JMetaDataText_Test" name="subTestGetSourceStreamSizeEncodedProportionAsLocalDateTime" time="0.001" />
  <testcase classname="aka.jmetadata.test.JMetaDataText_Test" name="subTestGetDurationStringAsBigInteger" time="0.0" />
  <testcase classname="aka.jmetadata.test.JMetaDataText_Test" name="subTestGetStreamSizeDemuxedAsURL" time="0.0" />
  <testcase classname="aka.jmetadata.test.JMetaDataText_Test" name="subTestGetBitRateStringAsInteger" time="0.0" />
  <testcase classname="aka.jmetadata.test.JMetaDataText_Test" name="subTestGetFormatCompressionAsBigInteger" time="0.0" />
  <testcase classname="aka.jmetadata.test.JMetaDataText_Test" name="subTestGetStreamSizeString5AsBoolean" time="0.0" />
  <testcase classname="aka.jmetadata.test.JMetaDataText_Test" name="subTestGetDurationFirstFrameString1AsLong" time="0.0" />
  <testcase classname="aka.jmetadata.test.JMetaDataText_Test" name="subTestGetDelayString1AsString" time="0.0" />
  <testcase classname="aka.jmetadata.test.JMetaDataText_Test" name="subTestGetMenuIDAsString" time="0.0" />
  <testcase classname="aka.jmetadata.test.JMetaDataText_Test" name="subTestGetDelayOriginalDropFrameAsLong" time="0.0" />
  <testcase classname="aka.jmetadata.test.JMetaDataText_Test" name="subTestGetUniqueIDStringAsLocalTime" time="0.001" />
  <testcase classname="aka.jmetadata.test.JMetaDataText_Test" name="subTestGetSourceStreamSizeString5AsLocalTime" time="0.0" />
  <testcase classname="aka.jmetadata.test.JMetaDataText_Test" name="subTestGetStreamSizeEncodedAsString" time="0.0" />
  <testcase classname="aka.jmetadata.test.JMetaDataText_Test" name="subTestGetDurationString5AsBigInteger" time="0.0" />
  <testcase classname="aka.jmetadata.test.JMetaDataText_Test" name="subTestGetFrameRateNominalStringAsBigInteger" time="0.0" />
  <testcase classname="aka.jmetadata.test.JMetaDataText_Test" name="subTestGetSourceDurationString1AsBoolean" time="0.0" />
  <testcase classname="aka.jmetadata.test.JMetaDataText_Test" name="subTestGetSourceDurationFirstFrameString4AsLong" time="0.0" />
  <testcase classname="aka.jmetadata.test.JMetaDataText_Test" name="subTestGetEncodedLibraryCompanyNameAsString" time="0.0" />
  <testcase classname="aka.jmetadata.test.JMetaDataText_Test" name="subTestGetSourceDurationString5AsLocalDateTime" time="0.0" />
  <testcase classname="aka.jmetadata.test.JMetaDataText_Test" name="subTestGetEncodedLibraryVersionAsLocalDateTime" time="0.0" />
  <testcase classname="aka.jmetadata.test.JMetaDataText_Test" name="subTestGetBitRateMinimumStringAsLocalTime" time="0.0" />
  <testcase classname="aka.jmetadata.test.JMetaDataText_Test" name="subTestGetDurationLastFrameString5AsLocalTime" time="0.0" />
  <testcase classname="aka.jmetadata.test.JMetaDataText_Test" name="subTestGetBitRateEncodedAsInteger" time="0.0" />
  <testcase classname="aka.jmetadata.test.JMetaDataText_Test" name="subTestGetFrameRateStringAsBoolean" time="0.0" />
  <testcase classname="aka.jmetadata.test.JMetaDataText_Test" name="subTestGetSourceDurationString1AsURL" time="0.0" />
  <testcase classname="aka.jmetadata.test.JMetaDataText_Test" name="subTestGetLanguageString2AsBoolean" time="0.0" />
  <testcase classname="aka.jmetadata.test.JMetaDataText_Test" name="subTestGetFrameRateModeAsLong" time="0.0" />
  <testcase classname="aka.jmetadata.test.JMetaDataText_Test" name="subTestGetStreamSizeString1AsURL" time="0.0" />
  <testcase classname="aka.jmetadata.test.JMetaDataText_Test" name="subTestGetLanguageAsBigInteger" time="0.0" />
  <testcase classname="aka.jmetadata.test.JMetaDataText_Test" name="subTestGetSourceStreamSizeString1AsLong" time="0.0" />
  <testcase classname="aka.jmetadata.test.JMetaDataText_Test" name="subTestGetFrameRateNominalAsString" time="0.0" />
  <testcase classname="aka.jmetadata.test.JMetaDataText_Test" name="subTestGetHeightAsLong" time="0.0" />
  <testcase classname="aka.jmetadata.test.JMetaDataText_Test" name="subTestGetBitRateModeAsString" time="0.0" />
  <testcase classname="aka.jmetadata.test.JMetaDataText_Test" name="subTestGetVideoDelayStringAsInteger" time="0.0" />
  <testcase classname="aka.jmetadata.test.JMetaDataText_Test" name="subTestGetFormatInfoAsString" time="0.0" />
  <testcase classname="aka.jmetadata.test.JMetaDataText_Test" name="subTestGetDurationFirstFrameString1AsLocalDateTime" time="0.0" />
  <testcase classname="aka.jmetadata.test.JMetaDataText_Test" name="subTestGetStreamSizeEncodedStringAsString" time="0.0" />
  <testcase classname="aka.jmetadata.test.JMetaDataText_Test" name="subTestGetTitleAsLocalDateTime" time="0.0" />
  <testcase classname="aka.jmetadata.test.JMetaDataText_Test" name="subTestGetSourceDurationString2AsURL" time="0.0" />
  <testcase classname="aka.jmetadata.test.JMetaDataText_Test" name="subTestGetSourceDurationString1AsLong" time="0.0" />
  <testcase classname="aka.jmetadata.test.JMetaDataText_Test" name="subTestGetElementCountAsBoolean" time="0.0" />
  <testcase classname="aka.jmetadata.test.JMetaDataText_Test" name="subTestGetStreamSizeString2AsURL" time="0.0" />
  <testcase classname="aka.jmetadata.test.JMetaDataText_Test" name="subTestGetCodecIDStringAsLocalTime" time="0.0" />
  <testcase classname="aka.jmetadata.test.JMetaDataText_Test" name="subTestGetSourceStreamSizeEncodedString2AsLocalTime" time="0.0" />
  <testcase classname="aka.jmetadata.test.JMetaDataText_Test" name="subTestGetFrameRateModeAsLocalDateTime" time="0.0" />
  <testcase classname="aka.jmetadata.test.JMetaDataText_Test" name="subTestGetServiceKindStringAsLocalTime" time="0.0" />
  <testcase classname="aka.jmetadata.test.JMetaDataText_Test" name="subTestGetSourceStreamSizeEncodedProportionAsURL" time="0.0" />
  <testcase classname="aka.jmetadata.test.JMetaDataText_Test" name="subTestGetSourceDurationFirstFrameAsLocalDateTime" time="0.0" />
  <testcase classname="aka.jmetadata.test.JMetaDataText_Test" name="subTestGetDurationFirstFrameString1AsLocalTime" time="0.0" />
  <testcase classname="aka.jmetadata.test.JMetaDataText_Test" name="subTestGetSourceStreamSizeEncodedString4AsBoolean" time="0.0" />
  <testcase classname="aka.jmetadata.test.JMetaDataText_Test" name="subTestGetDurationString4AsLocalTime" time="0.0" />
  <testcase classname="aka.jmetadata.test.JMetaDataText_Test" name="subTestGetFrameRateAsURL" time="0.0" />
  <testcase classname="aka.jmetadata.test.JMetaDataText_Test" name="subTestGetMenuIDAsLocalDateTime" time="0.0" />
  <testcase classname="aka.jmetadata.test.JMetaDataText_Test" name="subTestGetSourceDurationString3AsURL" time="0.0" />
  <testcase classname="aka.jmetadata.test.JMetaDataText_Test" name="subTestGetSourceDurationString3AsString" time="0.0" />
  <testcase classname="aka.jmetadata.test.JMetaDataText_Test" name="subTestGetSourceStreamSizeEncodedStringAsInteger" time="0.001" />
  <testcase classname="aka.jmetadata.test.JMetaDataText_Test" name="subTestGetCodecIDInfoAsLocalTime" time="0.0" />
  <testcase classname="aka.jmetadata.test.JMetaDataText_Test" name="subTestGetStreamSizeEncodedProportionAsBigInteger" time="0.0" />
  <testcase classname="aka.jmetadata.test.JMetaDataText_Test" name="subTestGetDelaySettingsAsString" time="0.0" />
  <testcase classname="aka.jmetadata.test.JMetaDataText_Test" name="subTestGetStreamSizeString3AsURL" time="0.001" />
  <testcase classname="aka.jmetadata.test.JMetaDataText_Test" name="subTestGetCompressionModeAsLong" time="0.001" />
  <testcase classname="aka.jmetadata.test.JMetaDataText_Test" name="subTestGetDurationStringAsInteger" time="0.0" />
  <testcase classname="aka.jmetadata.test.JMetaDataText_Test" name="subTestGetFormatSettingsAsBoolean" time="0.0" />
  <testcase classname="aka.jmetadata.test.JMetaDataText_Test" name="subTestGetSourceStreamSizeEncodedProportionAsBigInteger" time="0.0" />
  <testcase classname="aka.jmetadata.test.JMetaDataText_Test" name="subTestGetColorSpaceAsLong" time="0.0" />
  <testcase classname="aka.jmetadata.test.JMetaDataText_Test" name="subTestGetStreamSizeDemuxedString5AsLocalDateTime" time="0.0" />
  <testcase classname="aka.jmetadata.test.JMetaDataText_Test" name="subTestGetSourceDurationString4AsURL" time="0.001" />
  <testcase classname="aka.jmetadata.test.JMetaDataText_Test" name="subTestGetDelayString2AsLong" time="0.0" />
  <testcase classname="aka.jmetadata.test.JMetaDataText_Test" name="subTestGetStreamKindAsInteger" time="0.0" />
  <testcase classname="aka.jmetadata.test.JMetaDataText_Test" name="subTestGetDurationFirstFrameStringAsBoolean" time="0.0" />
  <testcase classname="aka.jmetadata.test.JMetaDataText_Test" name="subTestGetFrameRateDenAsURL" time="0.001" />
  <testcase classname="aka.jmetadata.test.JMetaDataText_Test" name="subTestGetEncodedApplicationAsLong" time="0.0" />
  <testcase classname="aka.jmetadata.test.JMetaDataText_Test" name="subTestGetStreamKindPosAsLocalTime" time="0.0" />
  <testcase classname="aka.jmetadata.test.JMetaDataText_Test" name="subTestGetCodecIDStringAsBigInteger" time="0.0" />
  <testcase classname="aka.jmetadata.test.JMetaDataText_Test" name="subTestGetSourceStreamSizeEncodedString2AsBigInteger" time="0.0" />
  <testcase classname="aka.jmetadata.test.JMetaDataText_Test" name="subTestGetDelayOriginalAsURL" time="0.0" />
  <testcase classname="aka.jmetadata.test.JMetaDataText_Test" name="subTestGetDurationLastFrameString5AsInteger" time="0.0" />
  <testcase classname="aka.jmetadata.test.JMetaDataText_Test" name="subTestGetStatusAsLong" time="0.0" />
  <testcase classname="aka.jmetadata.test.JMetaDataText_Test" name="subTestGetStreamSizeString4AsURL" time="0.0" />
  <testcase classname="aka.jmetadata.test.JMetaDataText_Test" name="subTestGetEncodedApplicationAsString" time="0.0" />
  <testcase classname="aka.jmetadata.test.JMetaDataText_Test" name="subTestGetDelayOriginalSettingsAsString" time="0.0" />
  <testcase classname="aka.jmetadata.test.JMetaDataText_Test" name="subTestGetTaggedDateAsString" time="0.0" />
  <testcase classname="aka.jmetadata.test.JMetaDataText_Test" name="subTestGetDelayString5AsBoolean" time="0.0" />
  <testcase classname="aka.jmetadata.test.JMetaDataText_Test" name="subTestGetMuxingModeMoreInfoAsLocalTime" time="0.0" />
  <testcase classname="aka.jmetadata.test.JMetaDataText_Test" name="subTestGetSourceDurationString5AsURL" time="0.0" />
  <testcase classname="aka.jmetadata.test.JMetaDataText_Test" name="subTestGetSourceStreamSizeProportionAsLocalDateTime" time="0.0" />
  <testcase classname="aka.jmetadata.test.JMetaDataText_Test" name="subTestGetDisabledAsLocalTime" time="0.0" />
  <testcase classname="aka.jmetadata.test.JMetaDataText_Test" name="subTestGetStreamSizeString5AsURL" time="0.0" />
[...]
  <testcase classname="aka.jmetadata.test.JMetaDataText_Test" name="subTestGetDelayOriginalStringAsLocalDateTime" time="0.0" />
  <testcase classname="aka.jmetadata.test.JMetaDataText_Test" name="subTestGetLanguageString3AsURL" time="0.001" />
  <testcase classname="aka.jmetadata.test.JMetaDataText_Test" name="subTestGetBitRateMaximumStringAsInteger" time="0.0" />
  <testcase classname="aka.jmetadata.test.JMetaDataText_Test" name="subTestGetDelayOriginalString3AsInteger" time="0.0" />
  <testcase classname="aka.jmetadata.test.JMetaDataText_Test" name="subTestGetBitRateModeAsURL" time="0.0" />
  <testcase classname="aka.jmetadata.test.JMetaDataText_Test" name="subTestGetFormatUrlAsInteger" time="0.0" />
  <testcase classname="aka.jmetadata.test.JMetaDataText_Test" name="subTestGetStreamSizeEncodedAsLocalTime" time="0.0" />
  <testcase classname="aka.jmetadata.test.JMetaDataText_Test" name="subTestGetStreamSizeString2AsInteger" time="0.0" />
  <testcase classname="aka.jmetadata.test.JMetaDataText_Test" name="subTestGetBitRateModeAsLong" time="0.0" />
  <testcase classname="aka.jmetadata.test.JMetaDataText_Test" name="subTestGetDelayString2AsString" time="0.0" />
  <testcase classname="aka.jmetadata.test.JMetaDataText_Test" name="subTestGetSourceStreamSizeProportionAsURL" time="0.0" />
  <testcase classname="aka.jmetadata.test.JMetaDataText_Test" name="subTestGetCodecIDStringAsLocalDateTime" time="0.0" />
  <testcase classname="aka.jmetadata.test.JMetaDataText_Test" name="subTestGetBitRateStringAsBigInteger" time="0.0" />
  <testcase classname="aka.jmetadata.test.JMetaDataText_Test" name="subTestGetStreamSizeDemuxedString4AsBigInteger" time="0.0" />
  <testcase classname="aka.jmetadata.test.JMetaDataText_Test" name="subTestGetLanguageString4AsURL" time="0.0" />
  <testcase classname="aka.jmetadata.test.JMetaDataText_Test" name="subTestGetBitRateMinimumAsInteger" time="0.0" />
  <testcase classname="aka.jmetadata.test.JMetaDataText_Test" name="subTestGetSourceStreamSizeProportionAsBigInteger" time="0.0" />
  <testcase classname="aka.jmetadata.test.JMetaDataText_Test" name="subTestGetSourceStreamSizeEncodedStringAsBoolean" time="0.0" />
  <testcase classname="aka.jmetadata.test.JMetaDataText_Test" name="subTestGetBitRateModeStringAsLong" time="0.0" />
  <testcase classname="aka.jmetadata.test.JMetaDataText_Test" name="subTestGetSourceStreamSizeStringAsInteger" time="0.0" />
  <testcase classname="aka.jmetadata.test.JMetaDataText_Test" name="subTestGetSourceFrameCountAsInteger" time="0.0" />
  <testcase classname="aka.jmetadata.test.JMetaDataText_Test" name="subTestGetIDStringAsLocalDateTime" time="0.001" />
  <testcase classname="aka.jmetadata.test.JMetaDataText_Test" name="subTestGetDurationStringAsBoolean" time="0.0" />
  <testcase classname="aka.jmetadata.test.JMetaDataText_Test" name="subTestGetFormatVersionAsBigInteger" time="0.0" />
  <testcase classname="aka.jmetadata.test.JMetaDataText_Test" name="subTestGetDurationString4AsInteger" time="0.001" />
  <testcase classname="aka.jmetadata.test.JMetaDataText_Test" name="subTestGetFrameRateDenAsString" time="0.0" />
  <testcase classname="aka.jmetadata.test.JMetaDataText_Test" name="subTestGetStreamKindAsBoolean" time="0.0" />
  <testcase classname="aka.jmetadata.test.JMetaDataText_Test" name="subTestGetDurationLastFrameString5AsBoolean" time="0.0" />
  <testcase classname="aka.jmetadata.test.JMetaDataText_Test" name="subTestGetFrameRateMaximumStringAsLocalTime" time="0.0" />
  <testcase classname="aka.jmetadata.test.JMetaDataText_Test" name="subTestGetSourceDurationFirstFrameString2AsLong" time="0.0" />
  <testcase classname="aka.jmetadata.test.JMetaDataText_Test" name="subTestGetFormatProfileAsString" time="0.0" />
  <testcase classname="aka.jmetadata.test.JMetaDataText_Test" name="subTestGetBitRateAsLocalTime" time="0.0" />
  <testcase classname="aka.jmetadata.test.JMetaDataText_Test" name="subTestGetEncodedApplicationAsBigInteger" time="0.0" />
  <testcase classname="aka.jmetadata.test.JMetaDataText_Test" name="subTestGetSourceStreamSizeProportionAsString" time="0.0" />
  <testcase classname="aka.jmetadata.test.JMetaDataText_Test" name="subTestGetVideoDelayAsString" time="0.0" />
  <testcase classname="aka.jmetadata.test.JMetaDataText_Test" name="subTestGetBitRateMaximumAsInteger" time="0.0" />
  <testcase classname="aka.jmetadata.test.JMetaDataText_Test" name="subTestGetSourceStreamSizeEncodedString1AsInteger" time="0.0" />
  <testcase classname="aka.jmetadata.test.JMetaDataText_Test" name="subTestGetFormatCompressionAsLocalTime" time="0.0" />
  <testcase classname="aka.jmetadata.test.JMetaDataText_Test" name="subTestGetFrameCountAsString" time="0.0" />
  <testcase classname="aka.jmetadata.test.JMetaDataText_Test" name="subTestGetBitDepthAsString" time="0.0" />
  <testcase classname="aka.jmetadata.test.JMetaDataText_Test" name="subTestGetSourceStreamSizeEncodedString5AsLong" time="0.0" />
  <testcase classname="aka.jmetadata.test.JMetaDataText_Test" name="subTestGetSourceDurationString4AsString" time="0.0" />
  <testcase classname="aka.jmetadata.test.JMetaDataText_Test" name="subTestGetStreamSizeString5AsLocalTime" time="0.0" />
  <testcase classname="aka.jmetadata.test.JMetaDataText_Test" name="subTestGetSourceStreamSizeString5AsLocalDateTime" time="0.0" />
  <testcase classname="aka.jmetadata.test.JMetaDataText_Test" name="subTestGetSourceDurationLastFrameStringAsLong" time="0.0" />
  <testcase classname="aka.jmetadata.test.JMetaDataText_Test" name="subTestGetBitRateEncodedAsLocalTime" time="0.0" />
  <testcase classname="aka.jmetadata.test.JMetaDataText_Test" name="subTestGetWidthAsLocalDateTime" time="0.0" />
  <testcase classname="aka.jmetadata.test.JMetaDataText_Test" name="subTestGetFrameRateNominalAsBoolean" time="0.0" />
  <testcase classname="aka.jmetadata.test.JMetaDataText_Test" name="subTestGetOriginalSourceMediumIDStringAsURL" time="0.0" />
  <testcase classname="aka.jmetadata.test.JMetaDataText_Test" name="subTestGetDelayString2AsInteger" time="0.0" />
  <testcase classname="aka.jmetadata.test.JMetaDataText_Test" name="subTestGetLanguageMoreAsString" time="0.0" />
  <testcase classname="aka.jmetadata.test.JMetaDataText_Test" name="subTestGetDelayStringAsLocalTime" time="0.0" />
  <testcase classname="aka.jmetadata.test.JMetaDataText_Test" name="subTestGetBitDepthStringAsInteger" time="0.0" />
  <testcase classname="aka.jmetadata.test.JMetaDataText_Test" name="subTestGetStreamSizeDemuxedString5AsLong" time="0.001" />
  <testcase classname="aka.jmetadata.test.JMetaDataText_Test" name="subTestGetServiceKindAsBigInteger" time="0.0" />
  <testcase classname="aka.jmetadata.test.JMetaDataText_Test" name="subTestGetStreamSizeDemuxedString1AsURL" time="0.0" />
  <testcase classname="aka.jmetadata.test.JMetaDataText_Test" name="subTestGetFrameRateNumAsBigInteger" time="0.0" />
  <testcase classname="aka.jmetadata.test.JMetaDataText_Test" name="subTestGetForcedAsBoolean" time="0.0" />
  <testcase classname="aka.jmetadata.test.JMetaDataText_Test" name="subTestGetDelayStringAsBoolean" time="0.0" />
  <testcase classname="aka.jmetadata.test.JMetaDataText_Test" name="subTestGetCodecIDHintAsLong" time="0.0" />
  <testcase classname="aka.jmetadata.test.JMetaDataText_Test" name="subTestGetDurationLastFrameString3AsLocalDateTime" time="0.0" />
  <testcase classname="aka.jmetadata.test.JMetaDataText_Test" name="subTestGetFrameRateOriginalAsString" time="0.0" />
  <testcase classname="aka.jmetadata.test.JMetaDataText_Test" name="subTestGetUniqueIDStringAsBoolean" time="0.0" />
  <testcase classname="aka.jmetadata.test.JMetaDataText_Test" name="subTestGetDelayDropFrameAsInteger" time="0.001" />
  <testcase classname="aka.jmetadata.test.JMetaDataText_Test" name="subTestGetDurationFirstFrameString4AsLong" time="0.0" />
  <testcase classname="aka.jmetadata.test.JMetaDataText_Test" name="subTestGetSourceDurationLastFrameString3AsLocalDateTime" time="0.0" />
  <testcase classname="aka.jmetadata.test.JMetaDataText_Test" name="subTestGetEncodedLibraryDateAsString" time="0.0" />
  <testcase classname="aka.jmetadata.test.JMetaDataText_Test" name="subTestGetDelayOriginalString2AsInteger" time="0.0" />
  <testcase classname="aka.jmetadata.test.JMetaDataText_Test" name="subTestGetStreamSizeDemuxedString2AsURL" time="0.0" />
  <testcase classname="aka.jmetadata.test.JMetaDataText_Test" name="subTestGetDurationFirstFrameAsBigInteger" time="0.0" />
  <testcase classname="aka.jmetadata.test.JMetaDataText_Test" name="subTestGetTitleAsInteger" time="0.0" />
  <testcase classname="aka.jmetadata.test.JMetaDataText_Test" name="subTestGetSourceStreamSizeString1AsURL" time="0.0" />
  <testcase classname="aka.jmetadata.test.JMetaDataText_Test" name="subTestGetSourceDurationFirstFrameString5AsInteger" time="0.0" />
  <testcase classname="aka.jmetadata.test.JMetaDataText_Test" name="subTestGetBitRateModeAsBoolean" time="0.0" />
  <testcase classname="aka.jmetadata.test.JMetaDataText_Test" name="subTestGetStreamKindIDAsString" time="0.0" />
  <testcase classname="aka.jmetadata.test.JMetaDataText_Test" name="subTestGetDurationLastFrameStringAsInteger" time="0.0" />
  <testcase classname="aka.jmetadata.test.JMetaDataText_Test" name="subTestGetStreamSizeString1AsInteger" time="0.0" />
  <testcase classname="aka.jmetadata.test.JMetaDataText_Test" name="subTestGetSourceDurationLastFrameString2AsBigInteger" time="0.0" />
  <testcase classname="aka.jmetadata.test.JMetaDataText_Test" name="subTestGetTaggedDateAsBigInteger" time="0.0" />
  <testcase classname="aka.jmetadata.test.JMetaDataText_Test" name="subTestGetSourceStreamSizeString3AsBigInteger" time="0.001" />
  <testcase classname="aka.jmetadata.test.JMetaDataText_Test" name="subTestGetStreamSizeDemuxedString3AsURL" time="0.0" />
  <testcase classname="aka.jmetadata.test.JMetaDataText_Test" name="subTestGetFormatVersionAsLong" time="0.0" />
  <testcase classname="aka.jmetadata.test.JMetaDataText_Test" name="subTestGetSourceStreamSizeString2AsURL" time="0.0" />
  <testcase classname="aka.jmetadata.test.JMetaDataText_Test" name="subTestGetStreamSizeDemuxedString5AsString" time="0.0" />
  <testcase classname="aka.jmetadata.test.JMetaDataText_Test" name="subTestGetBitRateModeAsLocalTime" time="0.001" />
  <testcase classname="aka.jmetadata.test.JMetaDataText_Test" name="subTestGetSourceDurationString5AsBigInteger" time="0.0" />
  <testcase classname="aka.jmetadata.test.JMetaDataText_Test" name="subTestGetVideoDelayString5AsBigInteger" time="0.0" />
  <testcase classname="aka.jmetadata.test.JMetaDataText_Test" name="subTestGetColorSpaceAsBoolean" time="0.001" />
  <testcase classname="aka.jmetadata.test.JMetaDataText_Test" name="subTestGetSourceStreamSizeString4AsLong" time="0.0" />
  <testcase classname="aka.jmetadata.test.JMetaDataText_Test" name="subTestGetDurationString3AsInteger" time="0.0" />
  <testcase classname="aka.jmetadata.test.JMetaDataText_Test" name="subTestGetStreamSizeEncodedString2AsString" time="0.0" />
  <testcase classname="aka.jmetadata.test.JMetaDataText_Test" name="subTestGetFormatInfoAsBigInteger" time="0.0" />
  <testcase classname="aka.jmetadata.test.JMetaDataText_Test" name="subTestGetStreamSizeDemuxedString4AsURL" time="0.001" />
  <testcase classname="aka.jmetadata.test.JMetaDataText_Test" name="subTestGetSourceStreamSizeString3AsURL" time="0.0" />
  <testcase classname="aka.jmetadata.test.JMetaDataText_Test" name="subTestGetDurationLastFrameString4AsBoolean" time="0.0" />
  <testcase classname="aka.jmetadata.test.JMetaDataText_Test" name="subTestGetTaggedDateAsLong" time="0.0" />
  <testcase classname="aka.jmetadata.test.JMetaDataText_Test" name="subTestGetFormatCommercialAsURL" time="0.0" />
  <testcase classname="aka.jmetadata.test.JMetaDataText_Test" name="subTestGetSourceDurationLastFrameString3AsString" time="0.0" />
  <testcase classname="aka.jmetadata.test.JMetaDataText_Test" name="subTestGetSourceDurationString4AsLong" time="0.0" />
  <testcase classname="aka.jmetadata.test.JMetaDataText_Test" name="subTestGetFrameRateDenAsLong" time="0.0" />
  <testcase classname="aka.jmetadata.test.JMetaDataText_Test" name="subTestGetStreamSizeDemuxedString5AsURL" time="0.0" />
  <testcase classname="aka.jmetadata.test.JMetaDataText_Test" name="subTestGetFrameRateMaximumAsString" time="0.0" />
  <testcase classname="aka.jmetadata.test.JMetaDataText_Test" name="subTestGetSourceDurationFirstFrameString5AsLocalDateTime" time="0.0" />
  <testcase classname="aka.jmetadata.test.JMetaDataText_Test" name="subTestGetSourceStreamSizeString4AsURL" time="0.0" />
  <testcase classname="aka.jmetadata.test.JMetaDataText_Test" name="subTestGetSourceStreamSizeEncodedAsBoolean" time="0.0" />
  <testcase classname="aka.jmetadata.test.JMetaDataText_Test" name="subTestGetBitRateMaximumStringAsString" time="0.001" />
  <testcase classname="aka.jmetadata.test.JMetaDataText_Test" name="subTestGetStreamSizeEncodedString1AsLocalTime" time="0.0" />
  <testcase classname="aka.jmetadata.test.JMetaDataText_Test" name="subTestGetEncodedApplicationCompanyNameAsURL" time="0.0" />
  <testcase classname="aka.jmetadata.test.JMetaDataText_Test" name="subTestGetSourceStreamSizeProportionAsBoolean" time="0.0" />
  <testcase classname="aka.jmetadata.test.JMetaDataText_Test" name="subTestGetBitRateNominalAsURL" time="0.001" />
  <testcase classname="aka.jmetadata.test.JMetaDataText_Test" name="subTestGetEncodedLibrarySettingsAsURL" time="0.0" />
  <testcase classname="aka.jmetadata.test.JMetaDataText_Test" name="subTestGetFormatCommercialAsInteger" time="0.0" />
  <testcase classname="aka.jmetadata.test.JMetaDataText_Test" name="subTestGetFirstPacketOrderAsLong" time="0.001" />
  <testcase classname="aka.jmetadata.test.JMetaDataText_Test" name="subTestGetSourceStreamSizeString5AsURL" time="0.0" />
  <testcase classname="aka.jmetadata.test.JMetaDataText_Test" name="subTestGetDelayString5AsLong" time="0.0" />
  <testcase classname="aka.jmetadata.test.JMetaDataText_Test" name="subTestGetStreamSizeDemuxedString3AsBigInteger" time="0.0" />
  <testcase classname="aka.jmetadata.test.JMetaDataText_Test" name="subTestGetStreamSizeDemuxedAsLocalDateTime" time="0.0" />
  <testcase classname="aka.jmetadata.test.JMetaDataText_Test" name="subTestGetBitRateMinimumAsBigInteger" time="0.0" />
  <testcase classname="aka.jmetadata.test.JMetaDataText_Test" name="subTestGetEncodedApplicationStringAsLocalDateTime" time="0.0" />
  <testcase classname="aka.jmetadata.test.JMetaDataText_Test" name="subTestGetLanguageMoreAsInteger" time="0.0" />
  <testcase classname="aka.jmetadata.test.JMetaDataText_Test" name="subTestGetDisabledStringAsInteger" time="0.0" />
  <testcase classname="aka.jmetadata.test.JMetaDataText_Test" name="subTestGetFrameCountAsLong" time="0.0" />
  <testcase classname="aka.jmetadata.test.JMetaDataText_Test" name="subTestGetFormatAsLocalDateTime" time="0.0" />
  <testcase classname="aka.jmetadata.test.JMetaDataText_Test" name="subTestGetOriginalSourceMediumIDStringAsLong" time="0.0" />
  <testcase classname="aka.jmetadata.test.JMetaDataText_Test" name="subTestGetBitRateMinimumStringAsBigInteger" time="0.0" />
  <testcase classname="aka.jmetadata.test.JMetaDataText_Test" name="subTestGetFrameRateMaximumStringAsString" time="0.0" />
  <testcase classname="aka.jmetadata.test.JMetaDataText_Test" name="subTestGetStreamKindAsURL" time="0.0" />
  <testcase classname="aka.jmetadata.test.JMetaDataText_Test" name="subTestGetBitRateEncodedStringAsString" time="0.001" />
  <testcase classname="aka.jmetadata.test.JMetaDataText_Test" name="subTestGetFrameRateMinimumStringAsLocalTime" time="0.0" />
  <testcase classname="aka.jmetadata.test.JMetaDataText_Test" name="subTestGetCompressionModeAsInteger" time="0.0" />
  <testcase classname="aka.jmetadata.test.JMetaDataText_Test" name="subTestGetStreamKindAsString" time="0.001" />
  <testcase classname="aka.jmetadata.test.JMetaDataText_Test" name="subTestGetDurationFirstFrameString4AsLocalDateTime" time="0.0" />
  <testcase classname="aka.jmetadata.test.JMetaDataText_Test" name="subTestGetDelayString1AsInteger" time="0.0" />
  <testcase classname="aka.jmetadata.test.JMetaDataText_Test" name="subTestGetEncodedApplicationAsInteger" time="0.0" />
  <testcase classname="aka.jmetadata.test.JMetaDataText_Test" name="subTestGetBitRateMaximumAsBigInteger" time="0.0" />
  <testcase classname="aka.jmetadata.test.JMetaDataText_Test" name="subTestGetInformAsLong" time="0.0" />
  <testcase classname="aka.jmetadata.test.JMetaDataText_Test" name="subTestGetFormatInfoAsBoolean" time="0.0" />
  <testcase classname="aka.jmetadata.test.JMetaDataText_Test" name="subTestGetStreamKindStringAsLocalDateTime" time="0.0" />
  <testcase classname="aka.jmetadata.test.JMetaDataText_Test" name="subTestGetBitRateModeStringAsLocalTime" time="0.0" />
  <testcase classname="aka.jmetadata.test.JMetaDataText_Test" name="subTestGetSourceDurationFirstFrameStringAsURL" time="0.0" />
  <testcase classname="aka.jmetadata.test.JMetaDataText_Test" name="subTestGetDurationStringAsLocalTime" time="0.0" />
  <testcase classname="aka.jmetadata.test.JMetaDataText_Test" name="subTestGetDurationLastFrameString5AsLong" time="0.001" />
  <testcase classname="aka.jmetadata.test.JMetaDataText_Test" name="subTestGetSourceDurationFirstFrameAsBigInteger" time="0.0" />
  <testcase classname="aka.jmetadata.test.JMetaDataText_Test" name="subTestGetDelayOriginalString1AsInteger" time="0.0" />
  <testcase classname="aka.jmetadata.test.JMetaDataText_Test" name="subTestGetDelayOriginalString5AsLong" time="0.0" />
  <testcase classname="aka.jmetadata.test.JMetaDataText_Test" name="subTestGetEncodedDateAsBigInteger" time="0.0" />
  <testcase classname="aka.jmetadata.test.JMetaDataText_Test" name="subTestGetSourceDurationFirstFrameString4AsInteger" time="0.0" />
  <testcase classname="aka.jmetadata.test.JMetaDataText_Test" name="subTestGetDurationLastFrameString5AsBigInteger" time="0.0" />
  <testcase classname="aka.jmetadata.test.JMetaDataText_Test" name="subTestGetIDStringAsBoolean" time="0.0" />
  <testcase classname="aka.jmetadata.test.JMetaDataText_Test" name="subTestGetVideoDelayAsLocalTime" time="0.0" />
  <testcase classname="aka.jmetadata.test.JMetaDataText_Test" name="subTestGetStreamSizeEncodedProportionAsInteger" time="0.0" />
  <testcase classname="aka.jmetadata.test.JMetaDataText_Test" name="subTestGetVideoDelayAsLong" time="0.0" />
  <testcase classname="aka.jmetadata.test.JMetaDataText_Test" name="subTestGetStreamSizeProportionAsBigInteger" time="0.0" />
  <testcase classname="aka.jmetadata.test.JMetaDataText_Test" name="subTestGetStreamSizeEncodedStringAsBoolean" time="0.0" />
  <testcase classname="aka.jmetadata.test.JMetaDataText_Test" name="subTestGetOriginalSourceMediumIDStringAsString" time="0.001" />
  <testcase classname="aka.jmetadata.test.JMetaDataText_Test" name="subTestGetVideoDelayAsBoolean" time="0.0" />
  <testcase classname="aka.jmetadata.test.JMetaDataText_Test" name="subTestGetFrameRateMaximumAsLong" time="0.0" />
  <testcase classname="aka.jmetadata.test.JMetaDataText_Test" name="subTestGetStreamSizeEncodedString2AsLocalTime" time="0.0" />
  <testcase classname="aka.jmetadata.test.JMetaDataText_Test" name="subTestGetTitleAsLocalTime" time="0.0" />
  <testcase classname="aka.jmetadata.test.JMetaDataText_Test" name="subTestGetFrameRateModeStringAsLocalTime" time="0.001" />
  <testcase classname="aka.jmetadata.test.JMetaDataText_Test" name="subTestGetDelayOriginalSettingsAsInteger" time="0.0" />
  <testcase classname="aka.jmetadata.test.JMetaDataText_Test" name="subTestGetStreamSizeDemuxedString5AsBoolean" time="0.0" />
  <system-out><![CDATA[]]></system-out>
  <system-err><![CDATA[]]></system-err>
</testsuite>
